🍬🍬🍬🍬🍬🍬 CANDY 11 🍬🍬🍬🍬🍬🍬

 CandyRoms Changelog for hotdogb

🍬🍬🍬🍬🍬🍬🍬🍬🍬🍬🍬🍬🍬🍬🍬🍬🍬

🍬 28-Sep-2021 🍬

* frameworks/base
7679ffb FODCircleView: Fix FOD icon updating when changed [NoSpamDan]

🍬 27-Sep-2021 🍬

* kernel/oneplus/sm8150
f754d18 Merge branch 'gulch_r' into eleven [John Galt]
b273e59 BACKPORT: ANDROID: sched: Make uclamp changes depend on CAP_SYS_NICE [Quentin Perret]
98e7622 BACKPORT: FROMGIT: sched: Skip priority checks with SCHED_FLAG_KEEP_PARAMS [Quentin Perret]
ce9af91 BACKPORT: FROMGIT: sched: Don't report SCHED_FLAG_SUGOV in sched_getattr() [Quentin Perret]
3de8ff4 BACKPORT: FROMGIT: sched: Fix UCLAMP_FLAG_IDLE setting [Quentin Perret]
1926298 power: process: Use lesser time to enter sleep [Panchajanya1999]
442a336 thermal: Revert "drivers: thermal: step_wise: Handle the temperature stable trend" [Panchajanya1999]
2125002 thermal: Revert "drivers: thermal: step_wise: Optimize mitigation evaluation" [Panchajanya1999]
2103b00 thermal: Revert "drivers: thermal: step_wise: Clear mitigation on reaching clear threshold" [Panchajanya1999]
b470b05 thermal: Revert "drivers: thermal: Return zero on success for qmi_tmd_send_state_request" [Panchajanya1999]
e208897 msm: thermal: simple: optimize battery temperature accounting [Yaroslav Furman]
09395a9 Makefile/ThinLTO: move instr limit to 30 [John Galt]
c18739c gulch_defconfig: small tweaks [John Galt]
c3ca20e sm8150-v2.dtsi: minor thermal tweak [John Galt]
3d128a9 Revert "thermal: qcom: bcl: Return before thermal trip evaluates" [John Galt]
9e1e639 Merge tag 'v4.14.248' of git://git.kernel.org/pub/scm/linux/kernel/git/stable/linux into gulch_r [John Galt]

🍬 26-Sep-2021 🍬

* kernel/oneplus/sm8150
f11944f Linux 4.14.248 [Greg Kroah-Hartman]
dc39eba drm/nouveau/nvkm: Replace -ENOSYS with -ENODEV [Guenter Roeck]
0ff47eb blk-throttle: fix UAF by deleteing timer in blk_throtl_exit() [Li Jinlin]
b75f210 pwm: rockchip: Don't modify HW state in .remove() callback [Uwe Kleine-König]
f6686b7 nilfs2: fix memory leak in nilfs_sysfs_delete_snapshot_group [Nanyong Sun]
c97b3f5 nilfs2: fix memory leak in nilfs_sysfs_create_snapshot_group [Nanyong Sun]
ba2a1f0 nilfs2: fix memory leak in nilfs_sysfs_delete_##name##_group [Nanyong Sun]
796cfc1 nilfs2: fix memory leak in nilfs_sysfs_create_##name##_group [Nanyong Sun]
b5b374ef nilfs2: fix NULL pointer in nilfs_##name##_attr_release [Nanyong Sun]
f6c813c nilfs2: fix memory leak in nilfs_sysfs_create_device_group [Nanyong Sun]
8dcd580 ceph: lockdep annotations for try_nonblocking_invalidate [Jeff Layton]
403e261 dmaengine: xilinx_dma: Set DMA mask for coherent APIs [Radhey Shyam Pandey]
743ab7b dmaengine: ioat: depends on !UML [Johannes Berg]
51723ba parisc: Move pci_dev_is_behind_card_dino to where it is used [Guenter Roeck]
5e0854d Kconfig.debug: drop selecting non-existing HARDLOCKUP_DETECTOR_ARCH [Lukas Bulwahn]
bb4de81 pwm: lpc32xx: Don't modify HW state in .probe() after the PWM chip was registered [Uwe Kleine-König]
360f114 profiling: fix shift-out-of-bounds bugs [Pavel Skripkin]
5f83a3a prctl: allow to setup brk for et_dyn executables [Cyrill Gorcunov]
4ce897d 9p/trans_virtio: Remove sysfs file on probe failure [Xie Yongji]
c9a5312 thermal/drivers/exynos: Fix an error code in exynos_tmu_probe() [Dan Carpenter]
f95cf34 dmaengine: acpi: Avoid comparison GSI with Linux vIRQ [Andy Shevchenko]
6c4a560 sctp: add param size validation for SCTP_PARAM_SET_PRIMARY [Marcelo Ricardo Leitner]
e58e351 sctp: validate chunk size in __rcv_asconf_lookup [Marcelo Ricardo Leitner]
c143f6d crypto: talitos - fix max key size for sha384 and sha512 [Christophe Leroy]
ea83438 apparmor: remove duplicate macro list_entry_is_head() [Andy Shevchenko]
ef349a6 rcu: Fix missed wakeup of exp_wq waiters [Neeraj Upadhyay]
daf48f6 s390/bpf: Fix optimizing out zero-extensions [Ilya Leoshkevich]

🍬 25-Sep-2021 🍬

🍬 24-Sep-2021 🍬

🍬 23-Sep-2021 🍬

🍬 22-Sep-2021 🍬

* kernel/oneplus/sm8150
55bb1aa Merge branch 'gulch_r' into eleven [John Galt]
acf3088 cpuset: Force nice=10 for background tasks [LibXZR]
a40bfad Merge tag 'v4.14.247' of git://git.kernel.org/pub/scm/linux/kernel/git/stable/linux into gulch_r [John Galt]
b24bbfb Revert "kernel: alarmtimer: Relax wakelock" [John Galt]
8ea4f73 Linux 4.14.247 [Greg Kroah-Hartman]
4da40ae s390/bpf: Fix 64-bit subtraction of the -0x80000000 constant [Ilya Leoshkevich]
a5a5d37 net: renesas: sh_eth: Fix freeing wrong tx descriptor [Yoshihiro Shimoda]
31325cd qlcnic: Remove redundant unlock in qlcnic_pinit_from_rom [Dinghao Liu]
8291de6 netfilter: socket: icmp6: fix use-after-scope [Benjamin Hesmans]
cca6b5d net: dsa: b53: Fix calculating number of switch ports [Rafał Miłecki]
2dcd759 ARC: export clear_user_page() for modules [Randy Dunlap]
b583b4c mtd: rawnand: cafe: Fix a resource leak in the error handling path of 'cafe_nand_probe()' [Christophe JAILLET]
081a306 PCI: Sync __pci_register_driver() stub for CONFIG_PCI=n [Andy Shevchenko]
1ca9653 ethtool: Fix an error code in cxgb2.c [Yang Li]
7fe8b9b net: usb: cdc_mbim: avoid altsetting toggling for Telit LN920 [Daniele Palmas]
cc77889 PCI: Add ACS quirks for Cavium multi-function devices [George Cherian]
9def0fe mfd: Don't use irq_create_mapping() to resolve a mapping [Marc Zyngier]
98f5661 dt-bindings: mtd: gpmc: Fix the ECC bytes vs. OOB bytes equation [Miquel Raynal]
699bbc8 mm/memory_hotplug: use "unsigned long" for PFN in zone_for_pfn_range() [David Hildenbrand]
5f842ee tcp: fix tp->undo_retrans accounting in tcp_sacktag_one() [zhenggy]
27fa88e net/af_unix: fix a data-race in unix_dgram_poll [Eric Dumazet]
a2d0956 events: Reuse value read using READ_ONCE instead of re-reading it [Baptiste Lepers]
adc7f7c tipc: increase timeout in tipc_sk_enqueue() [Hoang Le]
7674575 r6040: Restore MDIO clock frequency after MAC reset [Florian Fainelli]
7e13a70 net/l2tp: Fix reference count leak in l2tp_udp_recv_core [Xiyu Yang]
a1bb3c0 dccp: don't duplicate ccid when cloning dccp sock [Lin, Zhenpeng]
3d3aed0 ptp: dp83640: don't define PAGE0 [Randy Dunlap]
caef9dc net-caif: avoid user-triggerable WARN_ON(1) [Eric Dumazet]
d6aad7c x86/mm: Fix kern_addr_valid() to cope with existing but not present entries [Mike Rapoport]
da370de PM: base: power: don't try to use non-existing RTC for storing data [Juergen Gross]
8d78774 bnx2x: Fix enabling network interfaces without VFs [Adrian Bunk]
d53734b xen: reset legacy rtc flag for PV domU [Juergen Gross]
369abdf platform/chrome: cros_ec_proto: Send command again when timeout occurs [Patryk Duda]
3847466 memcg: enable accounting for pids in nested pid namespaces [Vasily Averin]
4fef278 mm/hugetlb: initialize hugetlb_usage in mm_init [Liu Zixian]
5937a88 cpufreq: powernv: Fix init_chip_info initialization in numa=off [Pratik R. Sampat]
5f09bd6 scsi: qla2xxx: Sync queue idx with queue_pair_map idx [Saurav Kashyap]
a0a7963 scsi: BusLogic: Fix missing pr_cont() use [Maciej W. Rozycki]
e9d4482 parisc: fix crash with signals and alloca [Mikulas Patocka]
9bb8c4e net: w5100: check return value after calling platform_get_resource() [Yang Yingliang]
a98d38f net: fix NULL pointer reference in cipso_v4_doi_free [王贇]
cd5392c ath9k: fix sleeping in atomic context [Miaoqing Pan]
4bef932 ath9k: fix OOB read ar9300_eeprom_restore_internal [Zekun Shen]
bdbddd9 parport: remove non-zero check on count [Colin Ian King]
663209f ASoC: rockchip: i2s: Fixup config for DAIFMT_DSP_A/B [Xiaotan Luo]
713d242 ASoC: rockchip: i2s: Fix regmap_ops hang [Sugar Zhang]
807754e usbip:vhci_hcd USB port can get stuck in the disabled state [Shuah Khan]
4bf854a usbip: give back URBs for unsent unlink requests during cleanup [Anirudh Rayabharam]
5269937 usb: musb: musb_dsps: request_irq() after initializing musb [Nadezda Lutovinova]
b48af86 Revert "USB: xhci: fix U1/U2 handling for hardware with XHCI_INTEL_HOST quirk set" [Mathias Nyman]
ab8177e cifs: fix wrong release in sess_alloc_buffer() failed path [Ding Hui]
c21916f selftests/bpf: Enlarge select() timeout for test_maps [Li Zhijian]
6a3e926 mmc: rtsx_pci: Fix long reads when clock is prescaled [Thomas Hebb]
e3fae59 mmc: sdhci-of-arasan: Check return value of non-void funtions [Manish Narani]
3554b46 gfs2: Don't call dlm after protocol is unmounted [Bob Peterson]
6131c09 staging: rts5208: Fix get_ms_information() heap buffer size [Kees Cook]
c090eb6 rpc: fix gss_svc_init cleanup on failure [J. Bruce Fields]
b968a97 ARM: tegra: tamonten: Fix UART pad setting [Andreas Obergschwandtner]
d8f410f gpu: drm: amd: amdgpu: amdgpu_i2c: fix possible uninitialized-variable access in amdgpu_i2c_router_select_ddc_port() [Tuo Li]
13d436f Bluetooth: avoid circular locks in sco_sock_connect [Desmond Cheong Zhi Xi]
317b71a net: ethernet: stmmac: Do not use unreachable() in ipq806x_gmac_probe() [Nathan Chancellor]
8008dd3 arm64: dts: qcom: sdm660: use reg value for memory node [Vinod Koul]
96be1f2 media: v4l2-dv-timings.c: fix wrong condition in two for-loops [Hans Verkuil]
8eaa640 ASoC: Intel: bytcr_rt5640: Move "Platform Clock" routes to the maps for the matching in-/output [Hans de Goede]
6f62a07 Bluetooth: skip invalid hci_sync_conn_complete_evt [Desmond Cheong Zhi Xi]
c6add59 ata: sata_dwc_460ex: No need to call phy_exit() befre phy_init() [Andy Shevchenko]
1652dcf staging: ks7010: Fix the initialization of the 'sleep_status' structure [Christophe JAILLET]
bbedcf8 serial: 8250_pci: make setup_port() parameters explicitly unsigned [Greg Kroah-Hartman]
b50f730 hvsi: don't panic on tty_register_driver failure [Jiri Slaby]
867c942 xtensa: ISS: don't panic in rs_init [Jiri Slaby]
ec681da serial: 8250: Define RX trigger levels for OxSemi 950 devices [Maciej W. Rozycki]
87117f1 s390/jump_label: print real address in a case of a jump label bug [Heiko Carstens]
9138a1d flow_dissector: Fix out-of-bounds warnings [Gustavo A. R. Silva]
09c96d2 ipv4: ip_output.c: Fix out-of-bounds warning in ip_copy_addrs() [Gustavo A. R. Silva]
1c7314c video: fbdev: riva: Error out if 'pixclock' equals zero [Zheyu Ma]
c83560e video: fbdev: kyro: Error out if 'pixclock' equals zero [Zheyu Ma]
9195b76 video: fbdev: asiliantfb: Error out if 'pixclock' equals zero [Zheyu Ma]
bbfbaf0 bpf/tests: Do not PASS tests without actually testing the result [Johan Almbladh]
6112a0b bpf/tests: Fix copy-and-paste error in double word test [Johan Almbladh]
813f303 tty: serial: jsm: hold port lock when reporting modem line changes [Zheyu Ma]
2525484 staging: board: Fix uninitialized spinlock when attaching genpd [Geert Uytterhoeven]
c4ae95a8 usb: gadget: composite: Allow bMaxPower=0 if self-powered [Jack Pham]
e91391f6 usb: gadget: u_ether: fix a potential null pointer dereference [Maciej Żenczykowski]
baeb337 usb: host: fotg210: fix the actual_length of an iso packet [Kelly Devilliv]
ae32ff0 usb: host: fotg210: fix the endpoint's transactional opportunities calculation [Kelly Devilliv]
2e6c5173 Smack: Fix wrong semantics in smk_access_entry() [Tianjia Zhang]
fd3e480 netlink: Deal with ESRCH error in nlmsg_notify() [Yajun Deng]
aef85de video: fbdev: kyro: fix a DoS bug by restricting user input [Zheyu Ma]
a0246d5 ARM: dts: qcom: apq8064: correct clock names [David Heidelberg]
897f816 iio: dac: ad5624r: Fix incorrect handling of an optional regulator. [Jonathan Cameron]
f674ada PCI: Use pci_update_current_state() in pci_enable_device_flags() [Rafael J. Wysocki]
74107f2 crypto: mxs-dcp - Use sg_mapping_iter to copy data [Sean Anderson]
9be44ce media: dib8000: rewrite the init prbs logic [Mauro Carvalho Chehab]
a97f256 MIPS: Malta: fix alignment of the devicetree buffer [Oleksij Rempel]
3a5ecda scsi: qedi: Fix error codes in qedi_alloc_global_queues() [Dan Carpenter]
98f797f pinctrl: single: Fix error return code in pcs_parse_bits_in_pinctrl_entry() [Zhen Lei]
291f30d openrisc: don't printk() unconditionally [Randy Dunlap]
53b7d34 vfio: Use config not menuconfig for VFIO_NOIOMMU [Jason Gunthorpe]
4ca5a29 pinctrl: samsung: Fix pinctrl bank pin count [Jaehyoung Choi]
b88a7ba docs: Fix infiniband uverbs minor number [Leon Romanovsky]
de21865 RDMA/iwcm: Release resources if iw_cm module initialization fails [Leon Romanovsky]
e3cf7e0 HID: input: do not report stylus battery state as "full" [Dmitry Torokhov]
2a098b7 PCI: aardvark: Fix masking and unmasking legacy INTx interrupts [Pali Rohár]
5c6959a PCI: aardvark: Increase polling delay to 1.5s while waiting for PIO response [Pali Rohár]
733fac7 PCI: xilinx-nwl: Enable the clock through CCF [Hyun Kwon]
35f3da7 PCI: Return ~0 data on pciconfig_read() CAP_SYS_ADMIN failure [Krzysztof Wilczyński]
522e558 PCI: Restrict ASMedia ASM1062 SATA Max Payload Size Supported [Marek Behún]
df7f409 ARM: 9105/1: atags_to_fdt: don't warn about stack size [David Heidelberg]
8752572 libata: add ATA_HORKAGE_NO_NCQ_TRIM for Samsung 860 and 870 SSDs [Hans de Goede]
e076b6a media: rc-loopback: return number of emitters rather than error [Sean Young]
9b6fee1 media: uvc: don't do DMA on stack [Mauro Carvalho Chehab]
523e8ce VMCI: fix NULL pointer dereference when unmapping queue pair [Wang Hai]
7b07a25 dm crypt: Avoid percpu_counter spinlock contention in crypt_page_alloc() [Arne Welzel]
e1dbfb2 power: supply: max17042: handle fails of reading status register [Krzysztof Kozlowski]
3a45d65 block: bfq: fix bfq_set_next_ioprio_data() [Damien Le Moal]
5ea8f96 crypto: public_key: fix overflow during implicit conversion [zhenwei pi]
b1b55e4 soc: aspeed: lpc-ctrl: Fix boundary check for mmap [Iwona Winiarska]
47f2ff1 9p/xen: Fix end of loop tests for list_for_each_entry [Harshvardhan Jha]
70379b2 include/linux/list.h: add a macro to test if entry is pointing to the head [Andy Shevchenko]
9ac3cf9 xen: fix setting of max_pfn in shared_info [Juergen Gross]
7482cd6 powerpc/perf/hv-gpci: Fix counter value parsing [Kajol Jain]
b050a08 PCI/MSI: Skip masking MSI-X on Xen PV [Marek Marczykowski-Górecki]
7d4a47f blk-zoned: allow BLKREPORTZONE without CAP_SYS_ADMIN [Niklas Cassel]
1373db0 blk-zoned: allow zone management send operations without CAP_SYS_ADMIN [Niklas Cassel]
fe6cdaa rtc: tps65910: Correct driver module alias [Dmitry Osipenko]
0a3be6a fbmem: don't allow too huge resolutions [Tetsuo Handa]
3ec3642 clk: kirkwood: Fix a clocking boot regression [Linus Walleij]
6b8de56 backlight: pwm_bl: Improve bootloader/kernel device handover [Daniel Thompson]
a9c5853 IMA: remove -Wmissing-prototypes warning [Austin Kim]
fd232bd KVM: x86: Update vCPU's hv_clock before back to guest when tsc_offset is adjusted [Zelin Deng]
0a56bfb x86/resctrl: Fix a maybe-uninitialized build warning treated as error [Babu Moger]
8c3d001 tty: Fix data race between tiocsti() and flush_to_ldisc() [Nguyen Dinh Phi]
73b1006 netns: protect netns ID lookups with RCU [Guillaume Nault]
38e5963 net: qualcomm: fix QCA7000 checksum handling [Stefan Wahren]
76e2665 net: sched: Fix qdisc_rate_table refcount leak when get tcf_block failed [Xiyu Yang]
f484595 ipv4: make exception cache less predictible [Eric Dumazet]
52fe2b5 bcma: Fix memory leak for internally-handled cores [Zenghui Yu]
71d2372 ath6kl: wmi: fix an error code in ath6kl_wmi_sync_point() [Dan Carpenter]
729ed00 tty: serial: fsl_lpuart: fix the wrong mapbase value [Andy Duan]
d29fce1 usb: bdc: Fix an error handling path in 'bdc_probe()' when no suitable DMA config is available [Christophe JAILLET]
bc98d0b usb: ehci-orion: Handle errors of clk_prepare_enable() in probe [Evgeny Novikov]
7f8acae i2c: mt65xx: fix IRQ check [Sergey Shtylyov]
2096754 CIFS: Fix a potencially linear read overflow [Len Baker]
7cd5a98 mmc: moxart: Fix issue with uninitialized dma_slave_config [Tony Lindgren]
16e9dce mmc: dw_mmc: Fix issue with uninitialized dma_slave_config [Tony Lindgren]
5ee410e i2c: s3c2410: fix IRQ check [Sergey Shtylyov]
9a94fb6 i2c: iop3xx: fix deferred probing [Sergey Shtylyov]
61e0a3b Bluetooth: add timeout sanity check to hci_inquiry [Pavel Skripkin]
a3db115 usb: gadget: mv_u3d: request_irq() after initializing UDC [Nadezda Lutovinova]
b32f956 mac80211: Fix insufficient headroom issue for AMSDU [Chih-Kang Chang]
3f06415 usb: phy: tahvo: add IRQ check [Sergey Shtylyov]
6b62a3b usb: host: ohci-tmio: add IRQ check [Sergey Shtylyov]
d4bf4ec Bluetooth: Move shutdown callback before flushing tx and rx queue [Kai-Heng Feng]
bc9d561 usb: phy: twl6030: add IRQ checks [Sergey Shtylyov]
6bc56c4 usb: phy: fsl-usb: add IRQ check [Sergey Shtylyov]
1be1154 usb: gadget: udc: at91: add IRQ check [Sergey Shtylyov]
38d0531 drm/msm/dsi: Fix some reference counted resource leaks [Christophe JAILLET]
0115a66 Bluetooth: fix repeated calls to sco_sock_kill [Desmond Cheong Zhi Xi]
f0a7686 arm64: dts: exynos: correct GIC CPU interfaces address range on Exynos7 [Krzysztof Kozlowski]
e4a0775 Bluetooth: increase BTNAMSIZ to 21 chars to fix potential buffer overflow [Colin Ian King]
fad24de soc: qcom: smsm: Fix missed interrupts if state changes while masked [Stephan Gerhold]
b051c31 PCI: PM: Enable PME if it can be signaled from D3cold [Rafael J. Wysocki]
edff89f PCI: PM: Avoid forcing PCI_D0 for wakeup reasons inconsistently [Rafael J. Wysocki]
f4ac868 media: em28xx-input: fix refcount bug in em28xx_usb_disconnect [Dongliang Mu]
95a30af i2c: highlander: add IRQ check [Sergey Shtylyov]
5bb7c73 net: cipso: fix warnings in netlbl_cipsov4_add_std [Pavel Skripkin]
5cb7fa3 tcp: seq_file: Avoid skipping sk during tcp_seek_last_pos [Martin KaFai Lau]
6256c6bb Bluetooth: sco: prevent information leak in sco_conn_defer_accept() [Dan Carpenter]
fea1219 media: go7007: remove redundant initialization [Pavel Skripkin]
bd2c659 media: dvb-usb: fix uninit-value in vp702x_read_mac_addr [Dongliang Mu]
68573e0 media: dvb-usb: fix uninit-value in dvb_usb_adapter_dvb_init [Dongliang Mu]
7441a76 soc: rockchip: ROCKCHIP_GRF should not default to y, unconditionally [Geert Uytterhoeven]
2265955 certs: Trigger creation of RSA module signing key if it's not an RSA key [Stefan Berger]
214508a crypto: qat - use proper type for vf_mask [Giovanni Cabiddu]
2b092e0 clocksource/drivers/sh_cmt: Fix wrong setting if don't request IRQ for clock source channel [Phong Hoang]
b776bab spi: spi-pic32: Fix issue with uninitialized dma_slave_config [Tony Lindgren]
9f02ff1 spi: spi-fsl-dspi: Fix issue with uninitialized dma_slave_config [Tony Lindgren]
06cb2d6 m68k: emu: Fix invalid free in nfeth_cleanup() [Pavel Skripkin]
97ab90b udf_get_extendedattr() had no boundary checks. [Stian Skjelstad]
e57af4f crypto: qat - do not export adf_iov_putmsg() [Giovanni Cabiddu]
5996ca3 crypto: qat - fix naming for init/shutdown VF to PF notifications [Marco Chiappero]
7498b0a crypto: qat - fix reuse of completion variable [Marco Chiappero]
4bfb81a crypto: qat - handle both source of interrupt in VF ISR [Giovanni Cabiddu]
bd5605f crypto: qat - do not ignore errors from enable_vf2pf_comms() [Giovanni Cabiddu]
eabc00e libata: fix ata_host_start() [Damien Le Moal]
93a562a s390/cio: add dev_busid sysfs entry for each subchannel [Vineeth Vijayan]
052d36b power: supply: max17042_battery: fix typo in MAx17042_TOFF [Sebastian Krzyszkowiak]
8ee21cd nvme-rdma: don't update queue count when failing to set io queues [Ruozhu Li]
2870630 isofs: joliet: Fix iocharset=utf8 mount option [Pali Rohár]
36dba47 udf: Check LVID earlier [Jan Kara]
4c1ad16 crypto: omap-sham - clear dma flags only after omap_sham_update_dma_stop() [Tony Lindgren]
f506d9f power: supply: axp288_fuel_gauge: Report register-address on readb / writeb errors [Hans de Goede]
0eaef25 crypto: mxs-dcp - Check for DMA mapping errors [Sean Anderson]
46eca0e regmap: fix the offset of register error log [Jeongtae Park]
41309fe PCI: Call Max Payload Size-related fixup quirks early [Marek Behún]
06fc61d x86/reboot: Limit Dell Optiplex 990 quirk to early BIOS versions [Paul Gortmaker]
be587a5 usb: host: xhci-rcar: Don't reload firmware after the completion [Yoshihiro Shimoda]
79420f3 Revert "btrfs: compression: don't try to compress if we don't have enough pages" [Qu Wenruo]
f087be0 mm/page_alloc: speed up the iteration of max_order [Muchun Song]
083c072 net: ll_temac: Remove left-over debug message [Esben Haabendal]
e3168ef powerpc/boot: Delete unneeded .globl _zimage_start [Fangrui Song]
8b5262d powerpc/module64: Fix comment in R_PPC64_ENTRY handling [Michael Ellerman]
40445ae crypto: talitos - reduce max key size for SEC1 [Christophe Leroy]
66feb16 mm/kmemleak.c: make cond_resched() rate-limiting more efficient [Andrew Morton]
c06a786 s390/disassembler: correct disassembly lines alignment [Vasily Gorbik]
170a838 ipv4/icmp: l3mdev: Perform icmp error route lookup on source device routing table (v2) [Mathieu Desnoyers]
916720f ath10k: fix recent bandwidth conversion bug [Christian Lamparter]
2a18f94 f2fs: fix potential overflow [Chao Yu]
fd2c764 USB: serial: mos7720: improve OOM-handling in read_mos_reg() [Tom Rix]
7896774 igmp: Add ip_mc_list lock in ip_check_mc_rcu [Liu Jian]
4b8488c media: stkwebcam: fix memory leak in stk_camera_probe [Pavel Skripkin]
bd09703 clk: fix build warning for orphan_list [Greg Kroah-Hartman]
4a62351 ALSA: pcm: fix divide error in snd_pcm_lib_ioctl [Zubin Mithra]
71e15ed ARM: 8918/2: only build return_address() if needed [Ben Dooks]
da113c3 cryptoloop: add a deprecation warning [Christoph Hellwig]
7cb7b44 perf/x86/amd/ibs: Work around erratum #1197 [Kim Phillips]
154ed3e perf/x86/intel/pt: Fix mask of num_address_ranges [Xiaoyao Li]
54015fa qede: Fix memset corruption [Shai Malin]
5d7c809 net: macb: Add a NULL check on desc_ptp [Harini Katakam]
959f994 qed: Fix the VF msix vectors flow [Shai Malin]
f5f68d7 xtensa: fix kconfig unmet dependency warning for HAVE_FUTEX_CMPXCHG [Randy Dunlap]
9569234 ext4: fix race writing to an inline_data file while its xattrs are changing [Theodore Ts'o]

🍬 21-Sep-2021 🍬

* external/pulse
4b9fd2f Pulse: Don't NPE if NavigationBarFrame is null [NoSpamDan]

* kernel/oneplus/sm8150
73824cb Merge branch 'gulch_r' into eleven [John Galt]
48bc34be mm: zram: fix build error when zram wb disabled [huangzq2]
5449df7 mm: zram: fix swapcached issue on Zram Writeback [huangzq2]
ba9845d UPSTREAM: zram: move backing_dev under macro CONFIG_ZRAM_WRITEBACK [Yue Hu]
7779a42 UPSTREAM: zram: fix broken page writeback [Minchan Kim]
4f21bd4 UPSTREAM: zram: fix return value on writeback_store [Minchan Kim]
525c121 UPSTREAM: zram: support page writeback [Minchan Kim]
ef11bcc BACKPORT: zcomp: Use ARRAY_SIZE() for backends list [Andy Shevchenko]
18e0e7b UPSTREAM: zram: fix idle/writeback string compare [Minchan Kim]
6cbc242 simple_lmk: Thaw victims upon killing them [Sultan Alsawaf]
39b9755 simple_lmk: Make the reclaim thread freezable [Sultan Alsawaf]
1b2573a dts: sm8150: Suppress verbose output during boot [kdrag0n]

🍬 20-Sep-2021 🍬

* vendor/google
1952ab0 sunfish: RQ3A.210905.001 Sept 2021 [NoSpamDan]

🍬 19-Sep-2021 🍬

🍬 18-Sep-2021 🍬

🍬 17-Sep-2021 🍬

🍬 16-Sep-2021 🍬

* kernel/oneplus/sm8150
00eaa05 Merge branch 'gulch_r' into eleven [John Galt]
29bb027 irq: spurious: Disable IRQ debugging by default [Tyler Nijmeh]
754675d soc: qcom: disable more logging [thepsycopathlive]
9da7f0b diag: disable DIAG_DEBUG [Park Ju Hyung]
6e764d4 gpu: msm: Remove more tracing [celtare21]
77e2d4f net/sched: Shut up [celtare21]
f02f1e5 drivers: adreno: fixup mutex usage [DennySPb]
0026fa5 msm: bus_arb: Disable debug logging [Kristof Petho]
23b0ed2 mm: change mm_update_next_owner() to update mm->owner with WRITE_ONCE [Andrea Arcangeli]
96ca006 kernel: alarmtimer: Relax wakelock [celtare21]
0188314 sched/wait: Deduplicate code with do-while [Pavel Begunkov]
f8ebe27 ARM64: dts: sm8150-gpu: Allow Adreno to nap [Tyler Nijmeh]
ba4a29f arm64: Better optimised memchr() [Robin Murphy]
216cd9c Merge tag 'LA.UM.9.1.r1-11100.01-SMxxx0.QSSI12.0' of https://source.codeaurora.org/quic/la/kernel/msm-4.14 into gulch_r [John Galt]

🍬 15-Sep-2021 🍬

