🍬🍬🍬🍬🍬🍬 CANDY 11 🍬🍬🍬🍬🍬🍬

 CandyRoms Changelog for fajita

🍬🍬🍬🍬🍬🍬🍬🍬🍬🍬🍬🍬🍬🍬🍬🍬🍬

🍬 13-Mar-2021 🍬

* build/soong
46e5bc5 cleanbuild: Add .bak, .log and .md5 files to the cleaning [NoSpamDan]

* candy
4654109 Update README.md [Mourya Baruah]
a16e2a1 candy: Track our own Snap camera [NoSpamDan]

* device/google/sunfish
cafe05c sunfish: Switch to our new pixel gapps [NoSpamDan]

* device/oneplus/fajita
eeb5920 fajita: Update to 20210305 Redfin FP [NoSpamDan]

* device/oneplus/sdm845-common
4178d4d updater: Add overlay to opt out of recovery flash [NoSpamDan]
a1338d3 sdm845-common: Inline our new GApps [NoSpamDan]
6ea205e sdm845-common: Disable forced recovery flash in Updater [NoSpamDan]
891f303 sdm845-common: Add System_ext and vendor image reserved sizes [NoSpamDan]

* packages/apps/Settings
d5293ff manifest: Clean up CandyShop activity [NoSpamDan]

* packages/apps/Settings/CandyShop
dd90b08 traffic: Fix array sorting [NoSpamDan]
bf66a1b lockscreen: Fix tab layout [NoSpamDan]
0df135f qs: Fix defaults for portrait and landscape [NoSpamDan]
fb39b39 traffic: Enable orientation when type selected is not default [NoSpamDan]

* packages/apps/Updater
5a897ad strings: Update recovery flash warning message [NoSpamDan]

* system/core
ee13da5 fastboot: Bring back legacy A/B support [LuK1337]

🍬 12-Mar-2021 🍬

* frameworks/base
7043d9b core: Add back hardware keys and wake keys configs [NoSpamDan]

* packages/apps/Settings/CandyShop
5c37447 Support: add CustomSeekbarPrefs [SpiritCroc]
8649dcc Implement Aggressive Battery [2/2] [frap129]
21ecf3f LockscreenCharging: squashed (3/3) based on: [1/2] Settings: show more battery info on lockscreen when charging by yank555-lu [xyyx]
389982f Add three-fingers-swipe to screenshot [2/2] [kdp162]
119656e NetworkTraffic: Add Option for Users to select size of Single Traffic (Up/Down) Font Size [2/2] [NoSpamDan]
3b69b34 Add Network Traffic Layout [2/2] [AnkitGourav]
c9cc5cd NetworkTraffic: Add Combined & Dynamic Mode [2/2] [AnkitGourav]
7b7f609 Add network traffic type [2/2] [Jon Haus]
36ce5ba NetworkTraffic positioning: Adapt to new settings flags [spezi77]
ffac54c Network traffic location [2/2] [SKULSHADY]
03006a8 Hide arrows in Network Traffic indicators [2/2] [nico60]
2087f83 Status bar network traffic [2/2] [ezio84]
9ebc332 CandyShop: Add QS quick pulldown option [ezio84]
017251d CandyShop: QS tile title visibility [2/2] [ezio84]
53be8e3 candyshop: Add QS columns/rows options [ezio84]
20f9098 candyshop: Losckreen media art [2/2] [ezio84]
b8671bb Allow hiding notification headers [2/2] [idoybh]

* packages/apps/Updater
5126f6f Updater: Add menu option to apply a local update package [Kshitij Gupta]
691066e Only cancel notification if update isn't installed [Luca Stefani]

* system/update_engine
55cb0c2 Convert superior product variables to soong config variables [aswin7469]
7da1e0e Allow PREBUILT_DYNAMIC_PARTITIONS to resize partitions. [Christian Oder]

* vendor/candy
e735d50 Remove deprecated backup overlay [Michael Bestas]
367b5dd Adapt to 6.0.1_r52 backup whitelist [Abhisek Devkota]
d1fa1d8 Revert "Revert "vendor: Squashed commit for inline GApps support"" [NoSpamDan]
6a14d0e Revert "prebuilt: Drop otasigcheck script" [NoSpamDan]

* vendor/google/camera
94a0cc9 fajita: Set GCam to override Camera3 and Snap too [NoSpamDan]

🍬 11-Mar-2021 🍬

* frameworks/base
24b0dd1 fix duplicated value after r32 [miju12]
01686ee PixelPropsUtils: Update fingerprint to March [miju12]
4db022e services: Use real values for aggressive idle [Joe Maples]
698d0a0 Aggressive Battery: fix auto enable on battery saver [shagbag913]
08070e3 core: Implement Aggressive Battery [1/2] [Joe Maples]
acaffdd ScreenRecord: Improve low quality screen record [Pranav Vashi]
b7877fe SystemUI: allow to limit the max framerate of built-in screen recorder [nullbytepl]
2721406 Screenrecord: add blinking stop dot and low quality options [ezio84]
42caaaa SystemUI: keyguard show charging watt [maxwen]
ef496df LockscreenCharging: squashed (1/3) [xyyx]
577266e screenrecord: Save recordings in ScreenRecords [El Dainosor]
eb6babe Add MicroG GmsCore to location providers [lyceris-chan]
8b3dfaf Support UnifiedNlp (microG) [Simon Polack]
331d351 Properly set fonts and icons on keyguard when changing styles [ezio84]
c0109b4 SystemUI: Properly theme ScreenshotUI buttons [AshutoshSundresh]
51b89f3 StatusBarIconController: Guard yet another function from cast exception [Ido Ben-Hur]
2d92d3d Avoid casting network traffic to StatusBarIconView to prevent crash [SpiritCroc]
ba0730a Update string for add tiles with one click [mydongistiny]
5c2d8c5 Restore one-click to add/remove tiles after r20 merge [ezio84]
23106bd Allow user to add/remove QS with one click [Andrzej Ressel]
bfa3fac SystemUI: Remove QS drag handle [Danny Lin]
5f68599 Disable overfling bounce [Danny Lin]
35d5b4b base: Grant suspend permission to Flipendo [Adithya R]
7962f1f core: Import back arrow from OOS [HeroBuxx]
b4656e6 Keyguard: reduce bottom text size [Marko Man]
37464be Zygote: enable zygote preforking (USAP pool) by default [DennySPb]
acb0c0c overlays: Import XiaomiOrange accent [Pranav Vashi]
db3b72d overlays: Add iOS Blue accent [Adithya R]
51d565d base: accents: Add MIUI accent color [00day0]
0cfe644 base: accents: Add new accent colors for R Change-Id: I738ef4eb17483c3c78b84672db08b0e6e102831d [harsh-23]
ee39b2c base: QS: beautify airplane & mobile data icons [AndroBuddy]
888fbe1 base: Update QS tile icons [AndroBuddy]
3365e83 Better QS detail clip animation [dongwan0605.kim]
a14e32b base: Nice looking black theme [HrX03]
86e1ffc Forward Port: Smoother Upload and Download Animation [Muhammed Nazim]
78236ee base: Introduce the new switchbar [samgrande]
d3502d8 Shorten wait time for shutdown time optimization [zljing]
da5ecb4 call log limit 500=>5000 [psyafter]
776c31e Calm down attention service logspam [Adhitya Mohan]
98e5be9 base: Cleanup some colors [Anushek Prasal]
6e5aa9f Update dark material colors [altan]
0c07eaa Make the UI a bit bolder [Lucchetto]
1fe91af Revert "Add shadow to text on keyguard" [Lucchetto]
ecee074 Revert "Remove clock shadows from light mode" [Lucchetto]
2d5c792 ChooserActivity: remove ugly separator [Lucchetto]
a22ffd6 More rounded corners [Lucchetto]
3ddb450 base: Add Pixel UI [SKULSHADY]
1ef62fc base: SwipeToScreenshot: Import MIUI implementation [Henrique Silva]
f1e61a3 base: Improvements for swipe to screenshot [Henrique Silva]
d339878 base: Add three-fingers-swipe to screenshot [1/2] [ghbhaha]
8fb61d8 Add Network Traffic Layout [1/2] [AnkitGourav]
7330d42 NetworkTraffic: Set default font size of Single Traffic to 24dp. [Jayant-Deshmukh]
c0986ce [SQUASHED] Add Combined & Dynamic Network Traffic Mode [1/2] [AnkitGourav]
c15a204 NetworkTraffic: Set default font size of Single Traffic to 42dp. [spezi77]
38bf171 NetworkTraffic: Fix Net Text Getting Cut at DPI Changes [SuperDroidBond]
49588c6 NetworkTraffic: Allow user to choose positioning [1/2] [calebcabob]
f7394a1 Bring back traffic indicator for Notch Devices !!! [Alex Cruz]
52edf73 TrafficSB: Pass the animate bool [ganeshi4u]
1bc6680 NetworkTraffic: Fix gravity [xyyx]
23d8fdc Network Traffic: Add Option for Users to select size of Single Traffic (Up/Down) Font Size [SuperDroidBond]
c081b26 NetworkTraffic: Show arrows in statusbar [1/2] [Nico60]
9738ac97 Option for Up, Down as well for Network Traffic [1/2] [ezio84]
651c814 Add network traffic monitor properly to statusbar icons [SpiritCroc]
8cb22ac Bring back traffic indicator for all! [Alex Cruz]
e82a50d QS tile titles visibility [1/2] [Alex Cruz]
df4a6c2 Allow to set QS panel columns and rows [1/2] [ezio84]
fbfa0ac Lockscreen MediaArt: hide if media is not playing [ezio84]
ff960ae Settings.java: fix javadoc comment [Akhil Narang]
fec3c5a SystemUI: Allow to enable Lockscreen Media Art [1/2] [beanstown106]
60d5e81 base: Allow hiding notification headers [1/2] [Ido Ben-Hur]
7a2988e core: Defy usage of NGA in Google Assistant [Danny Lin]
c31ec4c PixelPropsUtils: Add turboadapter to packages list [Adithya R]
621a768 ViewConfiguration: misc changes (rev) [Simao Gomes Viana]
d6fee2a framework-sysconfig: Add deskclock to whitelist [Qimeng Pan]
dcf35fc libs: hwui: Build using ThinLTO [mydongistiny]
2ed77c2 DigitalClock: Use system fonts. [spezi77]
b95c046 TypeClock: adapt to changes in keyguard [rohan]
7d5174f base: clocks: move more clocks to sysui R package [Adhitya Mohan]
eee558c KeyguardClockPositionAlgorithm: Allow forcing default clockY positioning [Christian Oder]
5a9ba30 SystemUI: custom clock kickoff continued [Ali B]
af89659 SystemUI: custom keyguard clock kick off [maxwen]
2be190c TypeClock: Update Ambient Clock layout [rohan]
3843881 SystemUI: fix binary clock update [maxwen]
d3a6f75 SystemUI: Improve Samsung clock layouts [Christian Oder]
f1f6c90 Introduce bold digital and Samsung like lockscreen clocks [Christian Oder]
e3c64e4 Keyguard: add binary custom clock face [maxwen]
a1d0211 base: add more notification channels to blockable [maxwen]
21faec3 SystemUI: tint emergency icon only [Vachounet]
76cdff3 base: SystemUI: Disable junky LS clock & slice transition animations [Ido Ben-Hur]

* packages/apps/Settings
f759fbd  Settings: Add About Phone Candy lottie animation [miju12]
22543df Enable and set the default account provider. [jhenrique09]
34b3c28 Settings: add icons to submenus [rohan]
2e8b82d Settings: move app compatibility preference to apps and notifications [rohan]
f296a50 Settings: update lottie animations [rohan]
4965c5e Settings: update some lottie animations [rohan]
eb2e6e0 Settings: Lottie Animations [rohan]
a485305 Settings: import airbnb-lottie [rohan]
4a687cb AmbientDisplay: Add custom pref for devices with custom doze packages [jhenrique09]
9c8759b Settings: deviceinfo: Move imei information to Sim status [Chris]
865d23a Fix mvno data field summary not update issue [Wei Huang]
17f5c58 Fix NPE if default supervisor is not defined [Wang Han]
fd6b7b2 hardwareinfo: Hide hardware revision if empty [Arian]
31ecab7  Remove the About phone avatar [BoredOutOfMyGit]

* system/core
56bd12b LockscreenCharging: squashed (2/3) [xyyx]

* vendor/candy
2ba09b1 Allow A/B OTA downgrades on debuggable builds [Luca Stefani]
da1daa0 Revert "vendor: Add back the check for AB or A-only for backuptool" [NoSpamDan]
96d2aed backuptool: Fix path for restore_addon_d [NoSpamDan]
8ed5ea7 backuptool: Correct supported partitions for addon.d v3 [Alessandro Astone]
cac7e27 backuptool: Set Candy version from build [NoSpamDan]
da2e608 backuptool: Support seamless backup and restore to extra partitions [Alessandro Astone]
41b56a4 prebuilt: Drop otasigcheck script [NoSpamDan]
68daa9b prebuilt: Drop 4 year old fix_permissions script XD [NoSpamDan]
91fe92c Revert "vendor: Squashed commit for inline GApps support" [NoSpamDan]

🍬 10-Mar-2021 🍬

* art
4d6e371 Merge tag 'android-11.0.0_r32' of https://android.googlesource.com/platform/art into HEAD [miju12]

* build/make
3e29573 Merge tag 'android-11.0.0_r32' of https://android.googlesource.com/platform/build into HEAD [miju12]

* candy
10e3a01 candy: Track our own external_airbnb-lottie [NoSpamDan]
9ca0aeb remove: Drop redfin-kernel for tag sync [NoSpamDan]
96da790 candy: Android 11.0.0_r32 into c11 [miju12]
d16d650 candy: Track our own pixel-sepolicy for battery saver [NoSpamDan]

* frameworks/base
107faec SystemUI: use primary colors for dark theme where possible [DennySPb]
6f8e2b6 SystemUI: refactor qs bg color into dedicated color resource [maxwen]
b380f4b fwb: Intruduce Primary Colors [Marko Man]
c9e6ab6 SystemUI: adjust powermenu and qs customizer background for black theme consistence [DennySPB]
6004a26 base: Remove keyguard delay completely [Saikiran]
85f9da9 SystemUI: Use AVCProfileMain for screen recorder [Arne Coucheron]
9f2e27d core: jni: use -O3 [Simao Gomes Viana]

* packages/apps/Launcher3
9eb17fb Launcher3: Move priv-app perms to TARGET_OUT_SYSTEM_EXT_ETC [doc HD]
e368eab Launcher3: Add READ_FRAME_BUFFER permission [Pranav Vashi]
a3be479 Launcher3: Add needed priv app permissions [doc HD]
1103972 Increase all apps top padding to avoid visual glitch in recents [DennySPB]
26c80de Launcher3: fix dark primary folder bg color [maxwen]
19e6d96 Launcher3: add dark primary support [maxwen]
ccb0e5d Launcher3: Add theme override option in Themes getActivityThemeRes [Amir Zaidi]
ae60402 Launcher3: Use app opening animation for notification opening [Amir Zaidi]
f3a7807 Launcher3: Can't search out local app by Chinese [yingrenw]
4b59927 Launcher3: Use system fonts [Pranav Vashi]
c5a673a CandyLauncher: exclude from recents [cretin45]
ff7f822 CandyLauncher: google feed integration [Anay Wadhera]
2e007f5 Create Candy Launcher [Chris Crump]
7e2389f Launcher3: Fix launcher preview rendering [Danny Lin]
445eab9 Launcher3: Bump min SDK to 26 as required for adaptive icons [Bruno Martins]
11dc1dd Add missing default workspace changes in LauncherFiles [Michael Bestas]
f2b18ba Launcher3: Add extra privapp permissions xml [Michael Bestas]
7f93462 Launcher3: Allow enabling icon labels for landscape mode [LuK1337]
c39e7b8 Launcher3: allow disabling workspace edit [Joey]
ff1f795 Launcher3: add toggle for desktop and drawer labels [Joey]
6112669 Don't discard custom grid on config changes [LuK1337]
4994a4a Specify the component name to start the picker [Luca Stefani]
a380bbc Specify the wallpaper picker package [Luca Stefani]
7851ba9 L3: Add 5x6, 5x7 and 6x6 default workspaces [dwardo]
f40afb3 Replace 4x4 grid option with a 4x5 one [Arne Coucheron]
5fb30f4 L3: Update default workspace [Bruno Martins]
b6232a8 Launcher3: No Calendarwidget 4x4 widget displayed [ningl]
4d04869 l3: disable qsb [kazerine]
550785e Launcher3: move clear all button to actions view [Vachounet]
83cfe7e Change icon drawable padding [Arne Coucheron]
a582e44 DeviceProfile: fix divide by zero [Alexander Martinz]
180e77d Workspace: Allow resizing any widget [Nebojsa Cvetkovic]
74c4c32 Launcher3: Stability NullPointer issue [yingrenw]
feff1b9 Launcher3: Globally disable debug logging [Bruno Martins]
d16c144 Properly expose GridOptionsProvider [Luca Stefani]
7a2bfc7 L3: disable blur [kazerine]
f852d71 launcher3: disable gradient [kazerine]

* system/update_engine
962d275 Pixels: Add Candy ASCII art while flashing. [spezi77]
13684fb Boost update_attempter thread priority [Harsh Shandilya]
e2ab8f5 Ignore timestamp check in DeltaPerformer [Surge Raval]
0a412ac Report more info in sideload UI [Surge Raval]
cd4e9a1 Add sideload UI and split reporting into thirds [Surge Raval]

* vendor/candy
a18e438 Merge "overlays: Add some Launcher3 stuff" into c11 [Dan Cartier]

🍬 09-Mar-2021 🍬

🍬 08-Mar-2021 🍬

* device/google/sunfish
66d25d5 Update build fingerprint to RQ2A.210305.006 [Josh Chasky]
41257f9 Merge tag 'android-11.0.0_r32' of https://android.googlesource.com/device/google/sunfish into r11x [Josh Chasky]
ba56c6e sunfish: Set privapp permissions control to log [NoSpamDan]

* device/google/sunfish-sepolicy
4eaf27b Merge tag 'android-11.0.0_r32' of https://android.googlesource.com/device/google/sunfish-sepolicy into r11x [Josh Chasky]
6678fdd Update the bug_map for the denials from shell during PTS [Alex Hong]
3df1e7c Ignore denials when persist is not yet mounted [Thiébaud Weksteen]

* device/oneplus/sdm845-common
d8620b3 fajita: Set privapp permissions control to log [NoSpamDan]

* kernel/google/sunfish
476e08a merge android-11.0.0_r0.64 kernel/msm to sunfish [buffal0b1ll]

* vendor/candy
f120f4f overlays: Add some Launcher3 stuff [NoSpamDan]

* vendor/google
9d8c5e0 Sunfish: Update blobs to Android 11.0.0 (RQ2A.210305.006) [Josh Chasky]
761712d Revert "Add prebuilt power-ext library" *fixed in device tree* [ezio84]

🍬 07-Mar-2021 🍬

* packages/apps/Launcher3
e160e6b Merge tag android-11.0.0_r32 [miju12]

* vendor/candy
07418ad packages: Drop Launcher3QuickStep [NoSpamDan]
660878e vendor: Start adding back some product and system_ext privapp permissions [NoSpamDan]

🍬 06-Mar-2021 🍬

* bionic
53420fc Merge tag 'android-11.0.0_r32' of https://android.googlesource.com/platform/bionic into HEAD [miju12]

* bootable/recovery
e1ee99c Merge tag 'android-11.0.0_r32' of https://android.googlesource.com/platform/bootable/recovery into HEAD [miju12]

* build/make
159a57e kill QuickSearchBox WITH FIRE [miju12]

* build/soong
b4928cf Merge tag 'android-11.0.0_r32' of https://android.googlesource.com/platform/build/soong into HEAD [miju12]

* development
8223c66 Merge tag 'android-11.0.0_r32' of https://android.googlesource.com/platform/development into HEAD [miju12]

* frameworks/av
0165ad0 Merge tag 'android-11.0.0_r32' of https://android.googlesource.com/platform/frameworks/av into HEAD [miju12]

* frameworks/base
2833cb7 Merge tag 'android-11.0.0_r32' of https://android.googlesource.com/platform/frameworks/base into HEAD [miju12]

* frameworks/native
508242c Merge tag 'android-11.0.0_r32' of https://android.googlesource.com/platform/frameworks/native into HEAD [miju12]

* frameworks/opt/telephony
355dea4 Merge tag 'android-11.0.0_r32' of https://android.googlesource.com/platform/frameworks/opt/telephony into HEAD [miju12]

* hardware/interfaces
7ce3f06 Merge tag 'android-11.0.0_r32' of https://android.googlesource.com/platform/hardware/interfaces into HEAD [miju12]

* packages/apps/ThemePicker
97da613 Merge tag 'android-11.0.0_r32' of https://android.googlesource.com/platform/packages/apps/ThemePicker into HEAD [miju12]

* packages/apps/WallpaperPicker2
53c188d Merge tag 'android-11.0.0_r32' of https://android.googlesource.com/platform/packages/apps/WallpaperPicker2 into HEAD [miju12]

* packages/services/Telecomm
fae0060 Merge tag 'android-11.0.0_r32' of https://android.googlesource.com/platform/packages/services/Telecomm into HEAD [miju12]

* system/core
66ce78e Merge tag 'android-11.0.0_r32' [Kevin F. Haggerty]

* system/sepolicy
409709e Merge tag 'android-11.0.0_r32' of https://android.googlesource.com/platform/system/sepolicy into HEAD [miju12]

* system/update_engine
7920581 Merge tag 'android-11.0.0_r32' of https://android.googlesource.com/platform/system/update_engine into HEAD [miju12]

* system/vold
748ecf7 Merge tag 'android-11.0.0_r32' into staging/lineage-18.1_merge-android-11.0.0_r32 [Kevin F. Haggerty]

🍬 05-Mar-2021 🍬

* vendor/candy
b126d26 candy: More checks for copying AB backuptool scripts [Alessandro Astone]

🍬 04-Mar-2021 🍬

* packages/apps/Settings
4e60e6b Merge tag android-11.0.0_r32 [miju12]
fb5b657 Merge "Add Dual Channel into Bluetooth Audio Channel Mode developer options menu" into c11 [Mourya Baruah]

* vendor/candy
bbcbc03 config: Add Launcher3 to PRODUCT_DEXPREOPT_SPEED_APPS [Bruno Martins]
a5e09a7 config: Add SysUI to PRODUCT_DEXPREOPT_SPEED_APPS [Wei Wang]

🍬 03-Mar-2021 🍬

* vendor/nxp/opensource/pn5xx/halimpl
b5a5253 A stack OOB write vuln of nxp nfc hal library [Alisher Alikhodjaev]

* vendor/qcom/opensource/commonsys/packages/apps/Bluetooth
2592b10 Prevent drawing on top of Bluetooth activities [Jakub Pawlowski]

🍬 02-Mar-2021 🍬

* frameworks/opt/telephony
c171832 Truncate baseband version string to 45 characters at most [Yujing Gu]

* packages/apps/Bluetooth
4953e5b Merge tag 'android-11.0.0_r32' into staging/lineage-18.1_merge-android-11.0.0_r32 [Kevin F. Haggerty]

* packages/apps/Nfc
71a38be Merge tag 'android-11.0.0_r32' into staging/lineage-18.1_merge-android-11.0.0_r32 [Kevin F. Haggerty]

* system/bt
464b040 Merge tag 'android-11.0.0_r32' into staging/lineage-18.1_merge-android-11.0.0_r32 [Kevin F. Haggerty]

* vendor/qcom/opensource/commonsys/system/bt
3a0ad0d SDP: Only start discovery once [Myles Watson]

🍬 01-Mar-2021 🍬

* candy
d5fe496 Merge "candy: Track frameworks/opt/telephony" into c11 [Dan Cartier]
a4a081e candy: Track frameworks/opt/telephony [NoSpamDan]

* frameworks/base
3224e57 audio: Discard QTI only codecs when AOSP BT stack is in use [LuK1337]

* vendor/candy
164255f Revert "Use Pixel launcher as default and fix FC" [NoSpamDan]
4bfa21e packages: Move Pixel Wallpapers up and unconditionally build Launcher3QuickStep [NoSpamDan]
6e70e53 candy: use PIxelThemesStub for styles [Luca Stefani]
5c4ddd3 vendor: build new wallpaperpicker [aswin7469]
c0c1850 Merge "soong: Add TARGET_LEGACY_HW_DISK_ENCRYPTION conditional" into c11 [Dan Cartier]
4c9efbd colors: Drop TPUT color defs [NoSpamDan]

🍬 28-Feb-2021 🍬

* candy
831f618 Merge "Track healthd-ext from lineage" into c11 [Dan Cartier]

* frameworks/base
fa103a4 Allow SBC as HD audio codec in Bluetooth device configuration [ValdikSS]
7d00d0e Add Dual Channel into Bluetooth Audio Channel Mode developer options menu [ValdikSS]
aad5365 Add CHANNEL_MODE_DUAL_CHANNEL constant [ValdikSS]
95d89bf Merge "overlay: Target pixel launcher/pixel themes" into c11 [Dan Cartier]

* packages/apps/Bluetooth
8e8a27e Automatic translation import [Michael Bestas]

* packages/apps/Camera2
ff976ad Automatic translation import [Michael Bestas]

* packages/apps/Nfc
b96085d Automatic translation import [Michael Bestas]

* packages/apps/Settings
78afc62 Merge changes from topic "settings" into c11 [Dan Cartier]
56b48b0 Add Dual Channel into Bluetooth Audio Channel Mode developer options menu [ValdikSS]

* system/vold
d023c4b cryptfs: Fix legacy QCOM HW FDE encryption [chrmhoffmann]

* vendor/candy
5ae150d Merge changes Ie8211a60,Id690c4e0 into c11 [Dan Cartier]
b19ef47 version: Update to 11.0 from 11-beta [NoSpamDan]
63ff8f1 changelog: More cleanup [NoSpamDan]
c8201d5 config: Add conversation notification allowlist for older apps [kdrag0n]
10ff496 Enable the people notifications section. [Sourajit Karmakar]

* vendor/qcom/opensource/fm-commonsys
bfbc875 Automatic translation import [Michael Bestas]

