🍬🍬🍬🍬🍬🍬 CANDY 11 🍬🍬🍬🍬🍬🍬

 CandyRoms Changelog for fajita

🍬🍬🍬🍬🍬🍬🍬🍬🍬🍬🍬🍬🍬🍬🍬🍬🍬

🍬 10-Mar-2021 🍬

* art
4d6e371 Merge tag 'android-11.0.0_r32' of https://android.googlesource.com/platform/art into HEAD [miju12]

* build/make
3e29573 Merge tag 'android-11.0.0_r32' of https://android.googlesource.com/platform/build into HEAD [miju12]

* candy
10e3a01 candy: Track our own external_airbnb-lottie [NoSpamDan]
9ca0aeb remove: Drop redfin-kernel for tag sync [NoSpamDan]
96da790 candy: Android 11.0.0_r32 into c11 [miju12]
d16d650 candy: Track our own pixel-sepolicy for battery saver [NoSpamDan]

* frameworks/base
dd6d416 Revert "d2w: fix double tap to wake on ambient" [NoSpamDan]
facc20c screenrecord: Save recordings in ScreenRecords [El Dainosor]
0a4f8b9 Add MicroG GmsCore to location providers [lyceris-chan]
125cc69 Support UnifiedNlp (microG) [Simon Polack]
4b990cf Properly set fonts and icons on keyguard when changing styles [ezio84]
5d15551 SystemUI: Properly theme ScreenshotUI buttons [AshutoshSundresh]
6ee32cc StatusBarIconController: Guard yet another function from cast exception [Ido Ben-Hur]
585b028 Avoid casting network traffic to StatusBarIconView to prevent crash [SpiritCroc]
d295df1 Update string for add tiles with one click [mydongistiny]
6e19efc Restore one-click to add/remove tiles after r20 merge [ezio84]
a64c4c7 Allow user to add/remove QS with one click [Andrzej Ressel]
5321c86 SystemUI: Remove QS drag handle [Danny Lin]
bb4f3ef Disable overfling bounce [Danny Lin]
5f79167 base: Grant suspend permission to Flipendo [Adithya R]
895c3fc core: Import back arrow from OOS [HeroBuxx]
7057428 Keyguard: reduce bottom text size [Marko Man]
57890a2 Zygote: enable zygote preforking (USAP pool) by default [DennySPb]
3af8412 overlays: Import XiaomiOrange accent [Pranav Vashi]
2e77e6e overlays: Add iOS Blue accent [Adithya R]
27f5463 base: accents: Add MIUI accent color [00day0]
d890b98 base: accents: Add new accent colors for R Change-Id: I738ef4eb17483c3c78b84672db08b0e6e102831d [harsh-23]
1809683 base: QS: beautify airplane & mobile data icons [AndroBuddy]
10baae7 base: Update QS tile icons [AndroBuddy]
331ddbf Better QS detail clip animation [dongwan0605.kim]
c9b5f68 base: Nice looking black theme [HrX03]
ddb3673 Forward Port: Smoother Upload and Download Animation [Muhammed Nazim]
2bd686d base: Introduce the new switchbar [samgrande]
81e5772 Shorten wait time for shutdown time optimization [zljing]
a5158d9 call log limit 500=>5000 [psyafter]
ddbf16a Calm down attention service logspam [Adhitya Mohan]
d93a6cb base: Cleanup some colors [Anushek Prasal]
d7ac8cc Update dark material colors [altan]
3c1803f Make the UI a bit bolder [Lucchetto]
c106451 Revert "Add shadow to text on keyguard" [Lucchetto]
39afaba Revert "Remove clock shadows from light mode" [Lucchetto]
c279a72 ChooserActivity: remove ugly separator [Lucchetto]
96b06a6 More rounded corners [Lucchetto]
0364516 base: Add Pixel UI [SKULSHADY]
690a3f3 core: Defy usage of NGA in Google Assistant [Danny Lin]
b63d48d PixelPropsUtils: Add turboadapter to packages list [Adithya R]
faa59af ViewConfiguration: misc changes (rev) [Simao Gomes Viana]
d8c8568 framework-sysconfig: Add deskclock to whitelist [Qimeng Pan]
0d96b52 libs: hwui: Build using ThinLTO [mydongistiny]
1d39e52 DigitalClock: Use system fonts. [spezi77]
136f61e TypeClock: adapt to changes in keyguard [rohan]
61487d8 base: clocks: move more clocks to sysui R package [Adhitya Mohan]
3ca32d0 KeyguardClockPositionAlgorithm: Allow forcing default clockY positioning [Christian Oder]
9a98619 SystemUI: custom clock kickoff continued [Ali B]
666a4d9 SystemUI: custom keyguard clock kick off [maxwen]
f4aee10 TypeClock: Update Ambient Clock layout [rohan]
ccca2c0 SystemUI: fix binary clock update [maxwen]
b23c862 SystemUI: Improve Samsung clock layouts [Christian Oder]
692d6e3 Introduce bold digital and Samsung like lockscreen clocks [Christian Oder]
b656bcc Keyguard: add binary custom clock face [maxwen]
97bf499 base: add more notification channels to blockable [maxwen]
ac3f7d5 SystemUI: tint emergency icon only [Vachounet]
1b0060a base: SystemUI: Disable junky LS clock & slice transition animations [Ido Ben-Hur]
2919607 d2w: fix double tap to wake on ambient [ezio84]
48b037f2 SystemUI: use primary colors for dark theme where possible [DennySPb]
2720656 SystemUI: refactor qs bg color into dedicated color resource [maxwen]
4c42326 fwb: Intruduce Primary Colors [Marko Man]
182c0ef SystemUI: adjust powermenu and qs customizer background for black theme consistence [DennySPB]
ad2509a base: Remove keyguard delay completely [Saikiran]
5d60e77 SystemUI: Use AVCProfileMain for screen recorder [Arne Coucheron]
9166b57 core: jni: use -O3 [Simao Gomes Viana]
d294a17 Custom utils: add action to start assistant [Danny Lin]
35c0bf2 Custom utils: add Power menu action [Danny Lin]
8c79dd0 Custom utils: add hush mute action [ezio84]
1a56da9 Custom actions Utils: add clear all notifications action [Alex Cruz]
7790edd ActionUtils: Reverse actions for QS and notification panel [ezio84]
60fbf91 Move launchCamera and launchVoiceSearch actions to custom Utils [1/2] [ezio84]
a166bb8 Custom Utils: add qs toggle, ringer mode toggle, volume panel toggle [Alex Cruz]
26d8fc8 Custom actions utils: add expand notifications action [ezio84]
2f46acb ActionUtils: Cleanup screen on action code [Ezio Lacandia Bijelkic]
13060bc ActionUtils: Add screen on action [Alex]
45d1c9a PixelPropsUtils: Update fingerprint to March [jhenrique09]

* packages/apps/Launcher3
9eb17fb Launcher3: Move priv-app perms to TARGET_OUT_SYSTEM_EXT_ETC [doc HD]
e368eab Launcher3: Add READ_FRAME_BUFFER permission [Pranav Vashi]
a3be479 Launcher3: Add needed priv app permissions [doc HD]
1103972 Increase all apps top padding to avoid visual glitch in recents [DennySPB]
26c80de Launcher3: fix dark primary folder bg color [maxwen]
19e6d96 Launcher3: add dark primary support [maxwen]
ccb0e5d Launcher3: Add theme override option in Themes getActivityThemeRes [Amir Zaidi]
ae60402 Launcher3: Use app opening animation for notification opening [Amir Zaidi]
f3a7807 Launcher3: Can't search out local app by Chinese [yingrenw]
4b59927 Launcher3: Use system fonts [Pranav Vashi]
c5a673a CandyLauncher: exclude from recents [cretin45]
ff7f822 CandyLauncher: google feed integration [Anay Wadhera]
2e007f5 Create Candy Launcher [Chris Crump]
7e2389f Launcher3: Fix launcher preview rendering [Danny Lin]
445eab9 Launcher3: Bump min SDK to 26 as required for adaptive icons [Bruno Martins]
11dc1dd Add missing default workspace changes in LauncherFiles [Michael Bestas]
f2b18ba Launcher3: Add extra privapp permissions xml [Michael Bestas]
7f93462 Launcher3: Allow enabling icon labels for landscape mode [LuK1337]
c39e7b8 Launcher3: allow disabling workspace edit [Joey]
ff1f795 Launcher3: add toggle for desktop and drawer labels [Joey]
6112669 Don't discard custom grid on config changes [LuK1337]
4994a4a Specify the component name to start the picker [Luca Stefani]
a380bbc Specify the wallpaper picker package [Luca Stefani]
7851ba9 L3: Add 5x6, 5x7 and 6x6 default workspaces [dwardo]
f40afb3 Replace 4x4 grid option with a 4x5 one [Arne Coucheron]
5fb30f4 L3: Update default workspace [Bruno Martins]
b6232a8 Launcher3: No Calendarwidget 4x4 widget displayed [ningl]
4d04869 l3: disable qsb [kazerine]
550785e Launcher3: move clear all button to actions view [Vachounet]
83cfe7e Change icon drawable padding [Arne Coucheron]
a582e44 DeviceProfile: fix divide by zero [Alexander Martinz]
180e77d Workspace: Allow resizing any widget [Nebojsa Cvetkovic]
74c4c32 Launcher3: Stability NullPointer issue [yingrenw]
feff1b9 Launcher3: Globally disable debug logging [Bruno Martins]
d16c144 Properly expose GridOptionsProvider [Luca Stefani]
7a2bfc7 L3: disable blur [kazerine]
f852d71 launcher3: disable gradient [kazerine]

* packages/apps/Settings
d7380d3  Remove the About phone avatar [BoredOutOfMyGit]
c3adecb AmbientDisplay: Add custom pref for devices with custom doze packages [jhenrique09]
cd05dfc Settings: deviceinfo: Move imei information to Sim status [Chris]
f8f1f3a Fix mvno data field summary not update issue [Wei Huang]
8236955 Fix NPE if default supervisor is not defined [Wang Han]
6474aa5 hardwareinfo: Hide hardware revision if empty [Arian]
23b1c45  Settings: Add About Phone Candy lottie animation [miju12]
f2eded0 Enable and set the default account provider. [jhenrique09]
818e0e8 Settings: add icons to submenus [rohan]
117a393 Settings: move app compatibility preference to apps and notifications [rohan]
cbc6574 Settings: update lottie animations [rohan]
0bbb9b2 Settings: update some lottie animations [rohan]
e936b0d Settings: Lottie Animations [rohan]
f49fc50 Settings: import airbnb-lottie [rohan]

* vendor/candy
2ba09b1 Allow A/B OTA downgrades on debuggable builds [Luca Stefani]
da1daa0 Revert "vendor: Add back the check for AB or A-only for backuptool" [NoSpamDan]
96d2aed backuptool: Fix path for restore_addon_d [NoSpamDan]
8ed5ea7 backuptool: Correct supported partitions for addon.d v3 [Alessandro Astone]
cac7e27 backuptool: Set Candy version from build [NoSpamDan]
da2e608 backuptool: Support seamless backup and restore to extra partitions [Alessandro Astone]
41b56a4 prebuilt: Drop otasigcheck script [NoSpamDan]
68daa9b prebuilt: Drop 4 year old fix_permissions script XD [NoSpamDan]
91fe92c Revert "vendor: Squashed commit for inline GApps support" [NoSpamDan]
a18e438 Merge "overlays: Add some Launcher3 stuff" into c11 [Dan Cartier]

* vendor/pixelgapps
868e32b PixelLauncher: Specify some home and recents components [NoSpamDan]

🍬 09-Mar-2021 🍬

* system/update_engine
962d275 Pixels: Add Candy ASCII art while flashing. [spezi77]
13684fb Boost update_attempter thread priority [Harsh Shandilya]
e2ab8f5 Ignore timestamp check in DeltaPerformer [Surge Raval]
0a412ac Report more info in sideload UI [Surge Raval]
cd4e9a1 Add sideload UI and split reporting into thirds [Surge Raval]

🍬 08-Mar-2021 🍬

* kernel/google/sunfish
476e08a merge android-11.0.0_r0.64 kernel/msm to sunfish [buffal0b1ll]

* vendor/candy
f120f4f overlays: Add some Launcher3 stuff [NoSpamDan]

* vendor/google
9d8c5e0 Sunfish: Update blobs to Android 11.0.0 (RQ2A.210305.006) [Josh Chasky]
761712d Revert "Add prebuilt power-ext library" *fixed in device tree* [ezio84]

🍬 07-Mar-2021 🍬

* device/google/sunfish
66d25d5 Update build fingerprint to RQ2A.210305.006 [Josh Chasky]
41257f9 Merge tag 'android-11.0.0_r32' of https://android.googlesource.com/device/google/sunfish into r11x [Josh Chasky]
ba56c6e sunfish: Set privapp permissions control to log [NoSpamDan]

* device/google/sunfish-sepolicy
4eaf27b Merge tag 'android-11.0.0_r32' of https://android.googlesource.com/device/google/sunfish-sepolicy into r11x [Josh Chasky]
6678fdd Update the bug_map for the denials from shell during PTS [Alex Hong]
3df1e7c Ignore denials when persist is not yet mounted [Thiébaud Weksteen]

* device/oneplus/sdm845-common
d8620b3 fajita: Set privapp permissions control to log [NoSpamDan]

* packages/apps/Launcher3
e160e6b Merge tag android-11.0.0_r32 [miju12]

* vendor/candy
07418ad packages: Drop Launcher3QuickStep [NoSpamDan]
660878e vendor: Start adding back some product and system_ext privapp permissions [NoSpamDan]

🍬 06-Mar-2021 🍬

* bionic
53420fc Merge tag 'android-11.0.0_r32' of https://android.googlesource.com/platform/bionic into HEAD [miju12]

* bootable/recovery
e1ee99c Merge tag 'android-11.0.0_r32' of https://android.googlesource.com/platform/bootable/recovery into HEAD [miju12]

* build/make
159a57e kill QuickSearchBox WITH FIRE [miju12]

* build/soong
b4928cf Merge tag 'android-11.0.0_r32' of https://android.googlesource.com/platform/build/soong into HEAD [miju12]

* development
8223c66 Merge tag 'android-11.0.0_r32' of https://android.googlesource.com/platform/development into HEAD [miju12]

* frameworks/av
0165ad0 Merge tag 'android-11.0.0_r32' of https://android.googlesource.com/platform/frameworks/av into HEAD [miju12]

* frameworks/base
2833cb7 Merge tag 'android-11.0.0_r32' of https://android.googlesource.com/platform/frameworks/base into HEAD [miju12]

* frameworks/native
508242c Merge tag 'android-11.0.0_r32' of https://android.googlesource.com/platform/frameworks/native into HEAD [miju12]

* frameworks/opt/telephony
355dea4 Merge tag 'android-11.0.0_r32' of https://android.googlesource.com/platform/frameworks/opt/telephony into HEAD [miju12]

* hardware/interfaces
7ce3f06 Merge tag 'android-11.0.0_r32' of https://android.googlesource.com/platform/hardware/interfaces into HEAD [miju12]

* packages/apps/ThemePicker
97da613 Merge tag 'android-11.0.0_r32' of https://android.googlesource.com/platform/packages/apps/ThemePicker into HEAD [miju12]

* packages/apps/WallpaperPicker2
53c188d Merge tag 'android-11.0.0_r32' of https://android.googlesource.com/platform/packages/apps/WallpaperPicker2 into HEAD [miju12]

* packages/services/Telecomm
fae0060 Merge tag 'android-11.0.0_r32' of https://android.googlesource.com/platform/packages/services/Telecomm into HEAD [miju12]

* system/core
66ce78e Merge tag 'android-11.0.0_r32' [Kevin F. Haggerty]

* system/sepolicy
409709e Merge tag 'android-11.0.0_r32' of https://android.googlesource.com/platform/system/sepolicy into HEAD [miju12]

* system/update_engine
7920581 Merge tag 'android-11.0.0_r32' of https://android.googlesource.com/platform/system/update_engine into HEAD [miju12]

* system/vold
748ecf7 Merge tag 'android-11.0.0_r32' into staging/lineage-18.1_merge-android-11.0.0_r32 [Kevin F. Haggerty]

🍬 05-Mar-2021 🍬

* vendor/candy
b126d26 candy: More checks for copying AB backuptool scripts [Alessandro Astone]

🍬 04-Mar-2021 🍬

* packages/apps/Settings
4e60e6b Merge tag android-11.0.0_r32 [miju12]
fb5b657 Merge "Add Dual Channel into Bluetooth Audio Channel Mode developer options menu" into c11 [Mourya Baruah]

* vendor/candy
bbcbc03 config: Add Launcher3 to PRODUCT_DEXPREOPT_SPEED_APPS [Bruno Martins]
a5e09a7 config: Add SysUI to PRODUCT_DEXPREOPT_SPEED_APPS [Wei Wang]

🍬 03-Mar-2021 🍬

* vendor/nxp/opensource/pn5xx/halimpl
b5a5253 A stack OOB write vuln of nxp nfc hal library [Alisher Alikhodjaev]

* vendor/qcom/opensource/commonsys/packages/apps/Bluetooth
2592b10 Prevent drawing on top of Bluetooth activities [Jakub Pawlowski]

🍬 02-Mar-2021 🍬

* frameworks/opt/telephony
c171832 Truncate baseband version string to 45 characters at most [Yujing Gu]

* packages/apps/Bluetooth
4953e5b Merge tag 'android-11.0.0_r32' into staging/lineage-18.1_merge-android-11.0.0_r32 [Kevin F. Haggerty]

* packages/apps/Nfc
71a38be Merge tag 'android-11.0.0_r32' into staging/lineage-18.1_merge-android-11.0.0_r32 [Kevin F. Haggerty]

* system/bt
464b040 Merge tag 'android-11.0.0_r32' into staging/lineage-18.1_merge-android-11.0.0_r32 [Kevin F. Haggerty]

* vendor/qcom/opensource/commonsys/system/bt
3a0ad0d SDP: Only start discovery once [Myles Watson]

🍬 01-Mar-2021 🍬

* candy
d5fe496 Merge "candy: Track frameworks/opt/telephony" into c11 [Dan Cartier]
a4a081e candy: Track frameworks/opt/telephony [NoSpamDan]

* frameworks/base
3224e57 audio: Discard QTI only codecs when AOSP BT stack is in use [LuK1337]

* vendor/candy
164255f Revert "Use Pixel launcher as default and fix FC" [NoSpamDan]
4bfa21e packages: Move Pixel Wallpapers up and unconditionally build Launcher3QuickStep [NoSpamDan]
6e70e53 candy: use PIxelThemesStub for styles [Luca Stefani]
5c4ddd3 vendor: build new wallpaperpicker [aswin7469]
c0c1850 Merge "soong: Add TARGET_LEGACY_HW_DISK_ENCRYPTION conditional" into c11 [Dan Cartier]

🍬 28-Feb-2021 🍬

* candy
831f618 Merge "Track healthd-ext from lineage" into c11 [Dan Cartier]

* frameworks/base
fa103a4 Allow SBC as HD audio codec in Bluetooth device configuration [ValdikSS]
7d00d0e Add Dual Channel into Bluetooth Audio Channel Mode developer options menu [ValdikSS]
aad5365 Add CHANNEL_MODE_DUAL_CHANNEL constant [ValdikSS]
95d89bf Merge "overlay: Target pixel launcher/pixel themes" into c11 [Dan Cartier]

* packages/apps/Settings
78afc62 Merge changes from topic "settings" into c11 [Dan Cartier]
56b48b0 Add Dual Channel into Bluetooth Audio Channel Mode developer options menu [ValdikSS]

* system/vold
d023c4b cryptfs: Fix legacy QCOM HW FDE encryption [chrmhoffmann]

* vendor/candy
4c9efbd colors: Drop TPUT color defs [NoSpamDan]
5ae150d Merge changes Ie8211a60,Id690c4e0 into c11 [Dan Cartier]
b19ef47 version: Update to 11.0 from 11-beta [NoSpamDan]
63ff8f1 changelog: More cleanup [NoSpamDan]
c8201d5 config: Add conversation notification allowlist for older apps [kdrag0n]
10ff496 Enable the people notifications section. [Sourajit Karmakar]

🍬 27-Feb-2021 🍬

* bootable/recovery
25da6ff recovery: Make recovery usable on user builds [Christian Oder]
c4e7efe updater: Don't fail when trying to run set_metadata [jhenrique09]

* candy
e1c3930 candy: Track our own Laucner3, ThemePicker and WallpaperPicker2 [NoSpamDan]
fc5196c Track healthd-ext from lineage [miju12]

* frameworks/base
74defd7 MountService: ensure VolumeRecord with UUID exists before modifying [Scott Mertz]
e37bc8a Settings:Bugfix for NPE, Only valid screen power consumption need to smear [Libo Jin]
eb79567 Prevent NPE due to unchecked r.uid [Jens Gulin]
b3dca72 Crash occured due to null pointer exception. [Niraj kumar Mishra]
d6feaaa Clear all lingering notifications when network is disconnected [lucaslin]
ad4b62d frameworks: Fix null pointer Issue [mqi]
6eba857 view: add null check for dispatch touch view [jianzhou]
0430328 PMS and WMS deadlock when uninstalling APP [Zhuying Li]
fe127b0 os: Process: Fix wrong code in isThreadInProcess [leo zhang]
cbd9d7e The surface hang up when screen on and screen off [Guo Li]
c167caa Allow APK signature scheme v1 for API 30+ apps [Danny Lin]
693c5a5 config: Don't use all-caps text for buttons [Danny Lin]
ece1dc9 config: Downscale task snapshots to 80% [Danny Lin]
24ba44a Fix other lights when backlight uses SurfaceController API [Pierre-Hugues Husson]
8affe2e base: Enable burn-in protection by default [Adhitya Mohan]
8788dbd AutoFillUI: Don't show a "null" toast [Ido Ben-Hur]
740a841 Fix screenshot not showing in power menu after r15 merge [SagarMakhar]
befd57b AndroidManifest: add a permission group for signature spoofing [Vachounet]
ac33f3f base: Add permission to allow an APK to fake a signature. [Bernhard Rosenkränzer]
e8b36ee overlay: Target pixel launcher/pixel themes [Dyneteve]

* packages/apps/Bluetooth
8e8a27e Automatic translation import [Michael Bestas]

* packages/apps/Nfc
b96085d Automatic translation import [Michael Bestas]

* packages/apps/Settings
92764f5 Settings: Hide carrier settings version if empty [Wang Han]
388d39d BasebandVersionPreferenceController: Trim baseband if needed [Bruno Martins]
eddaa5c DisplaySettings: font size in 5% steps from 80% to 130% [Jean-Pierre Rasquin]
08e04c8 Settings: Set preference controller for all VideoPreference widget usages [LuK1337]
6dd171e Settings: update illustrations from RD1A.201105.003.A1 [Aswin A S]
2ca7b16 Settings: Add animation for global action preference [Mesquita]
898db31 Set highest priority as default value to Bluetooth codec [timhypeng]
96b31d7 Settings: Add drawable for Private DNS [Stallix]
0820cf7 fingerprint: Remove unnecessary spacing in enroll layout [LuK1337]
cb7606d Suggestion cards: align them to searchbar [Dil3mm4]
43c463e Settings: Add all gesture preview animations [mydongistiny]
4215b87 Settings: Add animations on some preferences [jhenrique09]
3267aaa Settings: Fix icon tinting in power detail pages [maxwen]
ad01b77 Settings: Address a memory leak [dragonGR]
a88f891 Settings: fix hardcoded black text in storage summary [maxwen]
1643986 Settings: display fstype for mounted volumes [maxwen]
c3ffb80 Settings: Fix dismissal card bg color [jhenrique09]
1ebcb6d Settings: Fix the failing strings [Michael Bestas]
b95be62 Settings: Use correct icon for ring volume [Michael Bestas]
a87443f Settings: pixelize settings more [jhenrique09]
2705047 Port "Battery Usage Alerts" feature from factory images [ezio84]
59698c4 Disable more useless classes [ezio84]
a968ab4 Settings: Import Adaptive Battery translations from crosshatch [jhenrique09]
3f61089 FeatureFactoryImpl: update PowerUsageFeatureProviderGoogleImpl for R [rohan]
d8087b7 FeatureFactoryImpl: Import PowerUsageFeatureProviderGoogleImpl [jhenrique09]
2b6096c FeatureFactoryImpl: Update ApplicationFeatureProviderGoogleImpl for R [rohan]
6ce4337 FeatureFactoryImpl: Implement ApplicationFeatureProviderGoogleImpl [jhenrique09]
51f2754 FeatureFactoryImpl: Implement SuggestionFeatureProvider [jhenrique09]
2dec58e FeatureFactoryImpl: Implement SearchFeatureProviderGoogleImpl [jhenrique09]
1473337 FeatureFactoryImpl: Implement AccountFeatureProviderGoogleImpl [jhenrique09]
a9f92b5 Settings: Initial implementation of FeatureFactoryImpl from Pixel [jhenrique09]
e8ca7ff Developer options: Remove system heap dump preference [Alex Cruz]
14e3978 Settings: Improve OverlayCategoryPreferenceController for icon packs [Adithya R]
a9ac7f0 Settings: Add primary color picker from Styles & Wallpapers [pimpmaneaton]
89be3a8 Settings: move dark theme under theming category [Adithya R]
a2156a9 Settings: add support for changing icon pack [Adithya R]
380b6a8 Settings: add back theming from dev settings into display settings [Adithya R]
66461f4 Improve the performance of displaying preference - multithread. [Zoey Chen]
990181f Remove "storage type" preference from Settings [joffenberg]
963e0ad Fix resultCodes from WifiPickerActivity [inthewaves]

* packages/apps/ThemePicker
32c72f6 ThemePicker: Match various backgrounds to device theme [Filippo]
43f1745 ThemePicker: Grant missing wallpaper permissions [Danny Lin]
d151197 ThemePicker: Use more descriptive icon pack names [Danny Lin]
1fdbc4c ThemePicker: Fix ugly black/transparent bar under nav area [LuK1337]
38a798e Fix preview tile in grid option picker [Marc K]
4c11655 ThemePicker: Show item name under the category name [El Dainosor]
1963647 ThemePicker: Enable vertical scrollbar for options container [LuK1337]
4aebd2e ThemePicker: limit number of icon previews shown [Demon000]
4011d2e Specify we read and write launcher settings [Luca Stefani]
ac09df4 Add wallpaper default permissions [LuK1337]
c2ecb10 Add wallpaper privapp whitelist [Luca Stefani]

* packages/apps/Updater
1952a93 push-update: Detect adb root status [Tom Marshall]
be59ce7 Updater: Retrieve recovery update setting using the prop itself [Alessandro Astone]
76f8f1f Updater: Add setting for updating recovery [Bruno Martins]
f01e793 UpdatesActivity: only set performance mode on A/B devices [Alexander Martinz]
1ecf1c8 UpdatesDbHelper: Move identical code into helper method [Pavel Salomatov]
2892110 Updater: Sign with platform key [LuK1337]
18db387 sepolicy: Address more denials for updater app [saikiran2001]
df03a92 push-script: Update cut commands for ROM name change [NoSpamDan]

* packages/apps/WallpaperPicker2
3da16c4 WallpaperPicker2: Declare usage of missing permissions [Danny Lin]
013c853 WallpaperPicker2: Match backgrounds to device theme [Filippo]
dc2380d WallpaperPicker2: match bottom bar color to primary dark color [Anay Wadhera]

* vendor/candy
b7afe05 soong: Add TARGET_LEGACY_HW_DISK_ENCRYPTION conditional [Nolen Johnson]

* vendor/pixelgapps
07da1d0 Update to February redfin img [ezio84]

* vendor/qcom/opensource/fm-commonsys
bfbc875 Automatic translation import [Michael Bestas]

🍬 26-Feb-2021 🍬

* bootable/recovery
7c4967d recovery: Modify for Candy version changes [NoSpamDan]

* device/candy/sepolicy
d31d1df common: Fix private app context for Candy Updater [NoSpamDan]

* system/sepolicy
ccf3290 Allow Settings to read SELinux status [maxwen]

* vendor/qcom/opensource/cryptfs_hw
aaa8a78 cryptfs_hw: Choose keymaster version for key signing [Neeraj Soni]

🍬 25-Feb-2021 🍬

* candy
5ea7777 candy: Add back our Updater app [NoSpamDan]
02c4b7c candy: Track our own system_update_engine [NoSpamDan]

* device/google/sunfish
f810248 sunfish: Add Candy overlays folder and set maintainer name [NoSpamDan]

* frameworks/base
10be4de UpdateEngine: Add perf mode binder interface [Luca Stefani]
25585a7 Skip screen on animation when wake and unlock via biometrics [Jesse Chan]
53db5e6 Check UID's process state before restricting its network. [xiamengsen]
c904acf Pad ime_switcher same as navbar buttons [codingkerensa]
9225a82 Sharesheet: Set max ranked items to 8 [LuK1337]
186051e Use the try catch to deal with the StaleDataException. [guofei.xue]
be5dfbd When the mUri is null,it will happen NullPointerException. [guofei.xue]
1921e4b Ringtone uri should add type query [wan.li]
59447f4 fingerprint: handle PerformanceStats NULL pointers [Ícaro Hoff]
a626c4f Squashed import of adb root patches [LuK1337]
fe748f9 SystemUIGoogle port: don't override aosp scrim controller [ezio84]
8ed8cc9 SystemUI: Implement live wallpapers changes from redfin 11 [jhenrique09]
f336fb5 SystemUI: Implement EnhancedEstimatesGoogleImpl from redfin 11 [jhenrique09]
62baee6 SystemUI: Implement Smart space from redfin 11 [jhenrique09]
a0c4b82 Sync StatusBarGoogle with out StatusBar [ezio84]
2b4e419 Initial import of SystemUIGoogle [jhenrique09]
a16cda4 base: Grant storage permissions to Google Markup [DennySPB]
91aea90 base: Grant suspend permission to Wellbeing [Surge Raval]
24cd339 base: Grant storage permission to ThemePicker [Anushek Prasal]
c171ba2 Fix Google dialer FC due to missing permissions [Alex Cruz]
e5739f6 Allow chromium to sign in [spaceman860]
4846dfb Fix Google Calendar FC [Josh Chasky]
0d1e0b7 base: correct package names for Launcher/ThemePicker overlays [Anay Wadhera]
49232a0 base: media_seekbar: make it sexy [vladrevers]
8bf403e Fix Android 7.0 GApps permisions which were causing F/C [Alex Naidis]
e33b12c ActivityManagerService: dont be so hectic on cpu battery stats [Simao Gomes Viana]
7adde1e Enable Binder Proxy Tracking by Uid only on eng builds [dianlujitao]
3fb19bf SystemUI: Add support for persistent usb drive notification. [Adnan Begovic]
db6127a SystemUI: Allow snoozing SD card notification unconditionally [LuK1337]
e0fbc59 Fix bug Device that can't support adoptable storage cannot read the sdcard. [sangho.yoon]
6d5b4f8 Delay blanking of displays to improve performance [Hampus Wessman]
2390f28 CandyUtils: Add isAppInstalled [maxwen]
b7354a1 CandyUtils: Add isAvailableApp method [maxwen]
e6125ff Ask pin when tapping on Airplane/Cellular tiles if secured [ezio84]
cff4690 SystemUI: use DOUBLE_TAP_TO_WAKE setting also for wake from aod [maxwen]
a0e89fe Add colors to assistant animation [paphonb]
10260a398 SystemUI: Prevent loop with display timeout [Sam Mortimer]
4fbc358 Check for null callerPackage in getStorageEncryptionStatus [Ethan Chen]
b79c354 Screenshot: Add delete action chip intent [ganeshi4u]
b920b21 SystemUI: Fix WiFi icon in inactive state on icon packs [rajadeja]
ce6c478 SystemUI: Use AOSP bluetooth icon when showing battery level [Kshitij Gupta]
719caa4 SystemUI: Update Bluetooth battery level assets. [Hernán Castañón Álvarez]
dc5a2c0 SystemUI: Add more bluetooth device filters [maxwen]
82aefd6 Add improvments to statusbar Bluetooth battery level [ezio84]
518d48d SystemUI: Show bluetooth battery level when available [LuK1337]
cb8ff71 Fix WebView vulnerability by disallowing file access [Chen Xu]
259a4ab Fix color mismatch of pointers [xuejianbao]
6fd2b43 Fix CDM.requestNotificationAccess() in profile. [Oasis Feng]
1836f53 aapt2: silence positional arguments warnings [Park Ju Hyung]
8e85004 FingerprintManager: return "Try again" by default [Park Ju Hyung]
0e08686 Apply JNI optimizations to HwParcel [Daniel Colascione]
f03e85d storage: Set all sdcards to visible [Andreas Schneider]
e708f1b SystemUI: add caffeine qs tile [Keith Mok]
930e78c SystemUI: Tiny expanding improvement [BigBrother1984]
cef06c7 ViewConfiguration: Set scroll friction to 0.012 [Alex Naidis]
c3f4369 AppStandbyController: Only check user standby setting [Joe Maples]
2d0dcef SystemUI: add more notification snooze times [Chris]
53caf34 Allow adjusting screen density to smaller sizes. [Danny Baumann]
a47a0a1 aapt: Fix compiler warning (clobbered by longjmp) [Christopher R. Palmer]
e042e55 aapt: add check for untranslatable "string-array"s [Chirayu Desai]
37aa3af aapt: Use a std::map instead of a SortedVector [Christopher R. Palmer]
3f4d9bf Guard in short-circuit evaluations for stringSplit methods. [Mohammed Irfan]
46bf4d8 Camera: Don't throw exceptions when value pairs have spaces in them [Ricardo Cerqueira]
eeb1e47 audio: Don't play sound effects if stream is muted [Steve Kondik]
82c5ac7 NotificationManagerService: Disable channel warning toast by default [jhenrique09]
c70f876 keyguard: Actually kill Fancy Colon [Joe Maples]
1bdc94a Suppress FingerprintManager logspam [Harsh Shandilya]
3c74bb9 aapt: Speed up the style pruning [Christopher R. Palmer]
a596dc8 Speed up Orientation Listener [Chet Kener]
7895529 Disable statusbar time refresh when screen off [Jun Su]
332f232 SystemUI: Fix SystemUI Crash [mqi]
e74b086 display: Don't animate screen brightness when turning the screen on [Sultanxda]
8dc450d BluetoothAdapter: disable logspew [Alexander Martinz]
9743245 Reduce log verbosity: Don't spam logcat [fusionjack]
ec705fa PackageManager: Add configuration to specify vendor platform signatures [Ethan Chen]
2bd0cd9 fwb: Add vendor platform signature overlay [Ethan Chen]
c9e8bf8 Dynamically tell the user which vendor image is needed [beanstown106]
e14b5b5 Show a more descriptive message when vendor.img is out of date [beanstown106]
18d068a Add support for page theme color to WebView and WebChromeClient. [Danny Baumann]
8a5d662 Factor out preference-in-storage check to overridable method. [Danny Baumann]
860d4f6 Camera: Expose Aux camera to apps present in the whitelist [Sauhard Pande]
c40934b hwui: Fix HWUI_COMPILE_FOR_PERF for non-arm [Joe Maples]
5c548e4 SystemSensorManager: sensor block per-package [Simao Gomes Viana]
6f9892e SmoothSpinners: Makes the loading "spinner" animation smoother [Sar Castillo]
fde02e7 Improve scrolling cache [Pawit Pornkitprasan]
ec138d0 Status bar notification: Use Material icons for missed calls [XXMrHyde]
9965190 android.view: Speed things up!! [Mazda]

* packages/apps/Settings
f62678e Network settings: always start expanded [ezio84]
cdb8b13 Bomb Settings suggestions with napalm - Episode R [ezio84]
a7d44ea Remove the Automatic ota check option [ezio84]

* packages/apps/Updater
cc7d5ec Updater: Updates for c11 [NoSpamDan]

* system/update_engine
c4bb12d Don't verify payload signatures in recovery [Alessandro Astone]
6a9d6f9 update_engine: Run backuptool only in debuggable builds [Luca Stefani]
e81d35b update_engine: Transition to backuptool domain [Luca Stefani]
d9b8316 update_engine: Run backuptool script before normal postinstall script [Dan Pasanen]
e403558 update_engine: Add performance mode [Gabriele M]

