🍬🍬🍬🍬🍬🍬 CANDY 11 🍬🍬🍬🍬🍬🍬

 CandyRoms Changelog for fajita

🍬🍬🍬🍬🍬🍬🍬🍬🍬🍬🍬🍬🍬🍬🍬🍬🍬

🍬 11-Apr-2021 🍬

* device/oneplus/hotdogb
ab55466 sm8150-common: Remove duplicate fod color [NoSpamDan]
91c455d hotdogb: User our gapps [NoSpamDan]
cdcf754 overlay: Adjust brightness overlays [Ido Ben-Hur]
4e8478f hotdogb: fix product props [Omkar Chandorkar]
97bd692 hotdogb: rootdir: enable fbev2 [Omkar Chandorkar]
004edec hotdogb: drop ext4 userdata support [Omkar Chandorkar]
d22ea66 hotdogb: Change userdata fsync mode to strict for f2fs [Sultan Alsawaf]
f9db0ef Revert "hotdogb: overlay: Set custom corner rounding shape" [Omkar Chandorkar]
80cf87e hotdogb: rootdir: Modify fstab to allow f2fs userdata to mount [Anirudh Gupta]

* device/oneplus/sm8150-common
29f2ab9 sm8150-common: Add missing styles for doze [NoSpamDan]
0fe4bb0 sm8150-common: Candify DeviceSettings [NoSpamDan]
b01b625 sm8150-common: Use LOS kernel [NoSpamDan]
7529c7c sm8150-common: Candified yaaps [NoSpamDan]

* frameworks/av
d4e10e1 Revert "OMX AAC decode don't support getting DRC parameters" [NoSpamDan]

* frameworks/base
0a53c0b Make Quick Unlock compatible with long PIN/Password [1/2] [Hikari-no-Tenshi]
22d2ccc Disable PIN entry after successful quick unlock [Veeti Paananen]
ee3596e Keyguard: Forward port lockscreen quick unlock (1/2) [Matt Mower]
095fb65 Keyguard: Add option to scramble pin layout when unlocking (2/2) [Adnan]
6c1fa27 LockPatternUtils: Make settings getter and setters protected [d34d]
fbccf11 Forward port CM Screen Security settings (1/2) [Michael Bestas]
7730d63 SystemUI: Nuke bubble clock [Ido Ben-Hur]
63086ef SystemUI: Adapt latest clocks to our layout [rohan]
09ee7b0 SFUNY Clock: Add proper preview layout [Pranav Vashi]
3672c7d DividerLines Clock: Fix margin issue in layout [Pranav Vashi]
00be1d3 Add time refresh capabilities for bold, digital and Samsung lockscreen clocks [Adhitya Mohan]
ae0cde7 SamsungHighlight Clock: Improve layout [Anushek Prasal]
b0e9eef Add SamsungHighlight clock [El Dainosor]
a236b80 MNML Clock: Add proper preview layout [Pranav Vashi]
c8d75f2 MNMLBox Clock: Clean up hacky layouts [Pranav Vashi]
31efe73 Add MNML based clock desgins [El Dainosor]
d7057a2 Add SFUNY clock [El Dainosor]
ed5d902 DividedLines Clock: Add proper preview layout [Pranav Vashi]
418a385 DividerLines Clock: Set 24-hr time format as well [Pranav Vashi]
d72e12b Add DividedLines Clock [El Dainosor]
2b40a8a base: Allow to show daily data usage [1/2] [Anushek Prasal]
db830f1 SettingsLib: Add method to get daily data usage [AnkitGourav]
dbb11d7 QS: Add and use Bluetooth Panel instead of full Settings [Joe Maples]
38626cd QS: Use Mobile Data panel for CellularTile [Anushek Prasal]
e3093be QS: Add and use Mobile Data panel [Joe Maples]
d016dd9 QS: Use Settings.Panel intents for WiFi and NFC [Joe Maples]
f7e5176 DataSwitchTile: collapse notification panel onClick [DennySPB]
3f1fd9f SystemUI: DataSwitchTile: Use MD2 drawables [Anushek Prasal]
13863ee base: Introduce DataSwitchTile [Christian Oder]
1c95cd5 Install seccomp filter even if selinux is permissive [Han Wang]
94adcbf WifiManager: Add StaState API [Kshitij Gupta]
3410014 Fix lockscreen wallpaper not being set if different from the Home one [ezio84]

* packages/apps/Settings
bd40ccd screenlock: Use SwitchPreference from vendor/support [NoSpamDan]
9c8dd52 Make Quick Unlock compatible with long PIN/Password [2/2] [Hikari-no-Tenshi]
0161367 Settings: Keyguard: Forward port lockscreen quick unlock (2/2) [Matt Mower]
3d247a6 Settings: Add option to scramble pin layout when unlocking (1/2) [Adnan]

* packages/apps/Updater
2710e23 updater: Remove broken export feature [NoSpamDan]

* vendor/gapps
c7ab93b gapps: Drop turboadapter [NoSpamDan]

🍬 10-Apr-2021 🍬

* device/oneplus/sm8150-common
98d6da4 sm8150-common: props: fix telephony.lteOnCdmaDevice [Omkar Chandorkar]
b6d7caa sm8150-common: Build libtinycompress from source [LuK1337]
f008919 sm8150-common: libinit: refactor device model check [Omkar Chandorkar]
45b8fb3 sm8150-common: add secure_element blobs [Omkar Chandorkar]
c87d351 sm8150-common: de-duplicate secure_element [Omkar Chandorkar]

* frameworks/base
34ed28e Merge "Allow to configure or disable lockscreen media art blur [1/2]" into c11 [Dan Cartier]
c366f93 Allow to configure or disable lockscreen media art blur [1/2] [ezio84]

* packages/apps/Settings/CandyShop
14a794d Allow to configure or disable lockscreen media art blur [2/2] [ezio84]

* vendor/candy
c1246c9 ThemePicker: Define clocks stub package [Danny Lin]
45f10ef ThemePicker: Do not override default values [Demon000]
dd6b880 Add Settings overlay for theme picker. [Danny Baumann]
904f2fe Add overlay to specify our custom theme provider [Luca Stefani]
9fe9903 candy: Use AOSP ThemePicker (Styles and Wallpapers) [NoSpamDan]
858a08c Add initial stub apk for themes [luca020400]

* vendor/gapps
4176267 product: Remove PixelWallpapers2020 prebuilt and live wallpaper check [NoSpamDan]

* vendor/support
ef620ad support: Add and use SwitchPreference [Anushek Prasal]

🍬 09-Apr-2021 🍬

* candy
80f300e candy: Track our own system/vold [NoSpamDan]
a9d984f candy: Track our own SettingsIntelligence [NoSpamDan]

* device/oneplus/sm8150-common
af08b95 sm8150-common: Enable incremental FS feature. [Prasanta Kumar Sahu]

* packages/apps/SettingsIntelligence
adf0d27 SettingsIntelligence: Regen database on build version change [Luca Stefani]
b336ad5 SettingsIntelligence: Match Settings style [Luca Stefani]

* vendor/gapps
7a39aca sunfish: Don't build duplicate packages [NoSpamDan]

🍬 08-Apr-2021 🍬

* device/oneplus/sm8150-common
3884e0f sm8150-common: libinit: set proper product props for guacamole and hotdogb [mauronofrio]
3ea50a0 Revert "sm8150-common: utilize ophdr service" [Omkar Chandorkar]

* frameworks/base
201b48a base: Grant SafetyHub some core permissions on first boot. [Joey Huab]
d8864cd DefaultPermissionGrantPolicy: Silence harmless errors [Pranav Vashi]
4b16434 Fix Fi permissions [Kshitij Gupta]
e6a36aa base: grant storage permissions for Updater [Ali B]
8b1b040 Allow chromium to sign in [Ali B]

* frameworks/opt/net/wifi
06a79b2 wifi: Add StaState API [Kshitij Gupta]

* hardware/candy/interfaces
e461333 WifiNanIface: Validate interface before cleanup. [Nate Jiang]
4ca128a wifi: Update wifi_wait_for_driver_ready return status handling [Veerendranath Jakkam]
3a5f679 Ringbuffer stops logging after wifi toggle [xshu]
18d0213 Drop VNDK support from vendor.lineage.power aidl interface [LuK1337]
19d9822 Add AIDL lineage power HAL [dianlujitao]
1e52860 Regenerate fastcharge HIDL blueprint [LuK1337]
33573ac Import Motorola Health HAL [Vachounet]
bd49bf7 lineage/interfaces: add fastcharge HAL [Francescodario Cuzzocrea]
79a1f6d Add 'vendor.' prefix to a vendor HAL service name [Jaekyun Seok]
a442c02 touch: Add keys swap interface [Arian]
de972d7 trust: set system vintf fragment xml to framework [Michael Benedict]
36c3fc3 gnss: fix -Wreorder-init-list [Nick Desaulniers]
fa2e819 interfaces: camera: Implement lockYCbCr stub for Mapper 4.0 [Jason Macnak]
54e70f6 interfaces: camera: fix two potential null pointer uses [George Burgess IV]
67e6752 interfaces: Camera: add IAllocator/IMapper 4.0 to camera HIDL [Marissa Wall]
0f0a082 trust: Include VINTF fragments [Michael Bestas]
059a678 Remove libhwbinder/libhidltransport deps [dianlujitao]
3227a6d trust: create service [Joey]
56a9533 interfaces: Add trust 1.0 HAL [Paul Keith]

* kernel/oneplus/sm8150
bd26980 coretech: uxcore: Add Makefile [LuK1337]
e731a91 Fix build break [yu.huang]
47052570 Revert "defconfig: Disable broken options" [LuK1337]
ab47512 Revert "arm64/mmap: Port special_arch_pick_mmap_layout from 8250 kernel" [LuK1337]
c1f193d Revert "qcom: qpnp-fg-gen4: Port external fg changes from SM8150-Q" [LuK1337]
e3156c3 Revert "coretech: Add {Kconfig,Makefile}" [LuK1337]

🍬 07-Apr-2021 🍬

* device/oneplus/sm8150-common
41d5906 Revert "sm8150-common: rootdir: move vendor.sensors from early-boot to boot" [Omkar Chandorkar]
b84e123 sm8150-common: Add MDM remote fs symlinks [LuK1337]
806a90a sm8150-common: -1 
 [LuK1337]
d570961 sm8150-common: update adreno blobs from from LA.UM.9.1.r1-09100-SMxxx0.0 [Omkar Chandorkar]
26f09e6 sm8150-common: Remove fpc1020 keylayout [LuK1337]
42d9ec8 sm8150-common: Vendor tree is not optional [LuK1337]
855b3f3 sm8150-common: Remove vendor.qti.hardware.cryptfshw from PRODUCT_PACKAGES [LuK1337]
2e1a5c9 sm8150-common: {fod,touch}: Align Android.bp with sm8250-common [LuK1337]
8aa664a sm8150-common: tri-state-key: Add `vendor.` prefix to svc name [Han Wang]
0327a62 sm8150-common: sensors: Replace sleep(1) with pause() [LuK1337]
c39af23 sm8150-common: drop sysfs_livedisplay_tuneable [Omkar Chandorkar]

🍬 06-Apr-2021 🍬

* device/oneplus/sm8150-common
5d9d350 sm8150-common: Update public.libraries.txt from OOS 11 [LuK1337]
afc6e9f sm8150-common: Drop prebuilt libwfdaac [Bruno Martins]
e1a41db sm8150-common: Update in pinned files. [Nicolas Geoffray]
1db5fd8 sm8150-common: Update config overlay with new SystemUI location [Jeongik Cha]
300821f sm8150-common: Pin standard SystemUI instead of Google's [Bruno Martins]
9144db3 sm8150-common: Update paths to the new ART APEX. [Martin Stjernholm]
b69a5a5 sm8150-common: Sync pinner service configs from crosshatch [Rick Yiu]
09a1e7f sm8150-common: Remove prebuilt libcamera2ndk_vendor.so [LuK1337]
20b427d sm8150-common: Remove android.hidl.{base,manager} [LuK1337]
7f8b1ab sm8150-common: include manifest-qva for sku_2 as well [Omkar Chandorkar]
a95ed1f sm8150-common: include manifest-qva for sku_3 as well [Omkar Chandorkar]
161616a sm8150-common: Allow HIDL manifests to be appended to others. [Alexander Koskovich]
d80c497 sm8150-comon: init: update fingerprint from coral [Ido Ben-Hur]
eb429bb overlay: Welcome to the team our friend [Ido Ben-Hur]
b537199 sm8150-common: KeyHandler: Use mode specific vibration effects [LuK1337]
8e1b2d1 sm8150-common: switch to gulch kernel [Omkar Chandorkar]
9a2c0f3 sm8150-common: BoardConfigCommon: Build userdata image as f2fs [Anirudh Gupta]
6223a17 sm8150-common: Switch to QTI bootctrl HAL [LuK1337]
065f614 sm8150-common: switch to 1.1 bootctrl [Omkar Chandorkar]
a08a328 sm8150-common: Drop ext4 userdata support [Omkar Chandorkar]
9f4bb54 sm8150-common: Enable Project ID Quota support on userdata. [Daniel Rosenberg]
ae41726 sm8150-common: Remove carrier specific overlays [LuK1337]
e3877fd sm8150-common: sepolicy: add vendor_ prefix [Omkar Chandorkar]
06deb94 sm8150-common: utilize ophdr service [Omkar Chandorkar]
8cc6968 sm8150-common: add missing hdr configs [Omkar Chandorkar]
38957c3 sm8150-common: Pack libwfdaac_vendor for WFD [Indranil Chakraborty]
b089f38 sm8150-common: Deploy libwfdaac_proprietary for miracast [Lubin Yin]

🍬 05-Apr-2021 🍬

* candy
1d3863e candy: Track our own Contacts [NoSpamDan]
f0f187a candy: Track our own system_security [NoSpamDan]
2dd029f candy: Track our own system_netd [NoSpamDan]
171a390 candy: Track our own TelephonyProvider [NoSpamDan]

* device/oneplus/sm8150-common
fcd4d84 sm8150-common: doze: Add vector icons [arian]
906e3f8 sm8150-common: fod: Update LOG_TAG [LuK1337]
c863ec9 sm8150-common: checkout perf configs from LA.UM.9.1.r1-09200-SMxxx0.0 [Omkar Chandorkar]
cbd2ee0 sm8150-common: Update libwfdnative.so path [LuK1337]
7aa52cc sm8150-common: sepolicy: Label ro.gfx.driver.1 [LuK1337]
c76a719 sm8150-common: Sync {system,vendor}.prop with stock [LuK1337]
576449a sm8150-common: Sync configs with OOS 11 [LuK1337]
e17e3ac sm8150-common: Remove local hals.conf [LuK1337]
e8e1f47 sm8150-common: Sync /vendor/etc/permissions with OOS 11 [LuK1337]
348904a sm8150-common: sepolicy: address denials for user build [Omkar Chandorkar]
d3fd15a sm8150-common: change nfcee_access resources [Omkar Chandorkar]
fad43a2 sm8150-common: rootdir: Change permissions for /dev/diag. [Vishal Cj]
deae5e8 sm8150-common: sepolicy: allow untrusted_app_29 to access camera prop [Omkar Chandorkar]
f8b7175 sm8150-common: sepolicy: label more nfc props [baalajimaestro]
0d9ad4e sm8150-common: Update SELinux boot error [Adam Shih]
6be7e13 sm8150-common: decommonise QTI vibrator HAL [Omkar Chandorkar]
4212165 sm8150-common: update manifest [Omkar Chandorkar]
cba7fe5 sm8150-common: Update dex flags [baalajimaestro]
182e9dc sm8150-common: set BOARD_SUPPORTS_SOUND_TRIGGER to true [Omkar Chandorkar]
8ec877a sm8150-common: oneplus-fwk: update from OnePlus7TOxygen_14.O.25_OTA_0250_all_2103170010_42034d7f [Omkar Chandorkar]
7c589d0 sm8150-common: log priv-app perms [Omkar Chandorkar]
641d3bf sm8150-common: remove unused keyhandler entry [Omkar Chandorkar]
5305d22 sm8150-common: add a rro to disable telephony injection [Kuba Wojciechowski]
ed241e5 sm8150-common: update wfd blobs [Omkar Chandorkar]
4af9d6d sm8150-common: uprev vendor.qti.hardware.wifi* [Omkar Chandorkar]
d1fbbe9 sm8150-common: props: enable and update DPM props [Omkar Chandorkar]
7a6ff5d sm8150-common: sepolicy: build fixes [Ido Ben-Hur]
68d8541 sm8150-common: DeviceSettings: Update HBM tile & switch on screen off [Ido Ben-Hur]
ec7489a sm8150-common: DeviceSettings: Improve refresh rate switches [Ido Ben-Hur]
56ff898 DeviceSettings: Update Chinese translation (#1) [ZONGQUAN-HU]
acd289b FallSensor: Correctly theme the dialog [Ido Ben-Hur]
0b17052 sm8150-common: Theme the popup camera dialog [Ido Ben-Hur]
a66514c sm8150-common: Allow to always display front camera open dialog [Ido Ben-Hur]
5183a77 camera_helper: Show alert dialog before raising camera when screen is off [rituj]
7099ff8 sm8150-common: camera_*: rework implementation and cleanup [rituj]
fa7874f Revert "sm8150-common: sepolicy: Allow ims to read and write to diag_device" [Omkar Chandorkar]
95a9733 DeviceSettings: Digital-style icon for FPSInfo QS Tile [Nauval Rizky]
519249d DeviceSettings: Add FPS overlay QS tile [Ido Ben-Hur]
9f5bef8 sm8150-common: DeviceSettings: Update DC Dimming Tile icon [Omkar Chandorkar]
7f20dd7 sm8150-common: uprev radio [Omkar Chandorkar]
9a4e294 sm8150-common: drop hotdogg support [Omkar Chandorkar]
79baa9f sm8150-common: remove unused firmware [Omkar Chandorkar]
348d2cc sm8150-common: rootdir: move vendor.sensors from early-boot to boot [John Galt]
867986b sm8150-common: add google_c2 configs [Omkar Chandorkar]
d3b18dc sm8150-common: Switch certain dexopt profiles to verify [baalajimaestro]
9916db4 sm8150-common: Rework dex flags again [baalajimaestro]
c9ca630 sm8150-common: props: enable persist.rcs.supported [Omkar Chandorkar]
b8e6ec2 sm8150-common: Use phase offsets as duration [tangrobin]
e83a2da sm8150-common: enable GL comp backpressure [tangrobin]
b995219 sm8150-common: ueventd: Don't modify permissions of /dev/hw_random [Wang Han]
2a11b63 sm8150-common: Optimise dex flags for a faster boot [baalajimaestro]
4c26345 sm8150-common: overlay: configure SQLite to operate in MEMORY mode [Jesse Chan]
c5b7fc5 sm8150-common: enable SecureElement only for sku_3 [Omkar Chandorkar]
a1204f5 sm8150-common: Use CodeAurora ImsService implementation for RCS [Bruno Martins]
cbbe4f7 sm8150-common: Do not build SecureElement [Hikari-no-Tenshi]
28ea772 sm8150-common: sepolicy: Add swapper to kill. [Quallenauge]
6069eb2 sm8150-common: Bluetooth: Push BT permission files to device Push Bluetooth and Bluetooth LE permission files for enabling BLE. Set MAX_ACL_CONNECTIONS and MAX_L2CAP_CONNECTIONS to 16 [pramod kotreshappa]
38fb9f1 sm8150-common: bluetooth: Fix undefined PROPERTY_VALUE_MAX [dianlujitao]
dce0c7b sm8150-common: Bluetooth: Increase number of SEPs to support SHO/Mcast [Umesh Vats]
c5bc42c sm8150-common: bluetooth: Push×pop PROPERTY_VALUE_MAX in buildcfg header [LuK1337]
253e93d sm8150-common: switch to unified bdroid header [Omkar Chandorkar]
e5b2963 sm8150-common: props: silence IMS debug logs [Omkar Chandorkar]
e504fe9 sm8150-common: sepolicy: address LS charging denials [Ido Ben-Hur]
a0a9f7e sm8150-common: Enable blur by default [Ido Ben-Hur]
911919e sm8150-common: Update ims privapp permissions [Dillon Brosche]
4503d39 sm8150-common: update ims.apk from LA.QSSI.11.0.r1-09400-qssi.0 [Omkar Chandorkar]
bfc116b overlay: We don't have a notification led [Ido Ben-Hur]
16a32ae sm8150-common: update-sha1sums: Handle line with opts [dianlujitao]
cbe3727 sm8150-common: update-sha1sums: Better handle line breaks [dianlujitao]
648231d sm8150-common: Format update-sha1sums.py with yapf [dianlujitao]
cb09b9d sm8150-common: Add unpinning support to update-sha1sums.py script [Bruno Martins]
f0b9c08 sm8150-common: Handle moved blobs in update-sha1sums.py script [LuK1337]
1ad7dea sm8150-common: Add script to update sha1sums of kanged blobs [LuK1337]
2240df9 sm8150-common: Update sepolicy domains to new UM SEPolicy [Filippo]
15ae125 sm8150-common: wifi: Disable RX wakelock feature [LuK1337]
ff3e0a0 sm8150-common: disable SAE support on wifi configs [Dede Dindin Qudsy]
7cbc24e sm8150-common: Deduplicate handheld_core_hardware.xml copy rule [Bruno Martins]
ec195c0 sm8150-common: Enable ipsec_tunnel feature [Prakash Pabba]
cc07ff9 sm8150-common: Switch to LLVM tools for kernel build * Required for building kernel with RELR relocations,    as binutils doesn't support this and throws errors like: [ghostrider-reborn]
26ad8f2 sm8150-common: create symlinks for IMS and NxpNfcNci [Omkar Chandorkar]
7e0b864 sm8150-common: DeviceSettings: Make icon color adaptive [Murtaza@Piplod]
4beb4f6 sm8150-common: DeviceSettings: Launch main activity on long QS tile press [Ido Ben-Hur]
c62ced9 sm8150-common: overlay: Don't show AOSP's display color mode picker [Ido Ben-Hur]
1179b34 sm8150-common: overlay: set custom title for doze [Omkar Chandorkar]

* vendor/gapps
ab125d5 gms: Update from RQ2A.210305.006 [Dyneteve]
b2e62e8 gms: Set LOCAL_MULTILIB for some packages [Dyneteve]
870bd4b gms: Misc changes [Dyneteve]
c017697 gms: Update from RQ1A.210105.003 [Dyneteve]

🍬 04-Apr-2021 🍬

🍬 03-Apr-2021 🍬

* device/oneplus/sm8150-common
389844e sm8150-common: doze: Use all shared resources from devicesettings [Bruno Martins]
04b69b8 sm8150-common: DeviceSettings: Add a scrollable image view layout [SKULSHADY]
1b71731 sm8150-common: libinit: handle dalvik props based on sysram [Omkar Chandorkar]
130b2ee sm8150-common: DeviceSettings: nuke night mode [Omkar Chandorkar]
ea7e581 [HAX]sm8150-common: correct string name for V gesture [Omkar Chandorkar]
d597d3f overlay: Call dash charger warp [Ido Ben-Hur]
5aa7fad overlay: We have a 'dash' charger [Ido Ben-Hur]
81b3d25 sm8150-common: override with coral R March fp [Adhitya Mohan]
7330cb0 sm8150-common: libinit: include full static libbase [TheScarastic]
ccd17b4 sm8150-common: Add init script to set properties per variant. [Jake Weinstein]
b44cf3c sm8150-common: Import new biometric dialog for R and refactor [poad42]
6f0f94c overlay: enable InKernelDimming [Omkar Chandorkar]
9db7930 sm8150-common: Adapt DeviceSettings [Ido Ben-Hur]
b5efdf3 Le roi est mort, vive le roi! [Omkar Chandorkar]
ee24396 sm8150-common: fod: remove unused stuff [Omkar Chandorkar]
43e148d sm8150-common: props: update product audio props [Omkar Chandorkar]
e140de1 sm8150-common: Add product audio props [Hikari-no-Tenshi]
a597987 sm8150-common: Remove few props not used in OOS 10.3.4 [Hikari-no-Tenshi]
75254e1 sm8150-common: Sync audio props with OOS [Hikari-no-Tenshi]
3e09087 sm8150-common: Set parser input buffer size as on OOS [Hikari-no-Tenshi]
a2c213c sm8150-common: Set vendor prop to disable 3d-tonemap on UI [Sushil Chauhan]
228931a sm8150-common: enable Optimize Refresh feature [Padmanabhan Komanduru]
0fbde9e sm8150-common : add audio_effects.conf [Hikari-no-Tenshi]
8beaa06 sm8150-common: disable mask layer hint [Lup Gabriel]
5640594 sm8150-common: switch to LOS kernel [Omkar Chandorkar]
d0cbf9f sm8150-common: /{op1,op2} -> /mnt/vendor/{op1,op2} [LuK1337]
02c048c sm8150-common: Disable BT A2DP AAC whitelist [dianlujitao]
5c9d522 sm8150-common: Switch to QTI bt stack [dianlujitao]
fb250f8 sm8150-common: sensors: Bring back naruto light support [LuK1337]
5def802 sm8150-common: Import sensors/2.0/multihal [LuK1337]
df4becb sm8150-common: audio: Set proper interface for voice-handset-tmus [LuK1337]
9c4aaa9 sm8150-common: Add vendor.qti.hardware.data.iwlan to vintf manifest [LuK1337]
08d750a sm8150-common: Build and enable fastbootd [Alessandro Astone]
e7267bf sm8150-common: Correct TARGET_RECOVERY_PIXEL_FORMAT [Han Wang]
f7721ae sm8150-common: Import surface flinger props from OOS [LuK1337]
2f709f3 sm8150-common: Remove deprecated telephony flag [Bruno Martins]
9e6a31f sm8150-common: Move supplicant service init to wpa_supplicant [Jimmy Chen]
620943d sm8150-common: AB_OTA_UPDATER is BoardConfig variable. [Tao Bao]
af042b8 sm8150-common: Set SSR level to RELATED [LuK1337]
bb589b1 sm8150-common: Set group/owner of selected motor nodes to system:system [LuK1337]
d06c6c5 sm8150-common: Remove dead packages [LuK1337]
459a3cd sm8150-common: sepolicy: OOS 11 related updates [LuK1337]
b1be903 sm8150-common: fingerprint: Add vintf fragment [LuK1337]
0c37e56 sm8150-common: Add local OpFeatures implementation [LuK1337]
483fee0 sm8150-common: Fix host_init_verifier errors [LuK1337]
eb4b31c sm8150-common: Import OOS 11 changes [LuK1337]
30b3c4b sm8150-common: sepolicy: Address vendor_init denials [LuK1337]
04b2c5b sm8150-common: sepolicy: Address radio denials [LuK1337]
cfd8ed1 sm8150-common: sepolicy: Address vendor_hal_drm_widevine denials [LuK1337]
75b9567 sm8150-common: sepolicy: Fix build errors [LuK1337]
fc5247f sm8150-common: init: Add vendor prefix for shell [Ramakant Singh]
1cf3273 sm8150-common: Update qcom sepolicy include [LuK1337]
730724d sm8150-common: Don't sign Wifi RROs with platform cert [David Su]
100fe53 sm8150-common: Import WifiResCommon from stock [LuK1337]
620a7d4 sm8150-common: overlay: Remove wifi related internal overlays [Roshan Pius]
748e4b8 sm8150-common: Drop android.hardware.thermal HAL [LuK1337]
b8afced sm8150-common: Enable v1.3 drm plugins [Robert Shih]
1040a75 sm8150-common: Replace BOARD_CHARGER_ENABLE_SUSPEND with ro.charger.enable_suspend [Yifan Hong]
5f78581 sm8150-common: gpt-utils: Drop unnecessary include [LuK1337]
f4195c6 sm8150-common: Switch vintf manifest from copy files to build targets [LuK1337]
a4d58dc sm8150-common: Add fingerprint configuration to overlay [Kevin Chyn]
50c9724 sm8150-common: overlay: Add translatable="false" tags to ims package overlays [Brad Ebinger]
9dbc0b8 sm8150-common: overlay: Remove old configuration and use new config for MMTEL/RCS [Brad Ebinger]
a93b465 sm8150-common: Use component-override to configure Bluetooth [Ryan Mitchell]
e323df4 sm8150-common: Build new aidl qti power HAL [Arian]
2074c18 sm8150-common: Rename ueventd.rc module to ueventd.qcom.rc [LuK1337]
e9d3487 sm8150-common: Allow mremap to use MEMRMREMAP_MAYMOVE flag [Ray Essick]
f9e79d3 sm8150-common: Import codec2 seccomp policy [Alessandro Astone]
fed478b sm8150-common: Build libavservices_minijail_vendor [LuK1337]
a7735fe sm8150-common: sensors: Pass 0 degree rotation properly [LuK1337]
d34a002 sm8150-common: Remove libhwbinder/libhidltransport deps [Steven Moreland]
2e6ea18 sm8150-common: Relocate aptX blobs to system_ext [LuK1337]
b3e1afe sm8150-common: Build libplatformconfig from source [Arian]
37bfa66 Revert "sm8150-common: Don't resign TimeService app" [LuK1337]
40b1710 sm8150-common: Set gain of vibrator to 0x55 on boot [Alexander Koskovich]
0b0f0f6 sm8150-common: Build QTI vibrator HAL [LuK1337]
a22751b sm8150-common: drop prebuilt vibrator [Omkar Chandorkar]
d6e67ff Automatic translation import [Michael Bestas]
671ecb5 sm8150-common: Enable ro.audio.monitorRotation [LuK1337]
f7ff24a sm8150-common: Set voice call volume steps to 7 [rago]
f79f6d3 sm8150-common: Media volume: from 15 to 25 steps [Jean-Michel Trivi]
1384ca0 Automatic translation import [LineageOS Builder]
1eca0e1 sm8150-common: Decommonize remaining goodix fod dependencies [LuK1337]

🍬 02-Apr-2021 🍬

🍬 01-Apr-2021 🍬

* device/oneplus/sm8150-common
ecdbd43 sm8150-common: Enable RRO overlays for Snap [LuK1337]
8ed3133 sm8150-common: Switch to standalone extract utils [Michael Bestas]

* packages/apps/Contacts
8c298c2 Contacts: Fix light dropdown lists on dark theme [Hikari-no-Tenshi]
ac4067c Contacts: Fix light dialogs on dark theme [Hikari-no-Tenshi]
416d426 Contacts: Fix light popup menu on dark theme [Hikari-no-Tenshi]
98169c2 Contacts: style fast scroll thumb like in Dialer [maxwen]
46ea3d8 Contacts: Do not use accent color for dark style [Pranav Vashi]
d72b6ca Contacts: add dark mode support [Marko Man]

* system/security
bdd0cd6 keystore: Block key attestation for Google Play Services [Danny Lin]

🍬 31-Mar-2021 🍬

* kernel/oneplus/sm8150
7b75a4d qcom: qpnp-fg-gen4: Port external fg changes from SM8150-Q [LuK1337]
db5f852 arm64: traps: Save panic info [LuK1337]
b92b9a7 arm64/mmap: Port special_arch_pick_mmap_layout from 8250 kernel [LuK1337]
10418f2 treewide: Fix opchain include paths [LuK1337]
3ff3af2 arm64: Include coretech [LuK1337]
4c068e4 coretech: Add {Kconfig,Makefile} [LuK1337]
dea0715 defconfig: Enable QCACLD [Luca Stefani]
1d0ceb8 defconfig: Enable CONFIG_BUILD_ARM64_DT_OVERLAY [Davide Garberi]
638b331 defconfig: Disable broken options [LuK1337]
3e6712d defconfig: Extract changes from OOS 11 [LuK1337]
49e8875 Add toggle for disabling newly added USB devices [Daniel Micay]
2fc801d input: touchscreen: Expose every possible gesture [dianlujitao]
c6b6655 arm64: dts: Drop samsung_oneplus_dsc 1080p timings [LuK1337]
673a1ee Android: Add empty Android.mk file [LuK1337]
9860f80 scripts/dtc: Update to upstream version v1.4.6-21-g84e414b0b5bc [Rob Herring]
a729a30 dtc: checks: drop warning for missing PCI bridge bus-range [Rob Herring]
96971b2 scripts/dtc: Update to upstream version v1.4.6-9-gaadd0b65c987 [Rob Herring]
2fbdcfc scripts/dtc: Update to upstream version v1.4.5-6-gc1e55a5513e9 [Rob Herring]
cc7c19f scripts/dtc: Update to upstream version v1.4.5-3-gb1a60033c110 [Rob Herring]
d6419ec qcacld-3.0: Reverse fw-provided mac addr [Peter Cai]
7ab4ab8 qcacld-3.0: Disable build tagging. [Alexander Koskovich]
722c391 qcacld-3.0: Only call hdd_debugfs_process_mib_stats if debugfs is enabled. [Alexander Koskovich]
2bed1db qcacld-3.0: default_defconfig: Tone down debugging. [Park Ju Hyung]
d8086fb qcacld-3.0: Fix regulatory domain country names. [Danny Lin]
ef22650 qcacld-3.0: Nuke rx_wakelock code entirely. [Park Ju Hyung]
ce87d9a qcacld-3.0: Defer HDD initialization. [Park Ju Hyung]
3b2aed0 qcacld-3.0: Discard wlan_boot sysfs code on !CONFIG_MODULES. [Park Ju Hyung]
cef2d12 qcacld-3.0: Initialize variables to avoid errors during compilation. [Park Ju Hyung]
e542c66 qcacld-3.0: Do not manually re-enable -Wmaybe-uninitialized. [Park Ju Hyung]
3452202 qcacld-3.0: Always force user build. [Park Ju Hyung]
f00884d qcacld-3.0: Nuke Kconfig-based configuration entirely. [Park Ju Hyung]
51d36d2 drivers: staging: Include qcacld-3.0 source [LuK1337]
18f5bf4 kbuild: Restore techpack support [LuK1337]
4585279 techpack: makefile: do not export all the variables [Thierry Strudel]
f0760a2 techpack: audio: Make all sm8150auto drivers built in [LuK1337]
3b35bcf techpack: audio: Remove redundant bit in Makefile [Peter Cai]
3756e11 techpack: audio: Build tfa9894 [HolyAngel]
119c97a techpack: audio: Correct symlinks [Peter Cai]
79ca1f5 techpack: audio: Remove Android.mk [LuK1337]
a132e0c kbuild: Don't copy oneplus drivers as we added them to main tree [LuK1337]
81500a8 Synchronize codes for OnePlus 7 Oxygen OS 11.GM21AA and OnePlus 7Pro Oxygen OS 11.GM21AA and OnePlus 7T Oxygen OS 11.HD01AA and OnePlus 7TPro Oxygen OS 11.HD01AA [yu.huang]
fc53cbe kernel: Remove panic_flash.c from gitignore [LuK1337]
a429ca0 Add 'drivers/staging/qcacld-3.0/' from commit '793e8e4a442ee8504ec64d2a714ff411b32c3637' [LuK1337]
46747b9 Add 'drivers/staging/qca-wifi-host-cmn/' from commit '6fc328c02be00535135458bd906af3999ea16c41' [LuK1337]
b7f7d7c1 Add 'drivers/staging/fw-api/' from commit '7ca76902726e7c0cd3f74db0280e86edad9c4704' [LuK1337]
42d994f Add 'techpack/audio/' from commit '0d67fbe1f0d0d7ddc27452073c45a7915b7ab6cb' [LuK1337]

🍬 30-Mar-2021 🍬

* candy
5674941 candy: Fix typo [NoSpamDan]

* kernel/oneplus/sm8150
46e7111 Synchronize codes for OnePlus 7 Oxygen OS 11.GM21AA and OnePlus 7Pro Oxygen OS 11.GM21AA and OnePlus 7T Oxygen OS 11.HD01AA and OnePlus 7TPro Oxygen OS 11.HD01AA [yu.huang]
0d67fbe Synchronize codes for OnePlus 7 Oxygen OS 11.GM21AA and OnePlus 7Pro Oxygen OS 11.GM21AA and OnePlus 7T Oxygen OS 11.HD01AA and OnePlus 7TPro Oxygen OS 11.HD01AA [yu.huang]

🍬 29-Mar-2021 🍬

* candy
b7bfa70 candy: Track our own vendor/qcom/opensource/data-ipa-cfg-mgr [NoSpamDan]

