🍬🍬🍬🍬🍬🍬 CANDY 11 🍬🍬🍬🍬🍬🍬

 CandyRoms Changelog for fajita

🍬🍬🍬🍬🍬🍬🍬🍬🍬🍬🍬🍬🍬🍬🍬🍬🍬

🍬 15-May-2021 🍬

* candy
7928689 candy: Track our own SimpleDeviceConfig [NoSpamDan]

* device/oneplus/sm8150-common
a9a93e5 sm8150-common: Add WARP charging [NoSpamDan]

* frameworks/base
794b96b BatteryService: Add missing imports [NoSpamDan]
a1f3e0f BatteryStatus: Make temp a float value [NoSpamDan]
6dd7836 BatteryService: Add VOOC charging support [karthick111]
aa43fa7 BatteryService: Add Warp charging support [Anushek Prasal]
c9ec043 BatteryService: add dash charging support [thecrazyskull]

* packages/apps/Settings
0767e8d settings: Add charging strings from frameworks [NoSpamDan]
115f852 Settings: Display 'Warp charging' for warp charge in battery settings [2/2] [Anushek Prasal]

* system/core
fea239d logd: enable LTO [Tom Cherry]
4a709a9 fastboot: Add a few missing fastboot commands from help [Luca Stefani]
2095b94 init.rc: Disable native stats collection service [Danny Lin]
f22c82d logcat: Mark as recovery_available [Michael Bestas]
97ad62e fastboot: Don't fail when unable to get boot partition size [Michael Bestas]
c0e782c init: Set properties to make SafetyNet pass. [Danny Lin]
dc34227 health: Add CAP_BLOCK_SUSPEND [Subbaraman Narayanamurthy]
92e9802 healthd: cover devices that have voltage_max file with value of 0 [maxwen]
e674873 Modifying /dev/memcg permissions. [Karthik Gopalan]

🍬 14-May-2021 🍬

* device/oneplus/sdm845-common
1b4997b sdm845-common: Add DASH charging support [NoSpamDan]

🍬 13-May-2021 🍬

🍬 12-May-2021 🍬

* packages/apps/Settings
ff3fa83 Settings: Integrate Wireless Emergency Broadcasts [Harshith Goka]
12d3ffa Settings: Wi-Fi timeout feature [Oliver Scott]
41d3fa7 Settings: Bluetooth timeout feature [Oliver Scott]

🍬 11-May-2021 🍬

* device/oneplus/hotdogb
69e964e hotdogb: Add OP7T OTA assertions [NoSpamDan]

* device/oneplus/sm8150-common
6bff698 sm8150-common: Some kernel compile tweaks [NoSpamDan]

* frameworks/base
4f49bd8 PhoneWindowManager: Bring back vibrator DOUBLE_CLICK effect [rituj]
320f406 VibratorService: Fix double click effect with OnePlus vibrator format [rituj]
92eee21 VibratorService: update constant values for OnePlus HAL [rituj]
af685c6 Improve haptics and use VibrationEffect [rituj]
b87a6e0 VibratorService: implement OnePlus proprietary vibrator format [rituj]
872d562 base: Wi-Fi timeout feature [Oliver Scott]
d651326 Fix typos related to sortSelectionIndices [Wang Han]
04ffc1e base: Bluetooth timeout feature [Oliver Scott]
370e1ba Changes to pass API check [Simao Gomes Viana]
852b94f ViewConfiguration: add support for max/min fling velocity sysproperties [Simao Gomes Viana]
080530f ViewConfiguration: set scroll friction to 0.006f [Simao Gomes Viana]
f91fb9d Add national roaming for o2 & E-Plus in germany [Simao Gomes Viana]
006f9d8 TelephonyManager: add some inconsistent methods [Simao Gomes Viana]
8b6af21 Allow faster app switching [Chet Kener]
cf63364 SystemUI: config: change charging thresholds [Simao Gomes Viana]
36c6b5c SystemUI: keyguard: make text below clock smaller [Simao Gomes Viana]
23393eb Tweak notification lights [Simao Gomes Viana]
c89a05b misc configuration [Simao Gomes Viana]
63a540a core: res: config: brightness tweaks [Simao Gomes Viana]
871e590 core: res: config: shorten network transition timeout [Simao Gomes Viana]
f1a8342 Remove more executable flags for Java source files [Simao Gomes Viana]
fc4f779 Make the spinners faster [Simao Gomes Viana]
7cd1522 Make spinners even smoother [Simao Gomes Viana]
5946f72 SystemUI: Fix Wakelock issue [Alberto Ponces]
8186ab6 KeyStore: Report rate limited instead of not implemented [Dyneteve]
7b653bf Screenrecord: Save and load set preferences [Ido Ben-Hur]
58e2854 SystemUI: Import TensorFlow Lite model for back gesture [Danny Lin]
d66639d SystemUI: Add machine learning back gesture provider [Danny Lin]
e19146da Merge changes from topic "app_lock" into c11 [Dan Cartier]

* vendor/candy
383e498  SystemUI: Use custom component factory [kdrag0n]
39da3a1 device_config: Enable maching learning back gesture [Danny Lin]
2331034 device_config: Update Now Playing database URL [Danny Lin]
3295251 device_config: Enable cached app freezer on supported devices [Danny Lin]
e815269 device_config: Overlay base configs for SimpleDeviceConfig [Danny Lin]
3d9c521 device_config: Allow more cached apps in the background [Danny Lin]
7b745f8 device_config: Compact cached app heaps in the background [Danny Lin]
6fc5cae device_config: Specify AiAi feature requirements [Danny Lin]
07c0a07 device_config: Enable AiAi screen attention service [Danny Lin]
18c2224 device_config: Reorganize AiAi configs [Danny Lin]
8e92146 device_config: Update Now Playing database [Danny Lin]
a4b19cf device_config: Enable Adaptive Sound on Pixel 5 [Danny Lin]
b56bad7 device_config: Enable privacy indicators [Danny Lin]
cd85a8f device_config: Explicitly disable unused AiAi features [Danny Lin]
23c8876 device_config: Update Now Playing database URL [Danny Lin]
76af78a overlay: Add config keys for SimpleDeviceConfig to provision [Danny Lin]
40023ac Delegate DeviceConfig permissions to custom provisioning service [kdrag0n]
92f7018  Build simple DeviceConfig provisioning service [kdrag0n]
3b2ce5c  wifi: Increase 5 GHz network signal tolerance [kdrag0n]

🍬 10-May-2021 🍬

* device/google/sunfish
82e26f7 sunfish: Enable DSDS by default [Peter Cai]
36aeb43 sunfish: Set OPA property to enable google assistant [razorloves]

* frameworks/base
d328ff2 AppLock: Call activityStopped when activity has stopped [Rituj Beniwal]
042cad5 base: Fix Biometric Auth for Applock [Anushek Prasal]
2d02b4d Navbar: Switch gesture navbar to new navigation bar key event source [Alex]
03c154c base: Introduce new navigation bar key event source [Carlo Savignano]
a7fcff8 util: Fix some naming and missing imports [NoSpamDan]

* kernel/oneplus/sm8150
929c1f8 fixup! qcacld-3.0: Disable build tagging. [LuK1337]

🍬 09-May-2021 🍬

* bootable/recovery
2d26b4d roots: Correct mount flags in /etc/fstab [Alessandro Astone]
8200b12 Add controller support [Aaron Kling]
55e8152 updater: Do not null terminate mount_flags_list array [Alessandro Astone]

* device/google/sunfish
9a90312 sunfish: Disable Euicc when GMS and GSF are not installed [Peter Cai]

* device/oneplus/sdm845-common
9c2f571 sdm845-common: Set Google OPA device eligibility [NoSpamDan]

* device/qcom/sepolicy
f4302d0 Merge tag 'LA.QSSI.11.0.r1-11600-qssi.0' of https://source.codeaurora.org/quic/la/device/qcom/sepolicy into HEAD [Omkar Chandorkar]

* frameworks/base
2b010e4 Add Previous track action to LineageButtons [ezio84]
f6c0e1d util: Clean up [NoSpamDan]
ef78372 util: Add missing imports and sort [NoSpamDan]
2dd1f03 Advanced nav gestures: improve code and fix glitches [ezio84]
2e6a6b1 Extended swipe: show a double arrow when almost triggered [Nico]
560c603 Allow back swipe on bottom screen if launcher is showing [ezio84]
cc71908 Gestures: allow to set back swipe deadzone [1/2] [ezio84]
0c614ee Custom utils: add action to start assistant [Danny Lin]
aff2db8 Custom utils: add Power menu action [Danny Lin]
8f4634d Custom utils: add hush mute action [ezio84]
0cf20a8 Custom actions Utils: add clear all notifications action [Alex Cruz]
7c9ed01 ActionUtils: Reverse actions for QS and notification panel [ezio84]
13c6185 Move launchCamera and launchVoiceSearch actions to custom Utils [1/2] [ezio84]
bf3df69 Custom Utils: add qs toggle, ringer mode toggle, volume panel toggle [Alex Cruz]
d34035b Custom actions utils: add expand notifications action [ezio84]
7874599 ActionUtils: Cleanup screen on action code [Ezio Lacandia Bijelkic]
37f238d ActionUtils: Add screen on action [Alex]
b331aae Allow extended/"L" back swipe to trigger actions/app/activities [1/2] [ezio84]

* packages/apps/Settings
9363211 Allow extended/"L" back swipe to trigger actions/app/activities [2/2] [ezio84]
855d641 Gestures: allow to set back swipe deadzone [2/2] [ezio84]

* packages/resources/devicesettings
90a6d5e Turn devicesettings resources into a static library [Pig]

* vendor/candy
8ee5485 vendor: Rework fonts [Mourya Baruah]

🍬 08-May-2021 🍬

* device/oneplus/hotdogb
d1acf1a hotdogb: drop ext4 userdata support [Omkar Chandorkar]

* device/qcom/sepolicy_vndr
cf86a2b vendor_modprobe: allow modprobe to search debugfs [Biswajit Paul]
1635a8f sepolicy_vndr: add policy for identity service [Gaurav Kashyap]
0573fa1 sepolicy: Allow USB HAL to access vendor_sysfs_usb_node [Pratham Pratap]
12583dc sepolicy: allow sensors hal to read adsrpc properties [Vivek Arugula]
bf960c7 sepolicy_vndr: Add property to check build codename [Shrikara B]

* system/core
4070483 Filter out QTI performance spam [DennySPB]
3fd15da Shut up camera and wcnss debug output [faust93]
974a395 Filter GalleryDatab* [Simao Gomes Viana]
42d38d2 Silence spammy logs from camera blobs (AEC_PORT and mm-camera) [Sultanxda]
969d502 init: ro.build.selinux should be 0 [Park Ju Hyung]
be2c5e0 init: add several more keys to spoof [Park Ju Hyung]
01dd4ea init: workaround SafetyNet check [Park Ju Hyung]
28c50ec init: Weaken property override security for the init extension [Alex Naidis]

* system/sepolicy
cd52ed4 sepolicy: allow update angine and syslog read [Marko Man]

* system/vold
2e1a21a vold: Build exfatprogs & declare support of exFAT. [Alexander Koskovich]

* vendor/gapps
e23cbd9 gapps: Update PixelSetupWizard and GoogleWallpaperPicker [NoSpamDan]

🍬 07-May-2021 🍬

* vendor/candy
1bda9b9 apn: Add Visible Wireless (VZW) [Alessandro Astone]

🍬 06-May-2021 🍬

* candy
dc0d560  Merge tag 'android-11.0.0_r37 [Mourya Baruah]

* frameworks/av
b0aa433 libcameraservice: Remove restrictions for faceunlock service [jhenrique09]

* frameworks/base
a65fe1a Revert "SystemUI: Revive navbar layout tuning via sysui_nav_bar tunable" [NoSpamDan]
649ba71 Revert "base: tuner: fix navbar layout switch and remove old cruft" [NoSpamDan]

🍬 05-May-2021 🍬

* build/make
1e818f8 Merge tag 'android-11.0.0_r37' of https://android.googlesource.com/platform/build into HEAD [Mourya Baruah]

* device/google/sunfish
eaf02ba add sunfish may security fingerprint [buffal0b1ll]
0b2612a Merge tag 'android-11.0.0_r37' into HEAD [buffal0b1ll]

* device/oneplus/fajita
787abea fajita: Update to May fp [NoSpamDan]

* device/oneplus/hotdogb
cc6e9f8 hotdogb: Update to May fp [NoSpamDan]

* frameworks/av
1451c9f Merge tag 'android-11.0.0_r37' of https://android.googlesource.com/platform/frameworks/av into HEAD [Mourya Baruah]

* frameworks/base
fbaaa40 PixelPropsUtils: Update to May 2021 build fingerprint [Mourya Baruah]
b9efc41 Merge tag 'android-11.0.0_r37' of https://android.googlesource.com/platform/frameworks/base into HEAD [Mourya Baruah]
f124d73 config: Fix resources tag [NoSpamDan]

* kernel/google/sunfish
11428d7 Merge tag 'android-11.0.0_r0.80' into HEAD [buffal0b1ll]

* packages/apps/Settings
2b93539 Merge tag 'android-11.0.0_r37' of https://android.googlesource.com/platform/packages/apps/Settings into HEAD [Mourya Baruah]

* system/bt
0e9cb77 Merge tag 'android-11.0.0_r37' into staging/lineage-18.1_merge-android-11.0.0_r37 [Kevin F. Haggerty]

* vendor/candy
320b6d1 Revert "vendor: Add hide notch support [2/3]" [NoSpamDan]

* vendor/google
9b3080a Update sunfish blobs to may 2021 [buffal0b1ll]

* vendor/qcom/opensource/commonsys/system/bt
545ecf3 smp: Use SMP_TRACE_WARNING [Myles Watson]
83656f3 smp: Reject pairing if the public keys match [Myles Watson]
8a611fa avrcp: Ignore AVCT commands that are too long [Myles Watson]
5d23e9d btif: Return after closing the socket [Myles Watson]

🍬 04-May-2021 🍬

* candy
b3e5af8 remove: Drop sunfish repos [NoSpamDan]

* device/oneplus/hotdogb
2c40c69 hotdogb: Build NoCutoutOverlay [Anirudh Gupta]
c33ce50 hotdogb: Add Notch Bar Killer overlay [NoSpamDan]
6aac869 hotdogb: Add overlay for masking the notch [Adrian Roos]

* frameworks/base
db19dad AuthBiometricsView: Add missing null checks [NoSpamDan]
239e4fd AuthController: Add null check for mCurrentDialog in onBiometricError() [NoSpamDan]
fe46ada Fix: "Clear All" recent app screen loop bug [vincent.cw_lee]
5b21825 No need to 'addChild' when start 'FLAG_ACTIVITY_CLEAR_TOP' Activity. [yangyankai1]
4a30593 keyguard: Do not trigger a wake up when hiding lockscreen [Arne Coucheron]
fb616d6 Allow media art with enabled facelock lockscreen bypass [DennySPb]
e208870 cleanup - SystemUI: Allow listening for face only on pin/pass view [jhenrique09]
adf964e SystemUI: Allow listening for face only on pin/pass view [jhenrique09]
97f8fcb SystemUI: Face Unlock animation [Dil3mm4]
1072215 fixup - base: do not use new lockscreen layout for bypass [jhenrique09]
a54c10b base: do not use new lockscreen layout for bypass [Ethan Halsall]
1207524 AuthBiometricFingerprintView: Fix indicator text color on dark theme [jhenrique09]
7832899 fixup - [1/2] Allow using face as auth method for apps [jhenrique09]
a5aed6a FaceService: Nuke useless call to getAuthenticatorId [jhenrique09]
bd5b886 [1/2] Allow using face as auth method for apps [jhenrique09]
0e915bc LockIcon: Don't cache icon when scanning face [jhenrique09]
42b49c0 base: Port face unlock feature [1/2] [jhenrique09]
fbe6d18 SystemUI: use simple check for isFaceDisabled [Ali B]
fe2aa6a AuthContainerView: fix rare SystemUI crash [Simão Gomes Viana]
a402e7a Add isFaceAuthEnabledForUser checks in KeyguardLiftController [jie shen]
48d2186 SystemUI: BiometricPrompt: Adjust layout if FOD is present [rituj]
468a849 add fod detection overlay [Mourya Baruah]
ba9251b AutoAODService: Account for disabled doze [Ido Ben-Hur]
f175c657 AutoAODService: Add support for mixed time & sun modes [1/2] [Ido Ben-Hur]
d5f98d6 base: Allow scheduling always on display [1/2] [Ido Ben-Hur]
cc18f76 Add double tap to sleep gesture [Rashed Abdel-Tawab]
64671fa Fix 2tap2wake after Ambient Pulsing on some devices [ezio84]
958da28 Show Ambient instead of lockscreen on wake gestures [1/2] [ezio84]
c5d0d21  Ambient music ticker: double tap on track title to skip track [ezio84]
5ca4db0 base: Show and edit Ambient Icons on Lockscreen [1/2] [TikkiTikki]
ab2eb6f Ambient pulsing: don't show lock icon [Dil3mm4]
ab09f77 DisplayModeDirector: Make sure we apply refresh rate on startup [Ido Ben-Hur]
0b34c15 Ambient music: Remove debug messages. [spezi77]
74c5543 Ambient music: Also shorten the Now Playing title after the song title. [spezi77]
f4b51ff Ambient music: pulse on new music tracks and Now Playing info [1/2] [ezio84]
2b2ef0b Ambient music: Format the media title like Elgoog does. Example [spezi77]
e9553b7 Ambient music: Show bottom ticker above fod circle if needed. [spezi77]
fa0aa23 KeyguardSliceProvider: Hide song name if TypeClock is in use. Otherwise the layout would be broken [spezi77]
9b96da9 Ambient music v2: Allow for changing the music ticker position [1/2]. This will add the music ticker to the ambient screen / AoD just like on Pixel devices. It will work with ezio's music ticker and now playing commits for Android R. Other part of the commit is in Settings. [spezi77]
70bfb33 Port ambient Now Playing container from Pixel [stripped down version] [Joe Maples]
218341f ScreenOFF volume skiptrack (with remote Spotify support) [ezio84]
b184a86 Fix volume rocker skip track on Ambient Display and Lift to Wake [ezio84]
7463ebc Add LineageButtons (volume skip track hooks) [Simon Shields]
89a5360 Merge changes from topic "long-ss" into c11 [Dan Cartier]
5680e3c Merge changes from topic "toasts" into c11 [Dan Cartier]
f6b6a77 Merge changes from topic "navbar" into c11 [Dan Cartier]
0dbf0b6 Merge changes from topic "icons" into c11 [Dan Cartier]
2189dba Merge changes from topic "net-iso" into c11 [Dan Cartier]

* packages/apps/Settings
fca5356 Settings: Fix preference for set data warning [NoSpamDan]
099b9fc Allow using face as auth method for apps [2/2] [jhenrique09]
1ba5d1e Port faceunlock feature [2/2] [jhenrique09]
cc428537 Double tap to sleep on lockscreen [2/2] [ezio84]
a49c8cf  Allow to choose lockscreen or Ambient on wake gestures [2/2] [ezio84]
20d60a7 Add video preview to Skip track gesture option [Sahul Krishan]
f3a4a04 Add Volume rocker skip track to Gestures [ezio84]
d77649d Aosp Ambient music: allow to pulse on new tracks [2/2] [ezio84]
e9ece04 NightDisplay Settings: Use List Preference for NightLight settings [Akash]
99cbbbc Settings: QR Scanner pass proper frame Width and Height [hoffc]
fed89ee [2/2] Settings: expose auto night mode sunset and sunrise values on API [maxwen]
e9286ac Settings: Update preference videos [Anushek Prasal]
48b21ba MediaOutputPanel: Handle the case of missing packageName [Arian]
f055a8d DarkMode Settings: Use List Preference rather ugly Drop Down [Pranav Vashi]
ec3d781 Merge changes from topic "net-iso" into c11 [Dan Cartier]

* packages/apps/Settings/CandyShop
7d9e00b lockscreen: Fix AOD schedule summary [NoSpamDan]
2fc8676 Show and edit Ambient Icons on Lockscreen [2/2] [TikkiTikki]
5ac0c67 AODSchedule: Add support for mixed time & sun modes [2/2] [idoybh]
5cbdfd4 CandyShop: Allow scheduling always on display [2/2] [idoybh]
05743fe Ambient music: Allow for changing the music ticker position [2/2] [spezi77]
be4a440 Merge "CandyShop: Add 'Invert layout' to navigation bar settings" into c11 [Dan Cartier]

* prebuilts/clang/host/linux-x86/clang-proton
d04e55f Update to 20210503 build [Danny]

* vendor/candy
59e50d1 Merge "vendor: Add back FaceUnlock support" into c11 [Dan Cartier]

🍬 03-May-2021 🍬

* candy
92496c3 candy: Add external stitchimage repo for long ss [NoSpamDan]
c07dc31 candy: Add face unlock support repos [NoSpamDan]

* device/oneplus/fajita
7d554fc fajita: Add FOD overlay [NoSpamDan]

* device/oneplus/sdm845-common
892cad5 sdm845-common: Remove gapps include [NoSpamDan]

* device/oneplus/sm8150-common
1b33920 sm8150-common: Add config_haveNotch [NoSpamDan]
48ed065 sm8150-common: Add FOD overlay [NoSpamDan]
976b09c sm8150-common: SELinux enforcing [NoSpamDan]

* frameworks/base
32a76a1 fixup! Add long screenshot chip [Joey Huab]
5a4e0ed base: Fallback stitchimage's broken value to unknown [ender1324]
e9db486 base: Whitelist stitchimage [jhenrique09]
9262b88 base: Add missing long screenshot permission [ender1324]
d3dab3a base: Add long screenshot chip [ender1324]
ed6947b Toasts: Use a snackbar-like animation [El Dainosor]
d04c5bc [1/2] base: expose auto night mode sunset and sunrise values on API [maxwen]
01ff096 toasts: Use Animation_Toast_Material [Anushek Prasal]
1a5b20e toasts: Improve layout and center-align the content [SKULSHADY]
d633f63 toasts: Increase elevation to 4 [Joe Maples]
93a71aa toasts: Follows theme corner radius [Joe Maples]
7ca483d core: Materialize Toast notifications [Joe Maples]
52aa9b5 SystemUI: Implement burn-in protection for status-bar/nav-bar items [Park Ju Hyung]
1b41650 fwb: Fix navigation bar button hit testing [SahilSonar]
c6cbaae SystemUI: Revive navbar layout tuning via sysui_nav_bar tunable [Andy CrossGate Yan]
bad43deb base: tuner: fix navbar layout switch and remove old cruft [maxwen]
b25a31c SystemUI: Add navbar layout inversion tuning [LuK1337]
31708d0 CarrierConfigManager: enable LTE+ icon by default [xboxfanj]
a54c45b base: New VoLTE icon [El Dainosor]
6299bd5 VoLTE: Add New Minimal Icon [SuperDroidBond]
acf4a9a SystemUI: Add OOS 10 VoLTE icon [1/2] [SKULSHADY]
bcd5419 SystemUI: Add VoLIT icon [1/2] [Stallix]
553a098 Add three more selectable VoWiFi icons [1/2] [blinoff82]
d43d016 SystemUI: Add four more selectable VoWiFi icons [1/2] [DennySPb]
a94e612 SystemUI: Improve VoLTE detection logic [Pranav Vashi]
c6de05e SystemUI: Optional VoWiFi icon [1/2] [DennySPb]
f839591 SystemUI: support VoWIFI icons [Weijie Wang]
a225f19 SystemUI: Add EMUI VoLTE icon [1/2] [DennySPb]
6cd7e12 Add MIUI 11 VoLTE icon [1/2] [Lup Gabriel]
61a7619 SystemUI: add CAF VoLTE HD icon [1/2] [DennySPB]
dc7d65d SystemUI: Add Asus VoLTE Icon [1/2] [PainKiller3]
6d6a3cc VoLTE Icon - User Selectable VoLTE Icon [1/2] [SuperDroidBond]
bb1d755 Add VOLTE icon toggle [1/2] [SagarMakhar]
d3e5d59 SystemUI: Show 4G instead of LTE switch [1/2] [Alex Cruz]
2afbda6 base: Fix padding for VoLTE icon [Josh Fox (XlxFoXxlX)]
4b2cecd MobileSignalController fix corresponding to upstream FeatureConnector change [Steven Laver]
f463141 ImsManager.Connector became FeatureConnector. [Daniel Norman]
25caf7b SystemUI: Enhancement for volte icon [Weijie Wang]
5c9155f SystemUI: Query IMS state after CapabilityCallback is regisered [Qimeng Pan]
7ab2e50 SystemUI: Fix HD icon missing [Weijie Wang]
953b09f Adapt to IMS registration changes. [Bill Peckham]
54bb8f6 Fix VOLTE icon color on Light statusbar [Adarsh-MR]
c30a02a SystemUI: Refactor the feature of volte icon [Weijie Wang]
3cf5f65 SystemUI: Fix volte icon doesn't update in real time [Weijie Wang]
8706d2d SystemUI: Add new configuration for displaying Volte icon [Weijie Wang]
689ebc9 fw/b: Add support for per app network isolation [Sam Mortimer]
02f38bd fw/b: Squash of app fw restriction commits [Danesh M]
82dd596 PermissionHub: Enable it [Raj Jadeja]
deabd6b  PixelPropsUtils: Add more apps [Stallix]
d5677d5 SystemUI: Remove GarbageMonitor tile [jhenrique09]
6035b32 base: Let legacy apps scale fully to the display's aspect ratio [rituj]
741c26a admin: Restore requireSecureKeyguard interface. [Adnan Begovic]
2719522 base: fix tapered rect overlay [Anay Wadhera]
1166bc8 Revert "Adding P20 styles" [Mourya Baruah]
014d241 Revert "Remove new styles from AOSP" [Mourya Baruah]
140f64c Add OnePlus Slate and SamsungOne font styles [1/2] [Pranav Vashi]
42f081e Add our favourite fonts in AOSP FontEngine [2/2] [SuperDroidBond]
e01ca16 MediaCodecInfo: do not alter performance points for 32-bit processes [Wonsik Kim]
6aa7880 MediaCodecInfo: limit resolution to 4K for 32-bit processes [Wonsik Kim]
901a2159 SystemUI: Enable and fix QS detail view, adapt layout to 11 [eray orçunus]
74257de BrightnessController: Fix thread exception [jhenrique09]
eba2328 Fix black screen issue due to wallpaper decoding exceptions [Weijie Wang]
080b295 wm: Passing a new ArraySet instance to avoid crash [Qiushi.Han]
68a408e SoundPool: Fix clang-tidy warning in StreamManager [Adithya R]
f7fb3f3 Fix NetworkPolicyManagerService deadlock [Zhengyu Zhan]
0276fd0 Apply bilinear filter for Ninepatch. [Minkyoung Kim]
37c1555 Check ProjectBackwards property for childrens after children's syncProperties(). [Minkyoung Kim]
81f0f6f Fix guest icon is not clickable after adding user [Artem Radchenko]
b9b3c94 Fixed Handler Leak on RecyclerView [Jiwon Kim]
b68f72b Fixed Handler Leak on WrapperInit [hyung4.kim]
cc69d25 Persist screen brightness setting through upgrade [Fiona Campbell]
e8345d0 KernelWakelockReader: provide class level lock when updates staleStats [Michael Sun]
2c7b816 HwBlob: explicit size check [Steven Moreland]
32e5ba2 AbsSeekBar: Fix growRect computation [Adrian Roos]
c98e51b AbsSeekBarTest: Fix dpToPixel computation [Adrian Roos]
9ffc28b fix broadcast receivers overflow for system_server [Sergii Piatakov]
a59e211 Add synchronized to make sure data correctness [lucaslin]
2185502 Prevent going through unnecessary networks [Chiachang Wang]
23ca711 Use name instead of package name [Zhuying Li]
31107c5 UserManagerService: Fix NPE [wangshouchun]
93508d8 Thread.sleep takes milliseconds, not seconds. [Josh Gao]
3417450 fdtrack: GC before checking fd count. [Josh Gao]
7f1056d Move system_server fdtrack implementation to Java. [Josh Gao]
e916099 SystemUI: Disable KeyguardConstants DEBUG [maxwen]
a5b7a4f SystemServer: Only enable fd leak tracker on eng [Simao Gomes Viana]
804f34b SystemUI: MediaOutputDialogFactory: accept null package name [daniml3]
ab22acf Fix Another SystemUI crash [SuperDroidBond]
b1879cb Fix SystemUI crash [Ido Ben-Hur]
76941be5 Framelayout: Fix NPE when view is missing [Pranav Vashi]
4cf69ad Prevent crash in TTS engine due to improper configuration [Pranav Vashi]
ccccf2e iorap: Enable by default [Pranav Vashi]
10b997b iorap: Terminate iorapd process when both tracing and prefetching are off. [yawanng]
6be6f8f Partially revert "Wake up to lock screen when bouncer is visible" [Sultan Alsawaf]
d0ae4b7 SystemUI: fix NPE on ExpandableNotificationRow [Chenyang Zhong]
44d8117 SystemUI: Always disable rotation on lockscreen [jhenrique09]
b865708 Fix Performance issue in Listview issue: https://issuetracker.google.com/issues/183024999 [Tang Ding]
a89205a Revert "Pre-emptively take a snapshot when finishing an activity before changing visibility" [Danny Lin]
95e3d4a LayoutInflater: Opportunistically create views directly for performance [Danny Lin]
80bd2c3 SystemServiceRegistry: Replace ArrayMap with HashMap for performance [Danny Lin]
69c83a4 PackageManagerService: Replace ArrayMap with HashMap for performance [Danny Lin]
db6a864 InsetsStateController: Replace ArrayMap with HashMap for performance [Danny Lin]
a3c309f LocalServices: Replace ArrayMap with HashMap for performance [Danny Lin]
a1d0083 ThemedResourceCache: Replace ArrayMap with HashMap for performance [Danny Lin]
5754861 Trace: Disable debug tracing in production builds [Danny Lin]
01a9597 statsd: Disable native stats collection service [Danny Lin]
8b8b676 EventLog: Disable event writing in production builds [Danny Lin]
5dd07e3 PackageInfo: Optimize ApplicationInfo creation [Danny Lin]

* packages/apps/Settings
1d11e4a Settings: Whitelist WRITE_DEVICE_CONFIG permission [saikiran2001]
11667f9 Settings: Add support for per app network isolation [Sam Mortimer]
ecb06bd Settings: per-app cellular data, vpn and wifi restrictions [Uldiniad]
4d5da79 Remove feedback and bug report stuff [ezio84]

* packages/apps/Settings/CandyShop
ce01251 CandyShop: Add 'Invert layout' to navigation bar settings [luk1337]
50ed58c Add seven more selectable VoWiFi icons [2/2] [niteshkumar2000]
18fe316 Optional VoWiFi icon [2/2] [DennySPB]
40c8504 Statusbar: Add more optional VoLTE icons [DennySPB]
050051a VoLTE Icon - User Selectable VoLTE Icon [2/2] [SuperDroidBond]
bf046b7 StatusBar: VoLTE icon toggle [2/2] [DennySPB]

* vendor/candy
2fbdb2e vendor: Build StitchImage [jhenrique09]
06f8fc4 vendor: Add back FaceUnlock support [jhenrique09]

🍬 02-May-2021 🍬

