🍬🍬🍬🍬🍬🍬 CANDY 11 🍬🍬🍬🍬🍬🍬

 CandyRoms Changelog for z2_plus

🍬🍬🍬🍬🍬🍬🍬🍬🍬🍬🍬🍬🍬🍬🍬🍬🍬

🍬 21-Mar-2021 🍬

* device/qcom/sepolicy-legacy-um
8e08f1d sepolicy: Include Candy-specific QCOM sepolicy [Pig]

* device/qcom/sepolicy_vndr
e720110 sepolicy_vndr: Include Pixys-specific QCOM sepolicy [Pig]

* device/xiaomi/violet
268c580 violet: Update graphics blobs to LA.UM.9.1.r1-08600-SMxxx0.0 [Shubham Das]
47b01b8 violet: Update blobs from davinci-user 11 RKQ1.200826.002 21.2.3 release-keys [Shubham Das]

* device/zuk/msm8996-common
f18d055 msm8996-common: Choose between Virtual or External WFD display [Arne Coucheron]
16828bf msm8996-common: disable HDCP check on wfd [aswin7469]
2698f97 msm8996-common: edit wfdmmsink to include missing symbols [aswin7469]

* frameworks/base
cd0b343  Temp [Mourya Baruah]
587c016 base: Grant suspend permission to Flipendo [Adithya R]
b2243c2 Revert "Introduce Fluid lockscreen clock" [Mourya Baruah]
b0cc052 SystemUI: Nuke bubble clock [Ido Ben-Hur]
4713b63 SystemUI: Adapt latest clocks to our layout [rohan]
8a531d2 Introduce Fluid lockscreen clock [AndroBuddy]
668b089 SFUNY Clock: Add proper preview layout [Pranav Vashi]
4a07a47 DividerLines Clock: Fix margin issue in layout [Pranav Vashi]
d078d21 Add time refresh capabilities for bold, digital and Samsung lockscreen clocks [Adhitya Mohan]
4524fe3 SamsungHighlight Clock: Improve layout [Anushek Prasal]
5ed69e09 Add SamsungHighlight clock [El Dainosor]
9e4b499 MNML Clock: Add proper preview layout [Pranav Vashi]
7f803c1 MNMLBox Clock: Clean up hacky layouts [Pranav Vashi]
ea60284 Add MNML based clock desgins [El Dainosor]
ab0472a Add SFUNY clock [El Dainosor]
8b1bc17 DividedLines Clock: Add proper preview layout [Pranav Vashi]
0fb1375 DividerLines Clock: Set 24-hr time format as well [Pranav Vashi]
1e01cf13 Add DividedLines Clock [El Dainosor]
e162a9b base: Allow to show daily data usage [1/2] [Anushek Prasal]
3fa28f0 SettingsLib: Add method to get daily data usage [AnkitGourav]
cf3a7ff QS: Add and use Bluetooth Panel instead of full Settings [Joe Maples]
54b38fa QS: Use Mobile Data panel for CellularTile [Anushek Prasal]
f03f0c3 QS: Add and use Mobile Data panel [Joe Maples]
aac7e01 QS: Use Settings.Panel intents for WiFi and NFC [Joe Maples]
667a724 DataSwitchTile: collapse notification panel onClick [DennySPB]
c3f08d9 SystemUI: DataSwitchTile: Use MD2 drawables [Anushek Prasal]
6d66a31 base: Introduce DataSwitchTile [Christian Oder]
0ffc98b Install seccomp filter even if selinux is permissive [Han Wang]
1cebd7c WifiManager: Add StaState API [Kshitij Gupta]
1aafdbe Fix lockscreen wallpaper not being set if different from the Home one [ezio84]
2d2f28b Allow to configure or disable lockscreen media art blur [1/2] [ezio84]
157ff17 Pulse: correctly stop it on screen OFF events [1/2] [ezio84]
356a7ac base: Pulse initial checkin for Android 11 [1/4] [bigrushdog]
6d13a8d Allow to get theme accent color from context [Alex Cruz]
37cebf3 TaskHelper: Also add to StatusBarGoogle* [NoSpamDan]
0060fb6 Add api to get or kill foreground app [ezio84]
6b15d87 base: Forward port 'Swap volume buttons' (1/3) [nadlabak]
32dcebd Use proper coded alphabet when a contact is written into EF_ADN of USIM. [Umashankar Godachi]
30eaa77 IMS: Add doAnswer API [Ashit Sood]
0200604 IMS: Allow VT calls when tty-on [Alvin Dey]
96294ce FR30706: Add a playing tone setting. [qiongz]
5a7e0b2 Add vibrating for outgoing call accepted support [Mengjun Leng]
13e9f13 IMS: Add new carrier config. [Sonalika Paul]
08f89b2 IMS: Add new Carrier Config. [Sonalika Paul]
90e3b56 Telephony: Rename VoWiFi Emergency notification intent. [Muhammed Siju]
5436fb0 VoWifi notification for emergency calls [Sukanya Rajkhowa]
c4e09b7 Ims: Add suppport for "Ims Preferred" WFC Preference [Ravi Paluri]
f716875 Add ICCID into CarrierIdentifier [Mengjun Leng]
fd4bcc9 IMS: Propagate RTT capability of the called party to UI [Benergy Meenan Ravuri]
7e43eb7 Telephony: Add DisconnectCause values for clear code [Qiang Chen]
5d8364a IMS: Add UT interface to query CF setting for service class. [pengfeix]
17a479f IMS: Add flag to control reset UT capability [pengfei xiao]
6d96646 Add config to disable CDMA call forward/waiting [pengfeix]

* kernel/xiaomi/violet
c6a6ed4 rebrand [Mourya Baruah]

* packages/apps/Settings
7e29315 Settings: show battery times in summary [maxwen]

* vendor/xiaomi/violet
15d1290 Revert "violet: Switch back to stock thermal configuration" [Mourya Baruah]

🍬 20-Mar-2021 🍬

* device/zuk/msm8996-common
bab24ae Revert "msm8996-common: Add ANT+ back" [Mourya Baruah]

* frameworks/opt/net/wifi
5d7b976 wifi: Add StaState API [Kshitij Gupta]

* hardware/qcom-caf/wlan
b96c184 wlan: Introduce TARGET_HAS_BROKEN_WLAN_SET_INTERFACE [Hamsi2k]

* kernel/zuk/msm8996
18da320 rebrand kernel [Mourya Baruah]

* packages/apps/Settings
177384c Settings: Allow to show daily data usage [2/2] [Anushek Prasal]
a68e495 Settings: Fix data usage display on mobile panel [maxwen]
d513a66 Settings: Add back DataUsageSlice [Anushek Prasal]

* packages/apps/Settings/CandyShop
2ce2b0c CandyShop: Add and use SwitchPreference [SKULSHADY]

* vendor/candy
80d4dd1 build flipendo(pixel extreme batter) saver for all (requires gapps to be cloned) [Dyneteve]
858c014 use aosp themepicker and squash of https://github.com/LineageOS/android_vendor_lineage/commits/lineage-18.1/overlay/common/packages/apps/ThemePicker/res/values/override.xml [miju12]
704b689 Add initial stub apk for themes [luca020400]

* vendor/xiaomi/violet
6390ad8 violet: Update graphics blobs to LA.UM.9.1.r1-08600-SMxxx0.0 [Shubham Das]
5da1308 violet: Bring back all thermal configurations [Shubham Das]
87da23b violet: Switch back to stock thermal configuration [Shubham Das]
7827084 Sync with Dt [Aftab-111]
dd201e7 violet: Update blobs from davinci-user 11 RKQ1.200826.002 21.2.3 release-keys [Shubham Das]

🍬 19-Mar-2021 🍬

* candy
6b37221 snippets: Remove PhoneCommon [NoSpamDan]

* device/zuk/msm8996-common
6f03efb msm8996-common: Don't pin camera app in memory [Danny Lin]
36a5c8b msm8996-common: cleanup overlays [aswin7469]
b766378 msm8996-common: remove dirac audio effects [aswin7469]
3bb4857  msm8996-common: sepolicy: update [aswin7469]
09e3507 msm8996-common: add vendor.qti.ims.factory to manifest [aswin7469]

* frameworks/native
d744c54 native: Forward port 'Swap volume buttons' (2/3) [nadlabak]

* packages/apps/Settings
d513a66 Settings: Add back DataUsageSlice [Anushek Prasal]
46e3a04 Settings: panels: Improvements [Alex]
2d4736a Settings: panels: Add Bluetooth panel [Joe Maples]
55ead58 Settings: panels: Add Mobile Data panel [Joe Maples]
37b7a54 Settings: Swap volume buttons (3/3) [ezio84]

* packages/apps/Settings/CandyShop
82cc137 CandyShop: Pulse initial checkin for Android 11 [4/4] [ezio84]

* vendor/candy
3ccae06 common: Let's get Visible, Visible... [NoSpamDan]
9175c95 Prebuilt: Remove old, unused Turbo.apk [NoSpamDan]

🍬 18-Mar-2021 🍬

* frameworks/native
aaeaa06 sf: Exclude VDS use of HWC on non-UM platforms [dianlujitao]
31f79ee sf: Fix virtual display related issues. [Ramakant Singh]

🍬 17-Mar-2021 🍬

* candy
8e1face candy: Track our own packages_services_Telephony [NoSpamDan]
d2e746a candy: Track some telephony repos [NoSpamDan]

* device/zuk/msm8996-common
d70ddbf msm8996-common: Enable the fuse modification by default for better performance [sooti]
0081c56 msm8996-common: kang Perf blobs from LA.UM.9.6.2.r1-03600-89xx.0 [aswin7469]
a2d289b msm8996-common: build libstagefright_enc_common [aswin7469]

* device/zuk/z2_plus
3ec87a2 Update candy.dependencies [Mourya Baruah]

* frameworks/opt/net/ims
9eff797 Merge tag 'LA.QSSI.11.0.r1-07000-qssi.0' of https://source.codeaurora.org/quic/la/platform/frameworks/opt/net/ims into HEAD [Christian Oder]

* frameworks/opt/telephony
617fe7a Add missing imports. [Anay Wadhera]
e0a5c8f Revert "SEEMP: framework instrumentation and SMS security" [NoSpamDan]
08a402d Merge tag 'LA.QSSI.11.0.r1-07000-qssi.0' into telephony. [Christian Oder]
da0e201 IMS: update ImsPhone to EcbmHandler [Suresh Koleti]

* kernel/zuk/msm8996
5936ae3 configs: uprev to popthecorn v3.5 [aswin7469]

* packages/services/Telephony
1da2ada Compile fixes after qpr1 merge. [Anay Wadhera]
3e14046 Telephony: Break qti-telephony-framework dependency [maxwen]
5abea3c Telephony: Support muting by RIL command [Artem Borisov]
8833616 Telephony: Add ERI configuration for U.S. Cellular [Arne Coucheron]
ca6d66f Telephony: Mark enhanced_4g_lte_mode_title_variant as untranslatable [Michael Bestas]
7dd10f5 Telephony: adaptive icon [Asher Simonds]
97cb141 Merge tag 'LA.QSSI.11.0.r1-07000-qssi.0' into Telephony. [Christian Oder]

* system/update_engine
114a6b4 sideload: Fixes for adb sideload branding output [NoSpamDan]

* vendor/candy
b0d3be6 themes: Disable our themes [NoSpamDan]

🍬 16-Mar-2021 🍬

* build/soong
0c05ef9 Merge "cleanbuild: Add .bak, .log and .md5 files to the cleaning" into c11 [Dan Cartier]

🍬 15-Mar-2021 🍬

* frameworks/base
302f412 core: Add back hardware keys and wake keys configs [NoSpamDan]
e0cbdf0 Merge "fix derp" into c11 [Dan Cartier]
6117cb4 Merge "Revert "d2w: fix double tap to wake on ambient"" into c11 [Dan Cartier]
1ce2233 fix derp [Mourya Baruah]

* packages/apps/Settings
533f6f5 manifest: Clean up CandyShop activity [NoSpamDan]

* packages/apps/Settings/CandyShop
520ed47 system: Remove divider from power save category [NoSpamDan]

* packages/apps/Updater
2de6270 Utils: Add all java file classes [NoSpamDan]

🍬 14-Mar-2021 🍬

* candy
4654109 Update README.md [Mourya Baruah]
a16e2a1 candy: Track our own Snap camera [NoSpamDan]

* frameworks/base
d2757a3 Revert "d2w: fix double tap to wake on ambient" [Dan Cartier]
e6cbc71 Merge changes from topics "aggresive_battery", "legacy_fp", "lockscreen_charging", "march_misc", "media_art", "network_traffic", "notification_headers", "qs", "screenrecord", "swipe_screenshot" into c11 [Dan Cartier]
d1a7576  FingerprintService: add overlay to prevent cleanup of unused fingerpr… [codeworkx]
02c9a7f biometrics: Allow posting reset runnable for all clients [LuK1337]
e490ec0 fix duplicated value after r32 [miju12]
0534e49 PixelPropsUtils: Update fingerprint to March [miju12]

* packages/apps/Settings
b8391b1  Remove the About phone avatar [BoredOutOfMyGit]

* packages/apps/Settings/CandyShop
dd90b08 traffic: Fix array sorting [NoSpamDan]
bf66a1b lockscreen: Fix tab layout [NoSpamDan]
0df135f qs: Fix defaults for portrait and landscape [NoSpamDan]
fb39b39 traffic: Enable orientation when type selected is not default [NoSpamDan]

* packages/apps/Snap
cd24b63 CameraActivity: Bypass PRIVATE_FLAG_PREVENT_POWER_KEY [NoSpamDan]
b77e9a4 Snap: Remove lineage sdk dependency [jhenrique09]

* packages/apps/Updater
5a897ad strings: Update recovery flash warning message [NoSpamDan]

* vendor/candy
b0299d8 Merge "Revert "prebuilt: Drop otasigcheck script"" into c11 [Dan Cartier]
6456b92 Merge "Revert "Revert "vendor: Squashed commit for inline GApps support""" into c11 [Dan Cartier]

🍬 13-Mar-2021 🍬

* device/xiaomi/violet
af9c37d march fp and maintainer overlay [miju12]

* device/zuk/msm8996-common
5942a6e msm8996-common: update Listen blobs from LA.UM.9.6.2.r1-03600-89xx.0 [aswin7469]
693d280 msm8996-common: set zram as 500mb [aswin7469]
6630587 msm8996-common: Add ANT+ back [Davide Garberi]
1e65396 msm8996-common: Set TARGET_LEGACY_HW_DISK_ENCRYPTION [Nolen Johnson]
33e47c1 msm8996-common: Deduplicate handheld_core_hardware.xml copy rule [Bruno Martins]
8e6b248 msm8996-common: Workaround broken softAP with dynamic interface creation [dianlujitao]
f26b5bd msm8996-common: Switch to source built vendor.qti.hardware.perf@1.0.so [dianlujitao]
d83a2a3 msm8996-common: remove unused power hal flags [aswin7469]
c68c0fe msm8996-common: build power stats hal [Akash Mondal]
6d68579 msm8996-common: Fix the dataqti service [sjllls]
4d1220e msm8996-common: switch to aosp bt [aswin7469]

* frameworks/base
6ad194a services: Use real values for aggressive idle [Joe Maples]
98b6d62 Aggressive Battery: fix auto enable on battery saver [shagbag913]
e609afb core: Implement Aggressive Battery [1/2] [Joe Maples]
b621b1f ScreenRecord: Improve low quality screen record [Pranav Vashi]
4552969 SystemUI: allow to limit the max framerate of built-in screen recorder [nullbytepl]
19ef9b1 Screenrecord: add blinking stop dot and low quality options [ezio84]
5df3e7d SystemUI: keyguard show charging watt [maxwen]
bf5dfd4 LockscreenCharging: squashed (1/3) [xyyx]
da9ee84 base: SwipeToScreenshot: Import MIUI implementation [Henrique Silva]
2ed3eb1 base: Improvements for swipe to screenshot [Henrique Silva]
60f609b base: Add three-fingers-swipe to screenshot [1/2] [ghbhaha]
40283a5 Add Network Traffic Layout [1/2] [AnkitGourav]
d5304d6 NetworkTraffic: Set default font size of Single Traffic to 24dp. [Jayant-Deshmukh]
d8f028c [SQUASHED] Add Combined & Dynamic Network Traffic Mode [1/2] [AnkitGourav]
63bf787 NetworkTraffic: Set default font size of Single Traffic to 42dp. [spezi77]
cfc25ac NetworkTraffic: Fix Net Text Getting Cut at DPI Changes [SuperDroidBond]
37d53e5 NetworkTraffic: Allow user to choose positioning [1/2] [calebcabob]
088369b Bring back traffic indicator for Notch Devices !!! [Alex Cruz]
06b12b3 TrafficSB: Pass the animate bool [ganeshi4u]
32278f0 NetworkTraffic: Fix gravity [xyyx]
08352e2 Network Traffic: Add Option for Users to select size of Single Traffic (Up/Down) Font Size [SuperDroidBond]
449401d NetworkTraffic: Show arrows in statusbar [1/2] [Nico60]
c0f084d Option for Up, Down as well for Network Traffic [1/2] [ezio84]
84b6670 Add network traffic monitor properly to statusbar icons [SpiritCroc]
11bb38c Bring back traffic indicator for all! [Alex Cruz]
eb0aa34 QS tile titles visibility [1/2] [Alex Cruz]
2cd148e Allow to set QS panel columns and rows [1/2] [ezio84]
ae101e6 Lockscreen MediaArt: hide if media is not playing [ezio84]
944eedc Settings.java: fix javadoc comment [Akhil Narang]
e553286 SystemUI: Allow to enable Lockscreen Media Art [1/2] [beanstown106]
7a65452 base: Allow hiding notification headers [1/2] [Ido Ben-Hur]
3804647 screenrecord: Save recordings in ScreenRecords [El Dainosor]
69b32e2 Add MicroG GmsCore to location providers [lyceris-chan]
443a843 Support UnifiedNlp (microG) [Simon Polack]
c0370ba Properly set fonts and icons on keyguard when changing styles [ezio84]
c1ec441 SystemUI: Properly theme ScreenshotUI buttons [AshutoshSundresh]
6ebab7d StatusBarIconController: Guard yet another function from cast exception [Ido Ben-Hur]
171a19b Avoid casting network traffic to StatusBarIconView to prevent crash [SpiritCroc]
0839f69 Update string for add tiles with one click [mydongistiny]
be39124 Restore one-click to add/remove tiles after r20 merge [ezio84]
a4af2c5 Allow user to add/remove QS with one click [Andrzej Ressel]
4b4c18b SystemUI: Remove QS drag handle [Danny Lin]
3e286c7 Disable overfling bounce [Danny Lin]
695afee base: Grant suspend permission to Flipendo [Adithya R]
6f8161c core: Import back arrow from OOS [HeroBuxx]
652c975 Keyguard: reduce bottom text size [Marko Man]
a209951 Zygote: enable zygote preforking (USAP pool) by default [DennySPb]
8d91826 overlays: Import XiaomiOrange accent [Pranav Vashi]
dd1d1ef overlays: Add iOS Blue accent [Adithya R]
f6c9998 base: accents: Add MIUI accent color [00day0]
8109c56 base: accents: Add new accent colors for R Change-Id: I738ef4eb17483c3c78b84672db08b0e6e102831d [harsh-23]
1a12c5d base: QS: beautify airplane & mobile data icons [AndroBuddy]
f53f27e base: Update QS tile icons [AndroBuddy]
feafc67 Better QS detail clip animation [dongwan0605.kim]
c5689a8 base: Nice looking black theme [HrX03]
9daa30d Forward Port: Smoother Upload and Download Animation [Muhammed Nazim]
7d86fbe base: Introduce the new switchbar [samgrande]
019f80f Shorten wait time for shutdown time optimization [zljing]
23f64847 call log limit 500=>5000 [psyafter]
8f2d1af Calm down attention service logspam [Adhitya Mohan]
9657f60 base: Cleanup some colors [Anushek Prasal]
54c1077 Update dark material colors [altan]
027dd1f Make the UI a bit bolder [Lucchetto]
a77617c Revert "Add shadow to text on keyguard" [Lucchetto]
e9ae776 Revert "Remove clock shadows from light mode" [Lucchetto]
e5524eb ChooserActivity: remove ugly separator [Lucchetto]
8838293 More rounded corners [Lucchetto]
a2515ae base: Add Pixel UI [SKULSHADY]
2bb1f88 core: Defy usage of NGA in Google Assistant [Danny Lin]
2d4fe5a PixelPropsUtils: Add turboadapter to packages list [Adithya R]
cf40e12 ViewConfiguration: misc changes (rev) [Simao Gomes Viana]
544fe98 framework-sysconfig: Add deskclock to whitelist [Qimeng Pan]
bc2b104 libs: hwui: Build using ThinLTO [mydongistiny]
de3eb4b DigitalClock: Use system fonts. [spezi77]
f935da6 TypeClock: adapt to changes in keyguard [rohan]
f69abaf base: clocks: move more clocks to sysui R package [Adhitya Mohan]
b4a7734 KeyguardClockPositionAlgorithm: Allow forcing default clockY positioning [Christian Oder]
2fb8293 SystemUI: custom clock kickoff continued [Ali B]
8b8a450 SystemUI: custom keyguard clock kick off [maxwen]
2a11b3f TypeClock: Update Ambient Clock layout [rohan]
ae024bf d2w: fix double tap to wake on ambient [ezio84]
81f6030 SystemUI: fix binary clock update [maxwen]
47d4e3d SystemUI: use primary colors for dark theme where possible [DennySPb]
5b2e810 SystemUI: Improve Samsung clock layouts [Christian Oder]
b279420 SystemUI: refactor qs bg color into dedicated color resource [maxwen]
02cdd44 Introduce bold digital and Samsung like lockscreen clocks [Christian Oder]
1897616 Keyguard: add binary custom clock face [maxwen]
a2f52cd base: add more notification channels to blockable [maxwen]
159e0af SystemUI: tint emergency icon only [Vachounet]
7ebbb31 base: SystemUI: Disable junky LS clock & slice transition animations [Ido Ben-Hur]
26e4109 fwb: Intruduce Primary Colors [Marko Man]
52c3eab SystemUI: adjust powermenu and qs customizer background for black theme consistence [DennySPB]
86ba121 base: Remove keyguard delay completely [Saikiran]
777c8cd2 SystemUI: Use AVCProfileMain for screen recorder [Arne Coucheron]

* packages/apps/Updater
5126f6f Updater: Add menu option to apply a local update package [Kshitij Gupta]

* vendor/candy
e735d50 Remove deprecated backup overlay [Michael Bestas]
367b5dd Adapt to 6.0.1_r52 backup whitelist [Abhisek Devkota]
d1fa1d8 Revert "Revert "vendor: Squashed commit for inline GApps support"" [NoSpamDan]
6a14d0e Revert "prebuilt: Drop otasigcheck script" [NoSpamDan]
0480e44 Revert "Revert "vendor: Squashed commit for inline GApps support"" [Dan Cartier]
4d469c5 Revert "prebuilt: Drop otasigcheck script" [Dan Cartier]

* vendor/zuk
e138af1 msm8996-common: update perf from LA.UM.9.6.2.r1-03600-89xx.0 [aswin7469]
b46f623 msm8996-common:  update Listen blobs from LA.UM.9.6.2.r1-03600-89xx.0 [aswin7469]
d4b307f msm8996-common: Switch to source built vendor.qti.hardware.perf@1.0.so [dianlujitao]
71e0b21 msm8996-common: switch to aosp bluetooth [aswin7469]

🍬 12-Mar-2021 🍬

* packages/apps/Settings/CandyShop
5c37447 Support: add CustomSeekbarPrefs [SpiritCroc]
8649dcc Implement Aggressive Battery [2/2] [frap129]
21ecf3f LockscreenCharging: squashed (3/3) based on: [1/2] Settings: show more battery info on lockscreen when charging by yank555-lu [xyyx]
389982f Add three-fingers-swipe to screenshot [2/2] [kdp162]
119656e NetworkTraffic: Add Option for Users to select size of Single Traffic (Up/Down) Font Size [2/2] [NoSpamDan]
3b69b34 Add Network Traffic Layout [2/2] [AnkitGourav]
c9cc5cd NetworkTraffic: Add Combined & Dynamic Mode [2/2] [AnkitGourav]
7b7f609 Add network traffic type [2/2] [Jon Haus]
36ce5ba NetworkTraffic positioning: Adapt to new settings flags [spezi77]
ffac54c Network traffic location [2/2] [SKULSHADY]
03006a8 Hide arrows in Network Traffic indicators [2/2] [nico60]
2087f83 Status bar network traffic [2/2] [ezio84]
9ebc332 CandyShop: Add QS quick pulldown option [ezio84]
017251d CandyShop: QS tile title visibility [2/2] [ezio84]
53be8e3 candyshop: Add QS columns/rows options [ezio84]
20f9098 candyshop: Losckreen media art [2/2] [ezio84]
b8671bb Allow hiding notification headers [2/2] [idoybh]

* packages/apps/Updater
691066e Only cancel notification if update isn't installed [Luca Stefani]

* system/core
56bd12b LockscreenCharging: squashed (2/3) [xyyx]

* system/update_engine
55cb0c2 Convert superior product variables to soong config variables [aswin7469]
7da1e0e Allow PREBUILT_DYNAMIC_PARTITIONS to resize partitions. [Christian Oder]

🍬 11-Mar-2021 🍬

* candy
10e3a01 candy: Track our own external_airbnb-lottie [NoSpamDan]

* packages/apps/Settings
2f1e3fe  Settings: Add About Phone Candy lottie animation [miju12]
304893e Enable and set the default account provider. [jhenrique09]
b1f53d8 Settings: add icons to submenus [rohan]
2fd7c5f Settings: move app compatibility preference to apps and notifications [rohan]
101f429 Settings: update lottie animations [rohan]
6ea13b0 Settings: update some lottie animations [rohan]
972f0f8 Settings: Lottie Animations [rohan]
7995ca2 Settings: import airbnb-lottie [rohan]
287c9eb AmbientDisplay: Add custom pref for devices with custom doze packages [jhenrique09]
12202d2 Settings: deviceinfo: Move imei information to Sim status [Chris]
8239c9e Fix mvno data field summary not update issue [Wei Huang]
3e27929 Fix NPE if default supervisor is not defined [Wang Han]
2c16b59 hardwareinfo: Hide hardware revision if empty [Arian]

* vendor/candy
2ba09b1 Allow A/B OTA downgrades on debuggable builds [Luca Stefani]
da1daa0 Revert "vendor: Add back the check for AB or A-only for backuptool" [NoSpamDan]
96d2aed backuptool: Fix path for restore_addon_d [NoSpamDan]
8ed5ea7 backuptool: Correct supported partitions for addon.d v3 [Alessandro Astone]
cac7e27 backuptool: Set Candy version from build [NoSpamDan]
da2e608 backuptool: Support seamless backup and restore to extra partitions [Alessandro Astone]
91fe92c Revert "vendor: Squashed commit for inline GApps support" [NoSpamDan]
41b56a4 prebuilt: Drop otasigcheck script [NoSpamDan]
68daa9b prebuilt: Drop 4 year old fix_permissions script XD [NoSpamDan]

🍬 10-Mar-2021 🍬

* art
4d6e371 Merge tag 'android-11.0.0_r32' of https://android.googlesource.com/platform/art into HEAD [miju12]

* build/make
3e29573 Merge tag 'android-11.0.0_r32' of https://android.googlesource.com/platform/build into HEAD [miju12]

* candy
9ca0aeb remove: Drop redfin-kernel for tag sync [NoSpamDan]
96da790 candy: Android 11.0.0_r32 into c11 [miju12]
d16d650 candy: Track our own pixel-sepolicy for battery saver [NoSpamDan]

* frameworks/base
9f2e27d core: jni: use -O3 [Simao Gomes Viana]

* system/update_engine
962d275 Pixels: Add Candy ASCII art while flashing. [spezi77]
13684fb Boost update_attempter thread priority [Harsh Shandilya]
e2ab8f5 Ignore timestamp check in DeltaPerformer [Surge Raval]
0a412ac Report more info in sideload UI [Surge Raval]
cd4e9a1 Add sideload UI and split reporting into thirds [Surge Raval]

* vendor/candy
a18e438 Merge "overlays: Add some Launcher3 stuff" into c11 [Dan Cartier]

🍬 09-Mar-2021 🍬

* vendor/candy
f120f4f overlays: Add some Launcher3 stuff [NoSpamDan]

🍬 08-Mar-2021 🍬

* vendor/candy
07418ad packages: Drop Launcher3QuickStep [NoSpamDan]
660878e vendor: Start adding back some product and system_ext privapp permissions [NoSpamDan]

