🍬🍬🍬🍬🍬🍬 CANDY 11 🍬🍬🍬🍬🍬🍬

 CandyRoms Changelog for violet

🍬🍬🍬🍬🍬🍬🍬🍬🍬🍬🍬🍬🍬🍬🍬🍬🍬

🍬 04-May-2021 🍬

* art
4a0228b Merge tag 'android-11.0.0_r37' of https://android.googlesource.com/platform/art into HEAD [Mourya Baruah]

* build/make
f957334 Merge tag 'android-11.0.0_r37' of https://android.googlesource.com/platform/build into HEAD [Mourya Baruah]

* device/xiaomi/violet
ee5acf5 temp [Mourya Baruah]

* frameworks/av
2a52123 libmedia: Add MediaPlayer() function for backward compatibility [Adithya R]
fb7db1d CameraDeviceClient: fix recognition of Y16 format due to unmatching sizes [John Doe]
745338c libcameraservice: Remove restrictions for faceunlock service [jhenrique09]
f7b1cdb media: Don't fail AAC decoding if DRC parameter isn't available [Pierre-Hugues Husson]
2f7ba8c Revert "Revert "OMX AAC decode don't support getting DRC parameters"" [Mourya Baruah]
6ddf0c1 Merge tag 'android-11.0.0_r37' of https://android.googlesource.com/platform/frameworks/av into HEAD [Mourya Baruah]

* frameworks/base
6de144e SystemUI: Implement burn-in protection for status-bar/nav-bar items [Park Ju Hyung]
7f391f5 fwb: Fix navigation bar button hit testing [SahilSonar]
ea40464 SystemUI: Revive navbar layout tuning via sysui_nav_bar tunable [Andy CrossGate Yan]
9964ec4 base: tuner: fix navbar layout switch and remove old cruft [maxwen]
4ce6882 SystemUI: Add navbar layout inversion tuning [LuK1337]
d7146c4 AuthBiometricsView: Add missing null checks [NoSpamDan]
69874c0 AuthController: Add null check for mCurrentDialog in onBiometricError() [NoSpamDan]
1305a62 Fix: "Clear All" recent app screen loop bug [vincent.cw_lee]
111f8fa No need to 'addChild' when start 'FLAG_ACTIVITY_CLEAR_TOP' Activity. [yangyankai1]
9ef7235 keyguard: Do not trigger a wake up when hiding lockscreen [Arne Coucheron]
49888c2 Revert "SystemUI: Redraw display cutout on overlay changes" [NoSpamDan]
8080f90 Allow media art with enabled facelock lockscreen bypass [DennySPb]
e2de9ee base: Show and edit Ambient Icons on Lockscreen [1/2] [TikkiTikki]
c250260 cleanup - SystemUI: Allow listening for face only on pin/pass view [jhenrique09]
156355b SystemUI: Allow listening for face only on pin/pass view [jhenrique09]
cfa822c SystemUI: Face Unlock animation [Dil3mm4]
6943e44 fixup - base: do not use new lockscreen layout for bypass [jhenrique09]
c4d7437 base: do not use new lockscreen layout for bypass [Ethan Halsall]
307d725 AuthBiometricFingerprintView: Fix indicator text color on dark theme [jhenrique09]
294ba43 fixup - [1/2] Allow using face as auth method for apps [jhenrique09]
b862ac0 FaceService: Nuke useless call to getAuthenticatorId [jhenrique09]
bb894c4 [1/2] Allow using face as auth method for apps [jhenrique09]
aabac5e LockIcon: Don't cache icon when scanning face [jhenrique09]
1112dac base: Port face unlock feature [1/2] [jhenrique09]
4d79593 SystemUI: use simple check for isFaceDisabled [Ali B]
997b7d7 AuthContainerView: fix rare SystemUI crash [Simão Gomes Viana]
fa336a2 Add isFaceAuthEnabledForUser checks in KeyguardLiftController [jie shen]
cee8ec8 SystemUI: BiometricPrompt: Adjust layout if FOD is present [rituj]
2175ee9 Toasts: Use a snackbar-like animation [El Dainosor]
1f614e7 [1/2] base: expose auto night mode sunset and sunrise values on API [maxwen]
66cbf87  PixelPropsUtils: Add more apps [Stallix]
8e59e78 fw/b: Add support for per app network isolation [Sam Mortimer]
4d4dfa4 fw/b: Squash of app fw restriction commits [Danesh M]
9fff327 Ambient pulsing: don't show lock icon [Dil3mm4]
4b3d664 DisplayModeDirector: Make sure we apply refresh rate on startup [Ido Ben-Hur]
0c26b79 toasts: Use Animation_Toast_Material [Anushek Prasal]
f6d2987 toasts: Improve layout and center-align the content [SKULSHADY]
8968a20 toasts: Increase elevation to 4 [Joe Maples]
87ba263 toasts: Follows theme corner radius [Joe Maples]
13b3237 core: Materialize Toast notifications [Joe Maples]
d0f981f AutoAODService: Account for disabled doze [Ido Ben-Hur]
fe38d71 AutoAODService: Add support for mixed time & sun modes [1/2] [Ido Ben-Hur]
3087904 base: Allow scheduling always on display [1/2] [Ido Ben-Hur]
b60279b Add double tap to sleep gesture [Rashed Abdel-Tawab]
cc7265f CarrierConfigManager: enable LTE+ icon by default [xboxfanj]
42fd79e Fix 2tap2wake after Ambient Pulsing on some devices [ezio84]
5361dff Show Ambient instead of lockscreen on wake gestures [1/2] [ezio84]
8e0f462  Ambient music ticker: double tap on track title to skip track [ezio84]
ab9fc3b SystemUI: Remove GarbageMonitor tile [jhenrique09]
c5fe4bd base: New VoLTE icon [El Dainosor]
9d1730c VoLTE: Add New Minimal Icon [SuperDroidBond]
2778efb SystemUI: Add OOS 10 VoLTE icon [1/2] [SKULSHADY]
124add2 SystemUI: Add VoLIT icon [1/2] [Stallix]
89c9f24 add fod detection overlay Change-Id: I435f1d6f806685356ea438f48ec52d1d8be81b9b [Mourya Baruah]
5a2b7ae Ambient music: Remove debug messages. [spezi77]
bc84d71 Ambient music: Also shorten the Now Playing title after the song title. [spezi77]
0edb7fe Ambient music: pulse on new music tracks and Now Playing info [1/2] [ezio84]
8b30fd8 fixup! Add long screenshot chip [Joey Huab]
6d9f525 base: Fallback stitchimage's broken value to unknown [ender1324]
6e43be8 base: Whitelist stitchimage [jhenrique09]
d364edd base: Add missing long screenshot permission [ender1324]
f3b7825 base: Add long screenshot chip [ender1324]
045be60 Ambient music: Format the media title like Elgoog does. Example [spezi77]
bb8b94d Ambient music: Show bottom ticker above fod circle if needed. [spezi77]
41b9562 KeyguardSliceProvider: Hide song name if TypeClock is in use. Otherwise the layout would be broken [spezi77]
f3467ec Ambient music v2: Allow for changing the music ticker position [1/2]. This will add the music ticker to the ambient screen / AoD just like on Pixel devices. It will work with ezio's music ticker and now playing commits for Android R. Other part of the commit is in Settings. [spezi77]
694e5a2 Port ambient Now Playing container from Pixel [stripped down version] [Joe Maples]
bceed2f PermissionHub: Enable it [Raj Jadeja]
995b9d9 Add three more selectable VoWiFi icons [1/2] [blinoff82]
0c5830c SystemUI: Add four more selectable VoWiFi icons [1/2] [DennySPb]
7aee235 SystemUI: Improve VoLTE detection logic [Pranav Vashi]
25bc3c7 SystemUI: Optional VoWiFi icon [1/2] [DennySPb]
85318d6 SystemUI: support VoWIFI icons [Weijie Wang]
f1e5aad SystemUI: Add EMUI VoLTE icon [1/2] [DennySPb]
15f564a Add MIUI 11 VoLTE icon [1/2] [Lup Gabriel]
b5f84bd SystemUI: add CAF VoLTE HD icon [1/2] [DennySPB]
d11af29 SystemUI: Add Asus VoLTE Icon [1/2] [PainKiller3]
384f331 VoLTE Icon - User Selectable VoLTE Icon [1/2] [SuperDroidBond]
7aa10a4 Add VOLTE icon toggle [1/2] [SagarMakhar]
08daaae SystemUI: Show 4G instead of LTE switch [1/2] [Alex Cruz]
1d7d2ca base: Fix padding for VoLTE icon [Josh Fox (XlxFoXxlX)]
cb65772 MobileSignalController fix corresponding to upstream FeatureConnector change [Steven Laver]
a50a383 ImsManager.Connector became FeatureConnector. [Daniel Norman]
ea437cb SystemUI: Enhancement for volte icon [Weijie Wang]
249bb57 SystemUI: Query IMS state after CapabilityCallback is regisered [Qimeng Pan]
65d42f2 SystemUI: Fix HD icon missing [Weijie Wang]
ebf29e4 Adapt to IMS registration changes. [Bill Peckham]
3539517 Fix VOLTE icon color on Light statusbar [Adarsh-MR]
b59a733 SystemUI: Refactor the feature of volte icon [Weijie Wang]
7a812e2 SystemUI: Fix volte icon doesn't update in real time [Weijie Wang]
ab39353 SystemUI: Add new configuration for displaying Volte icon [Weijie Wang]
376676a base: Let legacy apps scale fully to the display's aspect ratio [rituj]
42ae24f ScreenOFF volume skiptrack (with remote Spotify support) [ezio84]
a9eebbf Fix volume rocker skip track on Ambient Display and Lift to Wake [ezio84]
e0017d5 Add LineageButtons (volume skip track hooks) [Simon Shields]
a1a83a9 admin: Restore requireSecureKeyguard interface. [Adnan Begovic]
b44f795 base: fix tapered rect overlay [Anay Wadhera]
84af4a3 Revert "Adding P20 styles" [Mourya Baruah]
7d1e6d3 Revert "Remove new styles from AOSP" [Mourya Baruah]
3264a40 Add OnePlus Slate and SamsungOne font styles [1/2] [Pranav Vashi]
749b5fc Add our favourite fonts in AOSP FontEngine [2/2] [SuperDroidBond]
d7de67b MediaCodecInfo: do not alter performance points for 32-bit processes [Wonsik Kim]
b9a6c11 MediaCodecInfo: limit resolution to 4K for 32-bit processes [Wonsik Kim]
e53ae11 SystemUI: Enable and fix QS detail view, adapt layout to 11 [eray orçunus]
3f26e75 BrightnessController: Fix thread exception [jhenrique09]
589623a Fix black screen issue due to wallpaper decoding exceptions [Weijie Wang]
c0f7723 wm: Passing a new ArraySet instance to avoid crash [Qiushi.Han]
c0e17a1 SoundPool: Fix clang-tidy warning in StreamManager [Adithya R]
ca5ced7 Fix NetworkPolicyManagerService deadlock [Zhengyu Zhan]
e401aed Apply bilinear filter for Ninepatch. [Minkyoung Kim]
a66715a Check ProjectBackwards property for childrens after children's syncProperties(). [Minkyoung Kim]
a92fbb7 Fix guest icon is not clickable after adding user [Artem Radchenko]
7577205 Fixed Handler Leak on RecyclerView [Jiwon Kim]
dac9dad Fixed Handler Leak on WrapperInit [hyung4.kim]
cc6f708 Persist screen brightness setting through upgrade [Fiona Campbell]
40eff73 KernelWakelockReader: provide class level lock when updates staleStats [Michael Sun]
2d305e4 HwBlob: explicit size check [Steven Moreland]
fd68fdf AbsSeekBar: Fix growRect computation [Adrian Roos]
5d4c472 AbsSeekBarTest: Fix dpToPixel computation [Adrian Roos]
200252e1 fix broadcast receivers overflow for system_server [Sergii Piatakov]
8e2f00c Add synchronized to make sure data correctness [lucaslin]
b7628d7 Prevent going through unnecessary networks [Chiachang Wang]
2e4d91d Use name instead of package name [Zhuying Li]
10ad52a UserManagerService: Fix NPE [wangshouchun]
4ea3d2e Thread.sleep takes milliseconds, not seconds. [Josh Gao]
2c7adb2 fdtrack: GC before checking fd count. [Josh Gao]
ea00224 Move system_server fdtrack implementation to Java. [Josh Gao]
85e645f SystemUI: Disable KeyguardConstants DEBUG [maxwen]
638ca07 SystemServer: Only enable fd leak tracker on eng [Simao Gomes Viana]
09d222e SystemUI: MediaOutputDialogFactory: accept null package name [daniml3]
96607f8 SystemUI: Redraw display cutout on overlay changes [Adithya R]
464b163 Fix Another SystemUI crash [SuperDroidBond]
e42c798 Fix SystemUI crash [Ido Ben-Hur]
124b3b5 Framelayout: Fix NPE when view is missing [Pranav Vashi]
3223675 Prevent crash in TTS engine due to improper configuration [Pranav Vashi]
a0711b4 iorap: Enable by default [Pranav Vashi]
f12eed0 iorap: Terminate iorapd process when both tracing and prefetching are off. [yawanng]
9506452 Partially revert "Wake up to lock screen when bouncer is visible" [Sultan Alsawaf]
7d51c19 SystemUI: fix NPE on ExpandableNotificationRow [Chenyang Zhong]
8d4d313 SystemUI: Always disable rotation on lockscreen [jhenrique09]
d7f6740 Fix Performance issue in Listview issue: https://issuetracker.google.com/issues/183024999 [Tang Ding]
4eca3c4 Revert "Pre-emptively take a snapshot when finishing an activity before changing visibility" [Danny Lin]
1de2803 LayoutInflater: Opportunistically create views directly for performance [Danny Lin]
f6afff4 SystemServiceRegistry: Replace ArrayMap with HashMap for performance [Danny Lin]
1be931b PackageManagerService: Replace ArrayMap with HashMap for performance [Danny Lin]
72708d6 InsetsStateController: Replace ArrayMap with HashMap for performance [Danny Lin]
f6b7cc1 LocalServices: Replace ArrayMap with HashMap for performance [Danny Lin]
062f163 ThemedResourceCache: Replace ArrayMap with HashMap for performance [Danny Lin]
575a0ed Trace: Disable debug tracing in production builds [Danny Lin]
0201139 statsd: Disable native stats collection service [Danny Lin]
c22a1c96 EventLog: Disable event writing in production builds [Danny Lin]
96ceb48 PackageInfo: Optimize ApplicationInfo creation [Danny Lin]
fb9b53f Merge tag 'android-11.0.0_r37' of https://android.googlesource.com/platform/frameworks/base into HEAD [Mourya Baruah]

* frameworks/native
f2c704f SurfaceFlinger: VSyncPredictor should be robust with inconsistent vsyncs [Ady Abraham]
9cf57e9 Ensure that expected present time is in the future [Snild Dolkow]
02e376a SF: handle long waiting Layer sync point [KaiChieh Chuang]
531bfbb Check for focused window before raising 'no focused window' ANR [Siarhei Vishniakou]
423a4ec Check window token when extending timeout [Siarhei Vishniakou]
ff38d35 Ensure mNoFocusedWindowTimeoutTime is null when new Focused Window come [dingxiaobo]

* packages/apps/Settings
541a0a4 NightDisplay Settings: Use List Preference for NightLight settings [Akash]
8f99470 Settings: QR Scanner pass proper frame Width and Height [hoffc]
04e2578 [2/2] Settings: expose auto night mode sunset and sunrise values on API [maxwen]
6c987aa Allow using face as auth method for apps [2/2] [jhenrique09]
e52efa3 Port faceunlock feature [2/2] [jhenrique09]
389aa49 Settings: Update preference videos [Anushek Prasal]
9ee75db MediaOutputPanel: Handle the case of missing packageName [Arian]
2e3bd41 DarkMode Settings: Use List Preference rather ugly Drop Down [Pranav Vashi]
3f713f6 Settings: Whitelist WRITE_DEVICE_CONFIG permission [saikiran2001]
2728d70 Settings: Add support for per app network isolation [Sam Mortimer]
e316bcf Settings: per-app cellular data, vpn and wifi restrictions [Uldiniad]
7ff940f Double tap to sleep on lockscreen [2/2] [ezio84]
1c543fd  Allow to choose lockscreen or Ambient on wake gestures [2/2] [ezio84]
2b1d544 Remove feedback and bug report stuff [ezio84]
1ba8211 Add video preview to Skip track gesture option [Sahul Krishan]
34638e6 Add Volume rocker skip track to Gestures [ezio84]
9a33186 Aosp Ambient music: allow to pulse on new tracks [2/2] [ezio84]
43fba57 Merge tag 'android-11.0.0_r37' of https://android.googlesource.com/platform/packages/apps/Settings into HEAD [Mourya Baruah]

* packages/apps/Settings/CandyShop
7d9e00b lockscreen: Fix AOD schedule summary [NoSpamDan]
2fc8676 Show and edit Ambient Icons on Lockscreen [2/2] [TikkiTikki]
5ac0c67 AODSchedule: Add support for mixed time & sun modes [2/2] [idoybh]
5cbdfd4 CandyShop: Allow scheduling always on display [2/2] [idoybh]
05743fe Ambient music: Allow for changing the music ticker position [2/2] [spezi77]
be4a440 Merge "CandyShop: Add 'Invert layout' to navigation bar settings" into c11 [Dan Cartier]

* system/core
a359255 Filter out QTI performance spam [DennySPB]
a1b5012 Shut up camera and wcnss debug output [faust93]
8c098dc Filter GalleryDatab* [Simao Gomes Viana]
58d2c19 Silence spammy logs from camera blobs (AEC_PORT and mm-camera) [Sultanxda]
040761f init: ro.build.selinux should be 0 [Park Ju Hyung]
25cce82 init: add several more keys to spoof [Park Ju Hyung]
5c30b35 init: workaround SafetyNet check [Park Ju Hyung]
14400ca init: Weaken property override security for the init extension [Alex Naidis]
90d0c2d fastbootd: Allow using kernel commits to pass SafetyNet [Jason Edson]
fe20d0b init: always allow local.prop overrides [Dan Pasanen]
7ae9c82 init.rc: don't start console unless asked to [Alex Naidis]
6a39b8d Allow permissive selinux on non debug builds [Lucchetto]
6e10283 fastboot: Don't fail when unable to get boot partition size [Michael Bestas]
517261b fastboot driver: fix message [Yifan Hong]
5934f32 Adding 'postinstall' root dir unconditionally. [Bowgo Tsai]
497973f Store result of mount_all for mounted userdata by metadata encryption [Qilin Tan]
4dca265 Only store result of mount_all that mounted userdata [Nikita Ioffe]
e3de93e fastboot: Bring back legacy A/B support [LuK1337]
19c491d LockscreenCharging: squashed (2/3) [xyyx]
8119724 fastboot: Skip super partition update on devices with dynamic prebuilt images. [Alexander Koskovich]
d5c03c9 healthd: cover devices that have voltage_max file with value of 0 [maxwen]
e6b1060 healthd: allow custom charger images [Scott Mertz]
b6f90cf liblog: Always report as debuggable when building userdebug/eng [Bruno Martins]
dd52beb Allow remounts with Magisk installed [Bruno Martins]
e47ed69 adb_root: Make encryption action an argument to mkdir [Paul Crowley]
bc2d977 Boost init priority before main loop [Wei Wang]
e7cd5d2 debuggerd: add Candy version to tombstones [Scott Mertz]
57c3c01 healthd: Add support for HVDCP_3 chargers [Abhijeet Dharmapurikar]
12c0bf7 Squashed import of adb root patches [LuK1337]
9cf74b4 errno_restorer: Make bool operator explicit [Luca Stefani]
228c84f Remove unneeded optimize_for lite [Luca Stefani]
7b700d1 [cleanup] Fix a clang-tidy warning [Yurii Zubrytskyi]
71677b4 adb: Look for shell executable in alternate places [Tom Marshall]
c6cdc53 init: don't skip starting a service with no domain if permissive [William Bellavance]
36e1216 fastbootd: hacks for legacy [Alessandro Astone]
9c10189 fastbootd: usb: fallback to v1 descriptors [Alessandro Astone]
223f4a7 core: Bring back support for legacy FunctionFS [Arne Coucheron]
b3e5950 init: Add activation logs for flattened APEX folders with details [Adrian DC]
ba924a1 Reboot sequence: Unmount active apexes before unmounting /data [Nikita Ioffe]
8a68c95 init: Sort the list of flattened APEX folders to avoid variations [Adrian DC]
1584863 fs_mgr: autodetect filesystem type [Dan Pasanen]
f9be18f core: mark libsysutils and libdiskconfig recovery_available [Alessandro]
af75bfb init: Don't run update_sys_usb_config if /data isn't mounted [Michael Bestas]
dfd957d init: Convert lineage product variables to soong config variables [Pig]
2788572 Camera: Add feature extensions [Sauhard Pande]
d8e9d4a logcat: Map '-C' to 'logcat -v color' [Adnan Begovic]
79fd3fc Add wrapped key support [dianlujitao]
5ab0638 healthd: Reinitialize mChargerNames for every battery update [Abhijeet Dharmapurikar]
e0e5caa init: Add vendor-specific initialization hooks. [David Ng]
9c761ed healthd: Add DASH charger type [Steve Kondik]
fc7ec7c ziptool: restore unzip for recovery [Alessandro Astone]
bc004e2 fs_mgr: mount: don't set the block device as ro for recovery [Alessandro Astone]
836a443 Revert "Format formattable partitions if mount fails" [Tom Marshall]
05b48fa adb: Add ro.adb.secure.recovery handling [LuK1337]
36c4770 reboot: allow opting-in to fastbootd [Alessandro Astone]

* system/netd
7aa2b2e system/netd: Add support for per app network isolation [Sam Mortimer]

* vendor/candy
3f31091 rework fonts [Mourya Baruah]
8324819  vendor: Add back FaceUnlock support [jhenrique09]
85596e5 vendor: Build StitchImage [jhenrique09]

🍬 03-May-2021 🍬

* candy
92496c3 candy: Add external stitchimage repo for long ss [NoSpamDan]
c07dc31 candy: Add face unlock support repos [NoSpamDan]

* packages/apps/Settings/CandyShop
ce01251 CandyShop: Add 'Invert layout' to navigation bar settings [luk1337]
50ed58c Add seven more selectable VoWiFi icons [2/2] [niteshkumar2000]
18fe316 Optional VoWiFi icon [2/2] [DennySPB]
40c8504 Statusbar: Add more optional VoLTE icons [DennySPB]
050051a VoLTE Icon - User Selectable VoLTE Icon [2/2] [SuperDroidBond]
bf046b7 StatusBar: VoLTE icon toggle [2/2] [DennySPB]

🍬 02-May-2021 🍬

* device/xiaomi/violet
c911d05 violet:Enable usage of dex2oat64 [David Sehr]
3d23a2e violet: Optimize everything on preopt [arter97]
a35aec7 violet: overlay: Don't show Mobile plan preference item [UtsavBalar1231]
966f70f violet: overlay: Enable Auto Power Modes [Sebastian]
e76ff1d violet: configs: audio: add FAST flag to deep_buffer [trpsl]
900d04f violet: prop: add missing prop of 24-bit audio offload playback [karthik558]
40ac21d violet: overlay:  Add proper support for 5GHz hotspot [Martin]
8658264 violet: wlan: Smarter decisions on whether to use a 2Ghz or 5Ghz AP. [Alex Naidis]
7847827 violet: audio: enforce 24-bit audio for offload playback [justinweng]
3749f03 violet: audio: Change mono_speaker to left [Anunay Maheshwari]
3ad107e violet: Replace audio@2.0-service with audio.service [Roman Kiryanov]
3e0f208 violet: Set voice call volume steps to 6 [Brock5555]
338a5b1 Violet: Adjust Screen Brightness Values To fix the screen flickering issue on minimum brightness while on light theme [aftabashrafi-111]
2e6730d Register and enable qcrild & data services on boot Fixes lag on getting network service after boot [Brock5555]
46c2ac2 thermal: Adapt thermal config [trpsl]
7a2ff46 Build pixel thermal hal [trpsl]
a59eb44 sepolicy: Add rules for pixel thermal hal [trpsl]
c044073 thermal: reband to Xiaomi [trpsl]
2312370 Import pixel thermal hal [trpsl]
44f4e3f violet:Tweak fling velocity system props [xdevs23]
07dee56 violet:Refined early phase offsets [tangrobin]
acc42c1 violet:Update CarrierConfigs from Oneplus8Pro [SagarMakhar]
1e07913 violet: overlay: Set Google autofill service as default [Mourya Baruah]
944f5cf violet:  overlay: configure SQLite to operate in MEMORY mode [Jesse Chan]
e742ec9 violet: adjust zram write back policy [Martin Liu]

🍬 01-May-2021 🍬

* vendor/candy
88fc111 Merge "vendor: Update to vendor/gapps check" into c11 [Mourya Baruah]
e6524b3 Merge "vendor: Remove GAPPS version naming" into c11 [Mourya Baruah]

🍬 30-Apr-2021 🍬

* candy
13221a6 Revert "candy: DNM: SEPolicy changes - staging repo" [NoSpamDan]
fb433d7 candy: Switch to our fork of LOS opensource power HAL [NoSpamDan]

* device/candy/sepolicy
b768a32 Merge remote-tracking branch 'staging/c11' into c11 [NoSpamDan]

* device/qcom/sepolicy-legacy-um
e00fd5a remove duplicate attributes [Mourya Baruah]

* frameworks/base
41562f2 BatteryMeterView: Remove forced battery display option [NoSpamDan]
4536641 Add config to disallow the battery % option [Evan Laird]
8c2e2b3 Settings: Remove duplicate BATTERY_STYLE_PORTRAIT [NoSpamDan]
55f2a6f Battery icon: fix requestLayout() calls spam when in lockscreen [ezio84]
b482b2f Battery settings: Sync battery icon with status bar [1/2] [Nicolas Dhouailly]
93de818 Battery icon: fix signal icon padding when using Hidden style [Ezio Lacandia Bijelkic]
ad7dc02 Battery Styles: Remove unneeded function parameter in BatteryMeterView [Nicolas Dhouailly]
e30a8e3 Battery options cleanup [1/2] [Ezio Lacandia Bijelkic]
214acbe Battery Styles: Introduce full circle battery style [Christian Oder]
7d9d91f Battery Styles: Hide plus when showing battery percentage inside icon [Christian Oder]
9b97ea2 Battery Styles: Readd dotted Circle to Kotlin impl [Christian Oder]
0d68fe5 Battery Styles: Show a bolt ⚡ when charging [ezio84]
fc74844 Battery Styles: Bring back good ol' circle battery style [Luca Stefani]
754e5d0 Battery Styles: BatteryPercentage: Detect when overlay changes [Henrique Silva]
b776a86 QuickStatusBarHeader: Allow to show battery percentage [1/2] [Nicolas Dhouailly]
52b65e6 Merge "configure same GID based APNs as per carrier requirements" into c11 [Dan Cartier]
8ce767f Hidden gestural bar: fix visual glitches when switching states [ezio84]
b0cf108 SystemUI: Implement hide gestural navigation hint bar [1/2] [Jesse Chan]
6d0bb514 configure same GID based APNs as per carrier requirements [Avinash Nalluri]

* packages/apps/Settings
f7f298d Battery settings: Sync battery icon with status bar [2/2] [Nicolas Dhouailly]
7329f2e Remove aosp battery percentage option [ezio84]

* packages/apps/Settings/CandyShop
20e00d3 Battery options cleanup [2/2] [ezio84]
d754dd1 Add statusbar battery options [TheStrix]
f628c4d SystemUI: Implement hide gestural navigation hint bar [2/2] [ezio84]

* vendor/candy
6db5be5 vendor: Update to vendor/gapps check [NoSpamDan]

🍬 29-Apr-2021 🍬

* frameworks/base
d14eb97 Merge "base: Introduce Applock [1/3]" into c11 [Mourya Baruah]

* hardware/candy/interfaces
1345346 Regenerate fastcharge HIDL blueprint [LuK1337]
6105b8f Import Motorola Health HAL [Vachounet]
4d43a28 lineage/interfaces: add fastcharge HAL [Francescodario Cuzzocrea]
9c77841 Add 'vendor.' prefix to a vendor HAL service name [Jaekyun Seok]
112a0b2 touch: Add keys swap interface [Arian]
6a24e4a trust: set system vintf fragment xml to framework [Michael Benedict]
18f7a9a gnss: fix -Wreorder-init-list [Nick Desaulniers]
dd847ec interfaces: camera: Implement lockYCbCr stub for Mapper 4.0 [Jason Macnak]
7740ab7 interfaces: camera: fix two potential null pointer uses [George Burgess IV]
a353cd6 interfaces: Camera: add IAllocator/IMapper 4.0 to camera HIDL [Marissa Wall]
bc8798e trust: Include VINTF fragments [Michael Bestas]
a0c9641 Remove libhwbinder/libhidltransport deps [dianlujitao]
2f8a372 trust: create service [Joey]
d6fac7f interfaces: Add trust 1.0 HAL [Paul Keith]

🍬 28-Apr-2021 🍬

* frameworks/opt/telephony
0606b0c Merge "Merge tag 'LA.QSSI.11.0.r1-09400-qssi.0' into telephony." into c11 [Dan Cartier]

* system/netd
6f74643 Merge changes from topic "netd" into c11 [Dan Cartier]

* vendor/candy
42826c7 vendor: Remove GAPPS version naming [NoSpamDan]

* vendor/qcom/opensource/data-ipa-cfg-mgr
211b2f6 ipacm: add null pointer checks in LanToLan instance [Chaitanya Pratapa]

🍬 27-Apr-2021 🍬

* candy
48fc195 candy: DNM: SEPolicy changes - staging repo [NoSpamDan]

* device/candy/sepolicy
723c214 contexts: Drop livedisplay [NoSpamDan]

🍬 26-Apr-2021 🍬

* device/candy/sepolicy
28c9c04 Merge remote-tracking branch 'los/lineage-18.1' into c11 [NoSpamDan]

* device/qcom/sepolicy-legacy-um
fc6e666 Merge remote-tracking branch 'los/lineage-18.1-legacy-um' into c11 [NoSpamDan]

* device/qcom/sepolicy_vndr
3d6ff40 sepolicy: Change the path from /data/vendor/log/wifi to /data/vendor/log [Mohammad Asaad Akram]
7f4351b sepolicy_vndr: Default Modem Manager Policies [Tyler Wear]
0973890 sepolicy: setting secontext to rtc node [Mohit Aggarwal]
b9621d1 sepolicy_vndr: Add dontaudit rule for wfd_app [Mahesh Raja Bhogineni]
26b426a sepolicy_vndr: add access to create file through imsdaemon [Pavan Kumar M]
b64971a Allow vendor_location_app to bind to gpuservice [haohuang]
bbc48b8 sepolicy_vndr: Update demura service name [Tharaga Balachandran]
97b78a7 sepolicy: add sepolicy for hal_graphics_composer_default file [Devanshi Bansal]
580b402 Merge remote-tracking branch 'los/lineage-18.1' into c11 [NoSpamDan]

🍬 25-Apr-2021 🍬

🍬 24-Apr-2021 🍬

* device/xiaomi/violet
c676527 fix live wallpaper lag [Mourya Baruah]
231ca17 update april fp [Mourya Baruah]

🍬 23-Apr-2021 🍬

* frameworks/base
41735d2 Merge "TileLayout: Match CandyShop settings for defaults" into c11 [Dan Cartier]
6e117e9 Merge "fixup! FODCircleView: various improvements." into c11 [Dan Cartier]
545d32b Merge "FODCircleView: move post hide animate function inside" into c11 [Dan Cartier]
5f284b6 Merge "VolumeDialogImpl: Don't vibrate when volume dialog is not visible" into c11 [Dan Cartier]

* frameworks/opt/telephony
484e539 RIL: Fix manual network selection with old modem [faust93]
5a05a0c Update external card state based on current app [NoSpamDan]
1f03676 Telephony: Add option for using regular poll state for airplane mode [Arne Coucheron]
332f36d 2G wants proper signal strength too [Arne Coucheron]
afd3976 Avoid SubscriptionManager#getUriForSubscriptionId calls with invalid subIds [Bruno Martins]
69d5eff Remove setIsoCountryProperty method along with partially dead code [Bruno Martins]
374dfe8 telephony: Squashed support for simactivation feature [Bruno Martins]
53a7a76 Failed to show hold call when user click swap and merge simultaneously [rongmei.li]
d15953e Merge tag 'LA.QSSI.11.0.r1-09400-qssi.0' into telephony. [Call190Now]

* vendor/codeaurora/telephony
23bb239 Add APIs to set and query NR config. [qiongz]
b65839a Keep old APIs for Auto Reject [Pranav Vashi]
8862b08 IMS: Define constants related to call progress info [Suresh Koleti]
96c2bd5 IMS: Support Video Customized Ringing Signal and SIP DTMF [pengfeix]
c63a17a Modify APIs to allow 3rd option for Auto Reject [Wileen Chiu]
cd077c3 Revert "Revert "Clean up call composer call code"" [NoSpamDan]

* vendor/qcom/opensource/data-ipa-cfg-mgr
9fb9c8c Merge tag 'LA.UM.9.12.r1-10300-SMxx50.0' into 11.0 [Pranav Vashi]
a4b7d14 IPACM: fix the MHI icmpv6 exception rule [Michael Adisumarta]
3451a37 ipacm: make changes to store offload state [Chaitanya Pratapa]
6bb6545 ipacm: support the mac renew with same IPv4 [Michael Adisumarta]
74d960e ipacm: add dynamic support for IPA new MTU events [Michael Adisumarta]
d55608b ipacm: add stringify for coalesce and mtu events [Michael Adisumarta]

🍬 22-Apr-2021 🍬

* device/candy/sepolicy
8943831 selinux: Introduce Applock [3/3] [rituj]

* frameworks/base
bd3c44d base: Introduce Applock [1/3] [rituj]

* packages/apps/Settings
566140d Settings: Introduce Applock [2/3] [rituj]

🍬 21-Apr-2021 🍬

* frameworks/base
d6b36dc Merge "PixelPropsUtils: Update fingerprint to April redfin" into c11 [Dan Cartier]

