🍬🍬🍬🍬🍬🍬 CANDY 11 🍬🍬🍬🍬🍬🍬

 CandyRoms Changelog for violet

🍬🍬🍬🍬🍬🍬🍬🍬🍬🍬🍬🍬🍬🍬🍬🍬🍬

🍬 10-Mar-2021 🍬

* art
4d6e371 Merge tag 'android-11.0.0_r32' of https://android.googlesource.com/platform/art into HEAD [miju12]

* build/make
3e29573 Merge tag 'android-11.0.0_r32' of https://android.googlesource.com/platform/build into HEAD [miju12]

* candy
9ca0aeb remove: Drop redfin-kernel for tag sync [NoSpamDan]
96da790 candy: Android 11.0.0_r32 into c11 [miju12]
d16d650 candy: Track our own pixel-sepolicy for battery saver [NoSpamDan]

* frameworks/base
1d91ec6 Revert "d2w: fix double tap to wake on ambient" [miju12]
a3321ee services: Use real values for aggressive idle [Joe Maples]
b1407f1 Aggressive Battery: fix auto enable on battery saver [shagbag913]
1b9248e core: Implement Aggressive Battery [1/2] [Joe Maples]
27f1eb9 ScreenRecord: Improve low quality screen record [Pranav Vashi]
874c25f SystemUI: allow to limit the max framerate of built-in screen recorder [nullbytepl]
e751664 Screenrecord: add blinking stop dot and low quality options [ezio84]
ff75665 SystemUI: keyguard show charging watt [maxwen]
7069483 LockscreenCharging: squashed (1/3) [xyyx]
3e38ff8 screenrecord: Save recordings in ScreenRecords [El Dainosor]
3220ade Add MicroG GmsCore to location providers [lyceris-chan]
5b980a9 Support UnifiedNlp (microG) [Simon Polack]
338cebf Properly set fonts and icons on keyguard when changing styles [ezio84]
eb8c940 SystemUI: Properly theme ScreenshotUI buttons [AshutoshSundresh]
eb89cb8 StatusBarIconController: Guard yet another function from cast exception [Ido Ben-Hur]
cab4a1c Avoid casting network traffic to StatusBarIconView to prevent crash [SpiritCroc]
507bdcb Update string for add tiles with one click [mydongistiny]
db63469 Restore one-click to add/remove tiles after r20 merge [ezio84]
5ad7d43 Allow user to add/remove QS with one click [Andrzej Ressel]
6659867 SystemUI: Remove QS drag handle [Danny Lin]
6343acc Disable overfling bounce [Danny Lin]
13a92c8 base: Grant suspend permission to Flipendo [Adithya R]
80d156e core: Import back arrow from OOS [HeroBuxx]
4b0704a Keyguard: reduce bottom text size [Marko Man]
1ff2717 Zygote: enable zygote preforking (USAP pool) by default [DennySPb]
744646b overlays: Import XiaomiOrange accent [Pranav Vashi]
d4326d6 overlays: Add iOS Blue accent [Adithya R]
74ed23b base: accents: Add MIUI accent color [00day0]
4f1664a base: accents: Add new accent colors for R Change-Id: I738ef4eb17483c3c78b84672db08b0e6e102831d [harsh-23]
4906f67 base: QS: beautify airplane & mobile data icons [AndroBuddy]
0f3df5c base: Update QS tile icons [AndroBuddy]
9a944f5 Better QS detail clip animation [dongwan0605.kim]
4417b2b base: Nice looking black theme [HrX03]
a8bee93 Forward Port: Smoother Upload and Download Animation [Muhammed Nazim]
812f796 base: Introduce the new switchbar [samgrande]
0005509 Shorten wait time for shutdown time optimization [zljing]
727965c call log limit 500=>5000 [psyafter]
aba89d3 Calm down attention service logspam [Adhitya Mohan]
0c29312 base: Cleanup some colors [Anushek Prasal]
577900e Update dark material colors [altan]
da953bb5 Make the UI a bit bolder [Lucchetto]
20492f6 Revert "Add shadow to text on keyguard" [Lucchetto]
a634af1 Revert "Remove clock shadows from light mode" [Lucchetto]
6659129 ChooserActivity: remove ugly separator [Lucchetto]
920f1c4 More rounded corners [Lucchetto]
06d3039 base: Add Pixel UI [SKULSHADY]
a25f042 base: SwipeToScreenshot: Import MIUI implementation [Henrique Silva]
7586a0a base: Improvements for swipe to screenshot [Henrique Silva]
ab66642 base: Add three-fingers-swipe to screenshot [1/2] [ghbhaha]
5821e1c Add Network Traffic Layout [1/2] [AnkitGourav]
5897ecd NetworkTraffic: Set default font size of Single Traffic to 24dp. [Jayant-Deshmukh]
7bf47ae [SQUASHED] Add Combined & Dynamic Network Traffic Mode [1/2] [AnkitGourav]
0341b8b NetworkTraffic: Set default font size of Single Traffic to 42dp. [spezi77]
8fba012 NetworkTraffic: Fix Net Text Getting Cut at DPI Changes [SuperDroidBond]
7aa3f75 NetworkTraffic: Allow user to choose positioning [1/2] [calebcabob]
fdded52 Bring back traffic indicator for Notch Devices !!! [Alex Cruz]
f6cc4c9 TrafficSB: Pass the animate bool [ganeshi4u]
05e0940 NetworkTraffic: Fix gravity [xyyx]
85890e9 Network Traffic: Add Option for Users to select size of Single Traffic (Up/Down) Font Size [SuperDroidBond]
f7f6c7f NetworkTraffic: Show arrows in statusbar [1/2] [Nico60]
ae224c7 Option for Up, Down as well for Network Traffic [1/2] [ezio84]
bd7ec6c Add network traffic monitor properly to statusbar icons [SpiritCroc]
53fe87f Bring back traffic indicator for all! [Alex Cruz]
c81e3b9 QS tile titles visibility [1/2] [Alex Cruz]
c231ccc Allow to set QS panel columns and rows [1/2] [ezio84]
d9e913e Lockscreen MediaArt: hide if media is not playing [ezio84]
d6a40c0 Settings.java: fix javadoc comment [Akhil Narang]
3e0155b SystemUI: Allow to enable Lockscreen Media Art [1/2] [beanstown106]
292cb79 base: Allow hiding notification headers [1/2] [Ido Ben-Hur]
4a9d20c0 core: Defy usage of NGA in Google Assistant [Danny Lin]
c002297 PixelPropsUtils: Add turboadapter to packages list [Adithya R]
3040f85 ViewConfiguration: misc changes (rev) [Simao Gomes Viana]
ebd5c9b framework-sysconfig: Add deskclock to whitelist [Qimeng Pan]
8717576 libs: hwui: Build using ThinLTO [mydongistiny]
24b67e2 DigitalClock: Use system fonts. [spezi77]
29cd90e TypeClock: adapt to changes in keyguard [rohan]
f5b1153 base: clocks: move more clocks to sysui R package [Adhitya Mohan]
5f5a995 KeyguardClockPositionAlgorithm: Allow forcing default clockY positioning [Christian Oder]
0396ea7 SystemUI: custom clock kickoff continued [Ali B]
0828db3 SystemUI: custom keyguard clock kick off [maxwen]
7cd66bf TypeClock: Update Ambient Clock layout [rohan]
cd6e482 SystemUI: fix binary clock update [maxwen]
5efe3c6 SystemUI: Improve Samsung clock layouts [Christian Oder]
8bff261 Introduce bold digital and Samsung like lockscreen clocks [Christian Oder]
97f6d01 Keyguard: add binary custom clock face [maxwen]
9a03a7c base: add more notification channels to blockable [maxwen]
399b0b9 SystemUI: tint emergency icon only [Vachounet]
0e4d981 base: SystemUI: Disable junky LS clock & slice transition animations [Ido Ben-Hur]
dace9d7 d2w: fix double tap to wake on ambient [ezio84]
107faec SystemUI: use primary colors for dark theme where possible [DennySPb]
6f8e2b6 SystemUI: refactor qs bg color into dedicated color resource [maxwen]
b380f4b fwb: Intruduce Primary Colors [Marko Man]
c9e6ab6 SystemUI: adjust powermenu and qs customizer background for black theme consistence [DennySPB]
6004a26 base: Remove keyguard delay completely [Saikiran]
85f9da9 SystemUI: Use AVCProfileMain for screen recorder [Arne Coucheron]
9f2e27d core: jni: use -O3 [Simao Gomes Viana]

* packages/apps/Launcher3
9eb17fb Launcher3: Move priv-app perms to TARGET_OUT_SYSTEM_EXT_ETC [doc HD]
e368eab Launcher3: Add READ_FRAME_BUFFER permission [Pranav Vashi]
a3be479 Launcher3: Add needed priv app permissions [doc HD]
1103972 Increase all apps top padding to avoid visual glitch in recents [DennySPB]
26c80de Launcher3: fix dark primary folder bg color [maxwen]
19e6d96 Launcher3: add dark primary support [maxwen]
ccb0e5d Launcher3: Add theme override option in Themes getActivityThemeRes [Amir Zaidi]
ae60402 Launcher3: Use app opening animation for notification opening [Amir Zaidi]
f3a7807 Launcher3: Can't search out local app by Chinese [yingrenw]
4b59927 Launcher3: Use system fonts [Pranav Vashi]
c5a673a CandyLauncher: exclude from recents [cretin45]
ff7f822 CandyLauncher: google feed integration [Anay Wadhera]
2e007f5 Create Candy Launcher [Chris Crump]
7e2389f Launcher3: Fix launcher preview rendering [Danny Lin]
445eab9 Launcher3: Bump min SDK to 26 as required for adaptive icons [Bruno Martins]
11dc1dd Add missing default workspace changes in LauncherFiles [Michael Bestas]
f2b18ba Launcher3: Add extra privapp permissions xml [Michael Bestas]
7f93462 Launcher3: Allow enabling icon labels for landscape mode [LuK1337]
c39e7b8 Launcher3: allow disabling workspace edit [Joey]
ff1f795 Launcher3: add toggle for desktop and drawer labels [Joey]
6112669 Don't discard custom grid on config changes [LuK1337]
4994a4a Specify the component name to start the picker [Luca Stefani]
a380bbc Specify the wallpaper picker package [Luca Stefani]
7851ba9 L3: Add 5x6, 5x7 and 6x6 default workspaces [dwardo]
f40afb3 Replace 4x4 grid option with a 4x5 one [Arne Coucheron]
5fb30f4 L3: Update default workspace [Bruno Martins]
b6232a8 Launcher3: No Calendarwidget 4x4 widget displayed [ningl]
4d04869 l3: disable qsb [kazerine]
550785e Launcher3: move clear all button to actions view [Vachounet]
83cfe7e Change icon drawable padding [Arne Coucheron]
a582e44 DeviceProfile: fix divide by zero [Alexander Martinz]
180e77d Workspace: Allow resizing any widget [Nebojsa Cvetkovic]
74c4c32 Launcher3: Stability NullPointer issue [yingrenw]
feff1b9 Launcher3: Globally disable debug logging [Bruno Martins]
d16c144 Properly expose GridOptionsProvider [Luca Stefani]
7a2bfc7 L3: disable blur [kazerine]
f852d71 launcher3: disable gradient [kazerine]

* packages/apps/Settings
01b7814  Remove the About phone avatar [BoredOutOfMyGit]
677e6ae  Settings: Add About Phone Candy lottie animation [miju12]
304893e Enable and set the default account provider. [jhenrique09]
b1f53d8 Settings: add icons to submenus [rohan]
2fd7c5f Settings: move app compatibility preference to apps and notifications [rohan]
101f429 Settings: update lottie animations [rohan]
6ea13b0 Settings: update some lottie animations [rohan]
972f0f8 Settings: Lottie Animations [rohan]
7995ca2 Settings: import airbnb-lottie [rohan]
287c9eb AmbientDisplay: Add custom pref for devices with custom doze packages [jhenrique09]
12202d2 Settings: deviceinfo: Move imei information to Sim status [Chris]
8239c9e Fix mvno data field summary not update issue [Wei Huang]
3e27929 Fix NPE if default supervisor is not defined [Wang Han]
2c16b59 hardwareinfo: Hide hardware revision if empty [Arian]

* packages/apps/Settings/CandyShop
ac44c09 Implement Aggressive Battery [2/2] [frap129]
a16dbef  LockscreenCharging: squashed (3/3) based on: [1/2] Settings: show more battery info on lockscreen when charging by yank555-lu [xyyx]
553032c Add three-fingers-swipe to screenshot [2/2] [kdp162]
5b8c7ad  candyshop: QS tile title visibility [2/2] [ezio84]
15e9cc9 candyshop: Add QS columns/rows options [ezio84]
24c0017 candyshop: Losckreen media art [2/2] [ezio84]
c7652e7 NetworkTraffic: Add Option for Users to select size of Single Traffic (Up/Down) Font Size [2/2] [SuperDroidBond]
d88b57b Add Network Traffic Layout [2/2] [AnkitGourav]
021ac40 NetworkTraffic: Add Combined & Dynamic Mode [2/2] [AnkitGourav]
b7663f6 Add network traffic type [2/2] [Jon Haus]
0379b15  NetworkTraffic positioning: Adapt to new settings flags [spezi77]
1c728c3  Network traffic location [2/2] [SKULSHADY]
e071d07  Hide arrows in Network Traffic indicators [2/2] [nico60]
1b4f0b7  Status network traffic [2/2] [ezio84]
8635236 Allow hiding notification headers [2/2] [idoybh]

* system/update_engine
962d275 Pixels: Add Candy ASCII art while flashing. [spezi77]
13684fb Boost update_attempter thread priority [Harsh Shandilya]
e2ab8f5 Ignore timestamp check in DeltaPerformer [Surge Raval]
0a412ac Report more info in sideload UI [Surge Raval]
cd4e9a1 Add sideload UI and split reporting into thirds [Surge Raval]

* vendor/candy
04b463b use aosp themepicker and squash of https://github.com/LineageOS/android_vendor_lineage/commits/lineage-18.1/overlay/common/packages/apps/ThemePicker/res/values/override.xml [miju12]
3a7617a Add initial stub apk for themes [luca020400]
a18e438 Merge "overlays: Add some Launcher3 stuff" into c11 [Dan Cartier]

🍬 09-Mar-2021 🍬

🍬 08-Mar-2021 🍬

* vendor/candy
f120f4f overlays: Add some Launcher3 stuff [NoSpamDan]
07418ad packages: Drop Launcher3QuickStep [NoSpamDan]
660878e vendor: Start adding back some product and system_ext privapp permissions [NoSpamDan]

🍬 07-Mar-2021 🍬

* packages/apps/Launcher3
e160e6b Merge tag android-11.0.0_r32 [miju12]

🍬 06-Mar-2021 🍬

* bionic
53420fc Merge tag 'android-11.0.0_r32' of https://android.googlesource.com/platform/bionic into HEAD [miju12]

* bootable/recovery
e1ee99c Merge tag 'android-11.0.0_r32' of https://android.googlesource.com/platform/bootable/recovery into HEAD [miju12]

* build/make
159a57e kill QuickSearchBox WITH FIRE [miju12]

* build/soong
b4928cf Merge tag 'android-11.0.0_r32' of https://android.googlesource.com/platform/build/soong into HEAD [miju12]

* development
8223c66 Merge tag 'android-11.0.0_r32' of https://android.googlesource.com/platform/development into HEAD [miju12]

* device/xiaomi/violet
6ea55ca Boost earpiece volume output [Aftab Ashrafi]
f516315 violet: VioletParts: Implement Clear Speaker [Jyotiraditya]
0da5ba9 [3/3] violet: rootdir: Adapt to newer UCLAMP support [Panchajanya1999]
3a72136 [2/3] violet: powerhint: Schedtune cleanup to adapt UCLAMP [Panchajanya1999]
1618351 [1/3] violet: init: Schedtune cleanup to adapt UCLAMP [Panchajanya1999]

* frameworks/av
0165ad0 Merge tag 'android-11.0.0_r32' of https://android.googlesource.com/platform/frameworks/av into HEAD [miju12]

* frameworks/base
2833cb7 Merge tag 'android-11.0.0_r32' of https://android.googlesource.com/platform/frameworks/base into HEAD [miju12]

* frameworks/native
508242c Merge tag 'android-11.0.0_r32' of https://android.googlesource.com/platform/frameworks/native into HEAD [miju12]

* frameworks/opt/telephony
355dea4 Merge tag 'android-11.0.0_r32' of https://android.googlesource.com/platform/frameworks/opt/telephony into HEAD [miju12]

* hardware/interfaces
7ce3f06 Merge tag 'android-11.0.0_r32' of https://android.googlesource.com/platform/hardware/interfaces into HEAD [miju12]

* packages/apps/ThemePicker
97da613 Merge tag 'android-11.0.0_r32' of https://android.googlesource.com/platform/packages/apps/ThemePicker into HEAD [miju12]

* packages/apps/WallpaperPicker2
53c188d Merge tag 'android-11.0.0_r32' of https://android.googlesource.com/platform/packages/apps/WallpaperPicker2 into HEAD [miju12]

* packages/services/Telecomm
fae0060 Merge tag 'android-11.0.0_r32' of https://android.googlesource.com/platform/packages/services/Telecomm into HEAD [miju12]

* system/core
66ce78e Merge tag 'android-11.0.0_r32' [Kevin F. Haggerty]

* system/sepolicy
409709e Merge tag 'android-11.0.0_r32' of https://android.googlesource.com/platform/system/sepolicy into HEAD [miju12]

* system/update_engine
7920581 Merge tag 'android-11.0.0_r32' of https://android.googlesource.com/platform/system/update_engine into HEAD [miju12]

* system/vold
748ecf7 Merge tag 'android-11.0.0_r32' into staging/lineage-18.1_merge-android-11.0.0_r32 [Kevin F. Haggerty]

🍬 05-Mar-2021 🍬

* device/xiaomi/violet
04ecf8b :fingerprint update to march [miju12]
e2ba25e violet: vendor-common: Add QTI health implementation [Subbaraman Narayanamurthy]
a9a9990 violet: Up-rev Health hal from 2.0 to 2.1. [P.Adarsh Reddy]
a5ada5e violet: Remove health hal 2.0 manifest entry. [P.Adarsh Reddy]

* vendor/candy
b126d26 candy: More checks for copying AB backuptool scripts [Alessandro Astone]

🍬 04-Mar-2021 🍬

* packages/apps/Settings
4e60e6b Merge tag android-11.0.0_r32 [miju12]
fb5b657 Merge "Add Dual Channel into Bluetooth Audio Channel Mode developer options menu" into c11 [Mourya Baruah]

* vendor/candy
bbcbc03 config: Add Launcher3 to PRODUCT_DEXPREOPT_SPEED_APPS [Bruno Martins]
a5e09a7 config: Add SysUI to PRODUCT_DEXPREOPT_SPEED_APPS [Wei Wang]

* vendor/nxp/opensource/pn5xx/halimpl
b5a5253 A stack OOB write vuln of nxp nfc hal library [Alisher Alikhodjaev]

* vendor/qcom/opensource/commonsys/packages/apps/Bluetooth
2592b10 Prevent drawing on top of Bluetooth activities [Jakub Pawlowski]

🍬 03-Mar-2021 🍬

* device/xiaomi/violet
5a15a11 violet: wifi: Disable WLAN Firmware loggings [Panchajanya1999]
a36ee35 violet: wifi: Enable QPower and Deep sleep at the same time. [Alex Naidis]
e21d4e7 violet: init: Do not collect I/O statistics on runtime [Panchajanya1999]

🍬 02-Mar-2021 🍬

* device/xiaomi/violet
74ef3f1 violet: Don't allow updatable apex [baalajimaestro]

* frameworks/opt/telephony
c171832 Truncate baseband version string to 45 characters at most [Yujing Gu]

* packages/apps/Bluetooth
4953e5b Merge tag 'android-11.0.0_r32' into staging/lineage-18.1_merge-android-11.0.0_r32 [Kevin F. Haggerty]

* packages/apps/Nfc
71a38be Merge tag 'android-11.0.0_r32' into staging/lineage-18.1_merge-android-11.0.0_r32 [Kevin F. Haggerty]

* system/bt
464b040 Merge tag 'android-11.0.0_r32' into staging/lineage-18.1_merge-android-11.0.0_r32 [Kevin F. Haggerty]

* vendor/qcom/opensource/commonsys/system/bt
3a0ad0d SDP: Only start discovery once [Myles Watson]

🍬 01-Mar-2021 🍬

* candy
d5fe496 Merge "candy: Track frameworks/opt/telephony" into c11 [Dan Cartier]
a4a081e candy: Track frameworks/opt/telephony [NoSpamDan]
831f618 Merge "Track healthd-ext from lineage" into c11 [Dan Cartier]

* frameworks/base
3224e57 audio: Discard QTI only codecs when AOSP BT stack is in use [LuK1337]
fa103a4 Allow SBC as HD audio codec in Bluetooth device configuration [ValdikSS]
7d00d0e Add Dual Channel into Bluetooth Audio Channel Mode developer options menu [ValdikSS]
aad5365 Add CHANNEL_MODE_DUAL_CHANNEL constant [ValdikSS]
95d89bf Merge "overlay: Target pixel launcher/pixel themes" into c11 [Dan Cartier]

* packages/apps/Settings
78afc62 Merge changes from topic "settings" into c11 [Dan Cartier]

* vendor/candy
164255f Revert "Use Pixel launcher as default and fix FC" [NoSpamDan]
4bfa21e packages: Move Pixel Wallpapers up and unconditionally build Launcher3QuickStep [NoSpamDan]
6e70e53 candy: use PIxelThemesStub for styles [Luca Stefani]
5c4ddd3 vendor: build new wallpaperpicker [aswin7469]
c0c1850 Merge "soong: Add TARGET_LEGACY_HW_DISK_ENCRYPTION conditional" into c11 [Dan Cartier]
4c9efbd colors: Drop TPUT color defs [NoSpamDan]
5ae150d Merge changes Ie8211a60,Id690c4e0 into c11 [Dan Cartier]

🍬 28-Feb-2021 🍬

* candy
e1c3930 candy: Track our own Laucner3, ThemePicker and WallpaperPicker2 [NoSpamDan]

* device/xiaomi/violet
853917e violet: Add translation of Chinese Simplified for XiaomiDoze. [Jason Zhao]
88aeeda violet:add XiaomiDoze [rcstar6696]
717a174 violet: powerhint: Clean up & align with sunfish [Shubham Das]
e6c6ab8 VioletParts: Add bass booster preset for MiSound [ghostrider-reborn]
2817760 violet: qcom: Set schedtune boost to 8 [Panchajanya1999]
c29ac8c violet: BoardConfig: Set CPU variant to Cortex-a55 [Panchajanya1999]
c336942 violet: BoardConfig: Set target arch variant "armv8-2a" [Panchajanya1999]
20f0b35 violet: audio: set in_voice_rec_headset_mic [sreekfreak995]
7dbd3f6 violet: audio: Fix mic issues in apps like WhatsApp [Akash]
0f5ec12 violet: Speed profile services and wifi-service to reduce RAM and storage [Mathieu Chartier]
c22c66f violet: Always preopt extracted APKs [Mathieu Chartier]
031e2db violet: Bring back aux camera restriction [Nipin NA]
bf34f62 violet: wifi: Enable 2.4GHz channel bonding [Demon000]
033e096 violet: compile hwui for better performance [thp1997]
d06b16f violet: Add headphone jack keylayout [revanth-24]
a469505 violet: Use H264 encoder on screenrecorder [adi153]
50552c9 violet: Force triple frame buffers [kerneltoast]
ccf5414 violet: Enable blurs, under dev-option [Joey Huab]
d4c56e6 violet: use zram writeback same as pixels [dev-harsh1998]

* packages/apps/Bluetooth
8e8a27e Automatic translation import [Michael Bestas]

* packages/apps/Nfc
b96085d Automatic translation import [Michael Bestas]

* packages/apps/Settings
56b48b0 Add Dual Channel into Bluetooth Audio Channel Mode developer options menu [ValdikSS]

* packages/apps/Updater
1952a93 push-update: Detect adb root status [Tom Marshall]
be59ce7 Updater: Retrieve recovery update setting using the prop itself [Alessandro Astone]
76f8f1f Updater: Add setting for updating recovery [Bruno Martins]
f01e793 UpdatesActivity: only set performance mode on A/B devices [Alexander Martinz]
1ecf1c8 UpdatesDbHelper: Move identical code into helper method [Pavel Salomatov]
2892110 Updater: Sign with platform key [LuK1337]

* system/vold
d023c4b cryptfs: Fix legacy QCOM HW FDE encryption [chrmhoffmann]

* vendor/candy
b19ef47 version: Update to 11.0 from 11-beta [NoSpamDan]
63ff8f1 changelog: More cleanup [NoSpamDan]
c8201d5 config: Add conversation notification allowlist for older apps [kdrag0n]
10ff496 Enable the people notifications section. [Sourajit Karmakar]

* vendor/qcom/opensource/fm-commonsys
bfbc875 Automatic translation import [Michael Bestas]

🍬 27-Feb-2021 🍬

* bootable/recovery
25da6ff recovery: Make recovery usable on user builds [Christian Oder]
c4e7efe updater: Don't fail when trying to run set_metadata [jhenrique09]

* candy
fc5196c Track healthd-ext from lineage [miju12]

* frameworks/base
74defd7 MountService: ensure VolumeRecord with UUID exists before modifying [Scott Mertz]
e37bc8a Settings:Bugfix for NPE, Only valid screen power consumption need to smear [Libo Jin]
eb79567 Prevent NPE due to unchecked r.uid [Jens Gulin]
b3dca72 Crash occured due to null pointer exception. [Niraj kumar Mishra]
d6feaaa Clear all lingering notifications when network is disconnected [lucaslin]
ad4b62d frameworks: Fix null pointer Issue [mqi]
6eba857 view: add null check for dispatch touch view [jianzhou]
0430328 PMS and WMS deadlock when uninstalling APP [Zhuying Li]
fe127b0 os: Process: Fix wrong code in isThreadInProcess [leo zhang]
cbd9d7e The surface hang up when screen on and screen off [Guo Li]
c167caa Allow APK signature scheme v1 for API 30+ apps [Danny Lin]
693c5a5 config: Don't use all-caps text for buttons [Danny Lin]
ece1dc9 config: Downscale task snapshots to 80% [Danny Lin]
24ba44a Fix other lights when backlight uses SurfaceController API [Pierre-Hugues Husson]
8affe2e base: Enable burn-in protection by default [Adhitya Mohan]
8788dbd AutoFillUI: Don't show a "null" toast [Ido Ben-Hur]
740a841 Fix screenshot not showing in power menu after r15 merge [SagarMakhar]
befd57b AndroidManifest: add a permission group for signature spoofing [Vachounet]
ac33f3f base: Add permission to allow an APK to fake a signature. [Bernhard Rosenkränzer]
e8b36ee overlay: Target pixel launcher/pixel themes [Dyneteve]

* packages/apps/Settings
92764f5 Settings: Hide carrier settings version if empty [Wang Han]
388d39d BasebandVersionPreferenceController: Trim baseband if needed [Bruno Martins]
eddaa5c DisplaySettings: font size in 5% steps from 80% to 130% [Jean-Pierre Rasquin]
08e04c8 Settings: Set preference controller for all VideoPreference widget usages [LuK1337]
6dd171e Settings: update illustrations from RD1A.201105.003.A1 [Aswin A S]
2ca7b16 Settings: Add animation for global action preference [Mesquita]
898db31 Set highest priority as default value to Bluetooth codec [timhypeng]
96b31d7 Settings: Add drawable for Private DNS [Stallix]
0820cf7 fingerprint: Remove unnecessary spacing in enroll layout [LuK1337]
cb7606d Suggestion cards: align them to searchbar [Dil3mm4]
43c463e Settings: Add all gesture preview animations [mydongistiny]
4215b87 Settings: Add animations on some preferences [jhenrique09]
3267aaa Settings: Fix icon tinting in power detail pages [maxwen]
ad01b77 Settings: Address a memory leak [dragonGR]
a88f891 Settings: fix hardcoded black text in storage summary [maxwen]
1643986 Settings: display fstype for mounted volumes [maxwen]
c3ffb80 Settings: Fix dismissal card bg color [jhenrique09]
1ebcb6d Settings: Fix the failing strings [Michael Bestas]
b95be62 Settings: Use correct icon for ring volume [Michael Bestas]
a87443f Settings: pixelize settings more [jhenrique09]
2705047 Port "Battery Usage Alerts" feature from factory images [ezio84]
59698c4 Disable more useless classes [ezio84]
a968ab4 Settings: Import Adaptive Battery translations from crosshatch [jhenrique09]
3f61089 FeatureFactoryImpl: update PowerUsageFeatureProviderGoogleImpl for R [rohan]
d8087b7 FeatureFactoryImpl: Import PowerUsageFeatureProviderGoogleImpl [jhenrique09]
2b6096c FeatureFactoryImpl: Update ApplicationFeatureProviderGoogleImpl for R [rohan]
6ce4337 FeatureFactoryImpl: Implement ApplicationFeatureProviderGoogleImpl [jhenrique09]
51f2754 FeatureFactoryImpl: Implement SuggestionFeatureProvider [jhenrique09]
2dec58e FeatureFactoryImpl: Implement SearchFeatureProviderGoogleImpl [jhenrique09]
1473337 FeatureFactoryImpl: Implement AccountFeatureProviderGoogleImpl [jhenrique09]
a9f92b5 Settings: Initial implementation of FeatureFactoryImpl from Pixel [jhenrique09]
e8ca7ff Developer options: Remove system heap dump preference [Alex Cruz]
14e3978 Settings: Improve OverlayCategoryPreferenceController for icon packs [Adithya R]
a9ac7f0 Settings: Add primary color picker from Styles & Wallpapers [pimpmaneaton]
89be3a8 Settings: move dark theme under theming category [Adithya R]
a2156a9 Settings: add support for changing icon pack [Adithya R]
380b6a8 Settings: add back theming from dev settings into display settings [Adithya R]
66461f4 Improve the performance of displaying preference - multithread. [Zoey Chen]
990181f Remove "storage type" preference from Settings [joffenberg]
963e0ad Fix resultCodes from WifiPickerActivity [inthewaves]

* packages/apps/ThemePicker
32c72f6 ThemePicker: Match various backgrounds to device theme [Filippo]
43f1745 ThemePicker: Grant missing wallpaper permissions [Danny Lin]
d151197 ThemePicker: Use more descriptive icon pack names [Danny Lin]
1fdbc4c ThemePicker: Fix ugly black/transparent bar under nav area [LuK1337]
38a798e Fix preview tile in grid option picker [Marc K]
4c11655 ThemePicker: Show item name under the category name [El Dainosor]
1963647 ThemePicker: Enable vertical scrollbar for options container [LuK1337]
4aebd2e ThemePicker: limit number of icon previews shown [Demon000]
4011d2e Specify we read and write launcher settings [Luca Stefani]
ac09df4 Add wallpaper default permissions [LuK1337]
c2ecb10 Add wallpaper privapp whitelist [Luca Stefani]

* packages/apps/Updater
18db387 sepolicy: Address more denials for updater app [saikiran2001]
df03a92 push-script: Update cut commands for ROM name change [NoSpamDan]

* packages/apps/WallpaperPicker2
3da16c4 WallpaperPicker2: Declare usage of missing permissions [Danny Lin]
013c853 WallpaperPicker2: Match backgrounds to device theme [Filippo]
dc2380d WallpaperPicker2: match bottom bar color to primary dark color [Anay Wadhera]

* vendor/candy
b7afe05 soong: Add TARGET_LEGACY_HW_DISK_ENCRYPTION conditional [Nolen Johnson]

🍬 26-Feb-2021 🍬

* bootable/recovery
7c4967d recovery: Modify for Candy version changes [NoSpamDan]

* device/candy/sepolicy
d31d1df common: Fix private app context for Candy Updater [NoSpamDan]

* system/sepolicy
ccf3290 Allow Settings to read SELinux status [maxwen]

* vendor/qcom/opensource/cryptfs_hw
aaa8a78 cryptfs_hw: Choose keymaster version for key signing [Neeraj Soni]

🍬 25-Feb-2021 🍬

* candy
5ea7777 candy: Add back our Updater app [NoSpamDan]
02c4b7c candy: Track our own system_update_engine [NoSpamDan]

* frameworks/base
10be4de UpdateEngine: Add perf mode binder interface [Luca Stefani]
25585a7 Skip screen on animation when wake and unlock via biometrics [Jesse Chan]
53db5e6 Check UID's process state before restricting its network. [xiamengsen]
c904acf Pad ime_switcher same as navbar buttons [codingkerensa]
9225a82 Sharesheet: Set max ranked items to 8 [LuK1337]
186051e Use the try catch to deal with the StaleDataException. [guofei.xue]
be5dfbd When the mUri is null,it will happen NullPointerException. [guofei.xue]
1921e4b Ringtone uri should add type query [wan.li]
59447f4 fingerprint: handle PerformanceStats NULL pointers [Ícaro Hoff]
a626c4f Squashed import of adb root patches [LuK1337]
fe748f9 SystemUIGoogle port: don't override aosp scrim controller [ezio84]
8ed8cc9 SystemUI: Implement live wallpapers changes from redfin 11 [jhenrique09]
f336fb5 SystemUI: Implement EnhancedEstimatesGoogleImpl from redfin 11 [jhenrique09]
62baee6 SystemUI: Implement Smart space from redfin 11 [jhenrique09]
a0c4b82 Sync StatusBarGoogle with out StatusBar [ezio84]
2b4e419 Initial import of SystemUIGoogle [jhenrique09]
a16cda4 base: Grant storage permissions to Google Markup [DennySPB]
91aea90 base: Grant suspend permission to Wellbeing [Surge Raval]
24cd339 base: Grant storage permission to ThemePicker [Anushek Prasal]
c171ba2 Fix Google dialer FC due to missing permissions [Alex Cruz]
e5739f6 Allow chromium to sign in [spaceman860]
4846dfb Fix Google Calendar FC [Josh Chasky]
0d1e0b7 base: correct package names for Launcher/ThemePicker overlays [Anay Wadhera]
49232a0 base: media_seekbar: make it sexy [vladrevers]
8bf403e Fix Android 7.0 GApps permisions which were causing F/C [Alex Naidis]
e33b12c ActivityManagerService: dont be so hectic on cpu battery stats [Simao Gomes Viana]
7adde1e Enable Binder Proxy Tracking by Uid only on eng builds [dianlujitao]
3fb19bf SystemUI: Add support for persistent usb drive notification. [Adnan Begovic]
db6127a SystemUI: Allow snoozing SD card notification unconditionally [LuK1337]
e0fbc59 Fix bug Device that can't support adoptable storage cannot read the sdcard. [sangho.yoon]
6d5b4f8 Delay blanking of displays to improve performance [Hampus Wessman]
2390f28 CandyUtils: Add isAppInstalled [maxwen]
b7354a1 CandyUtils: Add isAvailableApp method [maxwen]
e6125ff Ask pin when tapping on Airplane/Cellular tiles if secured [ezio84]
cff4690 SystemUI: use DOUBLE_TAP_TO_WAKE setting also for wake from aod [maxwen]
a0e89fe Add colors to assistant animation [paphonb]
10260a398 SystemUI: Prevent loop with display timeout [Sam Mortimer]
4fbc358 Check for null callerPackage in getStorageEncryptionStatus [Ethan Chen]
b79c354 Screenshot: Add delete action chip intent [ganeshi4u]
b920b21 SystemUI: Fix WiFi icon in inactive state on icon packs [rajadeja]
ce6c478 SystemUI: Use AOSP bluetooth icon when showing battery level [Kshitij Gupta]
719caa4 SystemUI: Update Bluetooth battery level assets. [Hernán Castañón Álvarez]
dc5a2c0 SystemUI: Add more bluetooth device filters [maxwen]
82aefd6 Add improvments to statusbar Bluetooth battery level [ezio84]
518d48d SystemUI: Show bluetooth battery level when available [LuK1337]
cb8ff71 Fix WebView vulnerability by disallowing file access [Chen Xu]
259a4ab Fix color mismatch of pointers [xuejianbao]
6fd2b43 Fix CDM.requestNotificationAccess() in profile. [Oasis Feng]
1836f53 aapt2: silence positional arguments warnings [Park Ju Hyung]
8e85004 FingerprintManager: return "Try again" by default [Park Ju Hyung]
0e08686 Apply JNI optimizations to HwParcel [Daniel Colascione]
f03e85d storage: Set all sdcards to visible [Andreas Schneider]
e708f1b SystemUI: add caffeine qs tile [Keith Mok]
930e78c SystemUI: Tiny expanding improvement [BigBrother1984]
cef06c7 ViewConfiguration: Set scroll friction to 0.012 [Alex Naidis]
c3f4369 AppStandbyController: Only check user standby setting [Joe Maples]
2d0dcef SystemUI: add more notification snooze times [Chris]
53caf34 Allow adjusting screen density to smaller sizes. [Danny Baumann]
a47a0a1 aapt: Fix compiler warning (clobbered by longjmp) [Christopher R. Palmer]
e042e55 aapt: add check for untranslatable "string-array"s [Chirayu Desai]
37aa3af aapt: Use a std::map instead of a SortedVector [Christopher R. Palmer]
3f4d9bf Guard in short-circuit evaluations for stringSplit methods. [Mohammed Irfan]
46bf4d8 Camera: Don't throw exceptions when value pairs have spaces in them [Ricardo Cerqueira]
eeb1e47 audio: Don't play sound effects if stream is muted [Steve Kondik]
82c5ac7 NotificationManagerService: Disable channel warning toast by default [jhenrique09]
c70f876 keyguard: Actually kill Fancy Colon [Joe Maples]
1bdc94a Suppress FingerprintManager logspam [Harsh Shandilya]
3c74bb9 aapt: Speed up the style pruning [Christopher R. Palmer]
a596dc8 Speed up Orientation Listener [Chet Kener]
7895529 Disable statusbar time refresh when screen off [Jun Su]
332f232 SystemUI: Fix SystemUI Crash [mqi]
e74b086 display: Don't animate screen brightness when turning the screen on [Sultanxda]
8dc450d BluetoothAdapter: disable logspew [Alexander Martinz]
9743245 Reduce log verbosity: Don't spam logcat [fusionjack]
ec705fa PackageManager: Add configuration to specify vendor platform signatures [Ethan Chen]
2bd0cd9 fwb: Add vendor platform signature overlay [Ethan Chen]
c9e8bf8 Dynamically tell the user which vendor image is needed [beanstown106]
e14b5b5 Show a more descriptive message when vendor.img is out of date [beanstown106]
18d068a Add support for page theme color to WebView and WebChromeClient. [Danny Baumann]
8a5d662 Factor out preference-in-storage check to overridable method. [Danny Baumann]
860d4f6 Camera: Expose Aux camera to apps present in the whitelist [Sauhard Pande]
c40934b hwui: Fix HWUI_COMPILE_FOR_PERF for non-arm [Joe Maples]
5c548e4 SystemSensorManager: sensor block per-package [Simao Gomes Viana]
6f9892e SmoothSpinners: Makes the loading "spinner" animation smoother [Sar Castillo]
fde02e7 Improve scrolling cache [Pawit Pornkitprasan]
ec138d0 Status bar notification: Use Material icons for missed calls [XXMrHyde]
9965190 android.view: Speed things up!! [Mazda]
43e6524 PixelPropsUtils: Update redfin build fingerprint to February [Shubham Das]
a50b452 PixelPropsUtils: Set redfin build fingerprint [jhenrique09]
b75d5b2 PixelPropsUtils: Switch back to Pixel 5 props for all apps [jhenrique09]
234e58e PixelPropsUtils: Change props to crosshatch [jhenrique09]
b935c87 base: Force disable ambient music components [jhenrique09]
094024c PixelPropsUtils: bring back wallpaper collection [Chenyang Zhong]
dddaa02 PixelPropsUtils: Cleanup apps [jhenrique09]
8d4946e PixelPropsUtils: Don't set build type/build debug props [jhenrique09]
7346355 PixelPropsUtils: Override fingerprint for SettingsIntelligence [jhenrique09]
1354f27 Introduce PixelPropsUtils [jhenrique09]

* kernel/xiaomi/violet
4cf0bd3 Revert "mmc: Explicitly enable mmc card clocks before programing crypto key" [Aftab-111]
8ced996 violet-perf_defconfig:Enable NTFS support [Aftab-111]
76334f7 violet-perf_defconfig: Enable KCAL color control [Panchajanya1999]
b77f1b4 kcal: color control: upon config change force reprocessing [tbalden]
28c3603 drm/msm/sde: Introduce KCAL color control [Alesaiko]
42c29a9 proc: cmdline: Patch SafetyNet flags [Sultan Alsawaf]
3ae922ff drivers: fastchg: Force fast charge by default [Panchajanya1999]
857c51b drivers: misc: implement usb fast charge mode [engstk]
91668d7 Rebrand Kernel [Aftab-111]

* packages/apps/Settings
f62678e Network settings: always start expanded [ezio84]
cdb8b13 Bomb Settings suggestions with napalm - Episode R [ezio84]
a7d44ea Remove the Automatic ota check option [ezio84]

* packages/apps/Updater
cc7d5ec Updater: Updates for c11 [NoSpamDan]

* system/update_engine
c4bb12d Don't verify payload signatures in recovery [Alessandro Astone]
6a9d6f9 update_engine: Run backuptool only in debuggable builds [Luca Stefani]
e81d35b update_engine: Transition to backuptool domain [Luca Stefani]
d9b8316 update_engine: Run backuptool script before normal postinstall script [Dan Pasanen]
e403558 update_engine: Add performance mode [Gabriele M]

