===== CANDYROMS CHANGE LOG =====

🍬 26-Feb-2021 🍬

* device/candy/sepolicy
d31d1df common: Fix private app context for Candy Updater [NoSpamDan]

* frameworks/base
d56ef2b Disable overfling bounce [Danny Lin]
67f5ee9 LockscreenCharging: squashed (1/3) [xyyx]
24e672d MountService: ensure VolumeRecord with UUID exists before modifying [Scott Mertz]
81a128d Settings:Bugfix for NPE, Only valid screen power consumption need to smear [Libo Jin]
09f5f6e Prevent NPE due to unchecked r.uid [Jens Gulin]
767a93b Crash occured due to null pointer exception. [Niraj kumar Mishra]
1dac4df Clear all lingering notifications when network is disconnected [lucaslin]
4521e21 frameworks: Fix null pointer Issue [mqi]
b700d65 view: add null check for dispatch touch view [jianzhou]
b7c94a4 PMS and WMS deadlock when uninstalling APP [Zhuying Li]
60be83a os: Process: Fix wrong code in isThreadInProcess [leo zhang]
c89afbe The surface hang up when screen on and screen off [Guo Li]
4f55947 Allow APK signature scheme v1 for API 30+ apps [Danny Lin]
7cfa95c config: Don't use all-caps text for buttons [Danny Lin]
34d0d3b config: Downscale task snapshots to 80% [Danny Lin]
bfae856 config: Enable doze mode [Danny Lin]
40a2592 Fix other lights when backlight uses SurfaceController API [Pierre-Hugues Husson]
473b9d6 AutoFillUI: Don't show a "null" toast [Ido Ben-Hur]
7070fd1 Fix screenshot not showing in power menu after r15 merge [SagarMakhar]
34bf338 Lockscreen MediaArt: hide if media is not playing [ezio84]
e4ea373 AndroidManifest: add a permission group for signature spoofing [Vachounet]
81c2b87 base: Add permission to allow an APK to fake a signature. [Bernhard Rosenkränzer]
915bcd7 Add Network Traffic Layout [1/2] [AnkitGourav]
2adc358 NetworkTraffic: Set default font size of Single Traffic to 24dp. [Jayant-Deshmukh]
1311d9e0 [SQUASHED] Add Combined & Dynamic Network Traffic Mode [1/2] [AnkitGourav]
5b9807c NetworkTraffic: Set default font size of Single Traffic to 42dp. [spezi77]
4831184 NetworkTraffic: Fix Net Text Getting Cut at DPI Changes [SuperDroidBond]
631e1a2 NetworkTraffic: Allow user to choose positioning [1/2] [calebcabob]
fcb67c8 Bring back traffic indicator for Notch Devices !!! [Alex Cruz]
60772ac TrafficSB: Pass the animate bool [ganeshi4u]
098cf39 NetworkTraffic: Fix gravity [xyyx]
cce09fb Network Traffic: Add Option for Users to select size of Single Traffic (Up/Down) Font Size [SuperDroidBond]
20ca5db NetworkTraffic: Show arrows in statusbar [1/2] [Nico60]
1095c8a Option for Up, Down as well for Network Traffic [1/2] [ezio84]
7f60412 Add network traffic monitor properly to statusbar icons [SpiritCroc]
dc194ef Bring back traffic indicator for all! [Alex Cruz]
392ff7f QS tile titles visibility [1/2] [Alex Cruz]
b2d30c6 Allow to set QS panel columns and rows [1/2] [ezio84]
e025063 Settings.java: fix javadoc comment [Akhil Narang]
fcca0efb SystemUI: Allow to enable Lockscreen Media Art [1/2] [beanstown106]
e85ed99 base: Allow hiding notification headers [1/2] [Ido Ben-Hur]
5089b4a Revert "Add colors to assistant animation" [miju12]
55fd617 UpdateEngine: Add perf mode binder interface [Luca Stefani]

* packages/apps/Settings
67acf62 add missing utils [miju12]
c2fee2a Fix mvno data field summary not update issue [Wei Huang]
6070da9 Fix NPE if default supervisor is not defined [Wang Han]
c30ffff hardwareinfo: Hide hardware revision if empty [Arian]
440885b Setting: Reverse an incorrect check in AutoRestrictionPreferenceController [Han Wang]
98bc5f8 customseekbar: add method to set default values [ezio84]
2e19fa4 New CustomSeekBar: allow to translate "Default" value string [ezio84]
0159c28 New custom seekbar: more improvements [ezio84]
d086b0a New fresh look for CustomSeekbar [ezio84]
9750c39 CustomSeekBar: fix progressbar glitch with custom min-max values [ezio84]
d02a752 Fix seekbar attribute grabbing [dwitherell]
649ed1c Add CustomSeekBarPreference [d34d]
ebf5d73 SystemSettings: Add List and EditText Preferences [SpiritCroc]
2880579 Settings: add SystemSettingSwitchPreference [kazerine]
ecf9a16 Add CustomSettingsPreferenceFragment [Adin Kwok]
cd89035 Settings: Add SecureSettingsListPreference [Christian Oder]
ad4a820 Settings: Hide carrier settings version if empty [Wang Han]
b5937c1 BasebandVersionPreferenceController: Trim baseband if needed [Bruno Martins]
54f8a2d DisplaySettings: font size in 5% steps from 80% to 130% [Jean-Pierre Rasquin]
784c102 Settings: Set preference controller for all VideoPreference widget usages [LuK1337]
c2517fe Settings: update illustrations from RD1A.201105.003.A1 [Aswin A S]
0dde8f8 Settings: Add animation for global action preference [Mesquita]
78fddb7 Set highest priority as default value to Bluetooth codec [timhypeng]
3e9bc45 Settings: Add drawable for Private DNS [Stallix]
f2c5bcb Settings: add back QS media player toggle [2/2] [aswin7469]
eaee880 fingerprint: Remove unnecessary spacing in enroll layout [LuK1337]
73c2155 Suggestion cards: align them to searchbar [Dil3mm4]
b9601fb Settings: Add all gesture preview animations [mydongistiny]
e877765 Settings: Add animations on some preferences [jhenrique09]
974a67a Settings: Fix icon tinting in power detail pages [maxwen]
0a473c9 Settings: Address a memory leak [dragonGR]
41958ff Settings: fix hardcoded black text in storage summary [maxwen]
c3a0ea4 Settings: display fstype for mounted volumes [maxwen]
ff93734 Settings: Fix dismissal card bg color [jhenrique09]
72e28b8 Settings: Fix the failing strings [Michael Bestas]
86aa57a Settings: Use correct icon for ring volume [Michael Bestas]
76af0f4 Settings: pixelize settings more [jhenrique09]
d1e3408 Port "Battery Usage Alerts" feature from factory images [ezio84]
77b374b Disable more useless classes [ezio84]
f955996 Settings: Import Adaptive Battery translations from crosshatch [jhenrique09]
9821ccd FeatureFactoryImpl: update PowerUsageFeatureProviderGoogleImpl for R [rohan]
5c72336 FeatureFactoryImpl: Import PowerUsageFeatureProviderGoogleImpl [jhenrique09]
7e5874d FeatureFactoryImpl: Update ApplicationFeatureProviderGoogleImpl for R [rohan]
cf5352f FeatureFactoryImpl: Implement ApplicationFeatureProviderGoogleImpl [jhenrique09]
70aec29 FeatureFactoryImpl: Implement SuggestionFeatureProvider [jhenrique09]
a8138f2 FeatureFactoryImpl: Implement SearchFeatureProviderGoogleImpl [jhenrique09]
fae7642 FeatureFactoryImpl: Implement AccountFeatureProviderGoogleImpl [jhenrique09]
7d772ff Settings: Initial implementation of FeatureFactoryImpl from Pixel [jhenrique09]
042a568 Developer options: Remove system heap dump preference [Alex Cruz]
be281fc Settings: Improve OverlayCategoryPreferenceController for icon packs [Adithya R]
7830c4b Settings: Add primary color picker from Styles & Wallpapers [pimpmaneaton]
fcec4d3 Settings: move dark theme under theming category [Adithya R]
a96c7d5 Settings: add support for changing icon pack [Adithya R]
5eb0b6c Settings: add back theming from dev settings into display settings [Adithya R]
03a4822 Improve the performance of displaying preference - multithread. [Zoey Chen]
88ed75c Remove "storage type" preference from Settings [joffenberg]
b1de84c Fix resultCodes from WifiPickerActivity [inthewaves]

* packages/apps/Settings/CandyShop
58a21f2 sk [miju12]
fdd3220  LockscreenCharging: squashed (3/3) [xyyx]
c308c16 candyshop: Losckreen media art [2/2] [ezio84]
727c247 candyshop: QS tile title visibility [2/2] [ezio84]
6c68e53 candyshop: Add QS columns/rows options [ezio84]
dda37a9 NetworkTraffic: Add Option for Users to select size of Single Traffic (Up/Down) Font Size [2/2] [SuperDroidBond]
43aec59 Add Network Traffic Layout [2/2] [AnkitGourav]
a7f3834 NetworkTraffic: Add Combined & Dynamic Mode [2/2] [AnkitGourav]
868e68f Add network traffic type [2/2] [Jon Haus]
3145dbd  NetworkTraffic positioning: Adapt to new settings flags [spezi77]
ca708fb  Network traffic location [2/2] [SKULSHADY]
3d782d0  Hide arrows in Network Traffic indicators [2/2] [nico60]
df51c76  Status network traffic [2/2] [ezio84]
04bd4c1 Allow hiding notification headers [2/2] [idoybh]

* vendor/candy
f42bcf4 config: Add conversation notification allowlist for older apps [kdrag0n]
b2e59c7 Enable the people notifications section. [Sourajit Karmakar]

🍬 25-Feb-2021 🍬

* candy
5ea7777 candy: Add back our Updater app [NoSpamDan]
02c4b7c candy: Track our own system_update_engine [NoSpamDan]

* frameworks/base
25585a7 Skip screen on animation when wake and unlock via biometrics [Jesse Chan]
53db5e6 Check UID's process state before restricting its network. [xiamengsen]
c904acf Pad ime_switcher same as navbar buttons [codingkerensa]
9225a82 Sharesheet: Set max ranked items to 8 [LuK1337]
186051e Use the try catch to deal with the StaleDataException. [guofei.xue]
be5dfbd When the mUri is null,it will happen NullPointerException. [guofei.xue]
1921e4b Ringtone uri should add type query [wan.li]
59447f4 fingerprint: handle PerformanceStats NULL pointers [Ícaro Hoff]
a626c4f Squashed import of adb root patches [LuK1337]
fe748f9 SystemUIGoogle port: don't override aosp scrim controller [ezio84]
8ed8cc9 SystemUI: Implement live wallpapers changes from redfin 11 [jhenrique09]
f336fb5 SystemUI: Implement EnhancedEstimatesGoogleImpl from redfin 11 [jhenrique09]
62baee6 SystemUI: Implement Smart space from redfin 11 [jhenrique09]
a0c4b82 Sync StatusBarGoogle with out StatusBar [ezio84]
2b4e419 Initial import of SystemUIGoogle [jhenrique09]
a16cda4 base: Grant storage permissions to Google Markup [DennySPB]
91aea90 base: Grant suspend permission to Wellbeing [Surge Raval]
24cd339 base: Grant storage permission to ThemePicker [Anushek Prasal]
c171ba2 Fix Google dialer FC due to missing permissions [Alex Cruz]
e5739f6 Allow chromium to sign in [spaceman860]
4846dfb Fix Google Calendar FC [Josh Chasky]
0d1e0b7 base: correct package names for Launcher/ThemePicker overlays [Anay Wadhera]
49232a0 base: media_seekbar: make it sexy [vladrevers]
8bf403e Fix Android 7.0 GApps permisions which were causing F/C [Alex Naidis]
e33b12c ActivityManagerService: dont be so hectic on cpu battery stats [Simao Gomes Viana]
7adde1e Enable Binder Proxy Tracking by Uid only on eng builds [dianlujitao]
3fb19bf SystemUI: Add support for persistent usb drive notification. [Adnan Begovic]
db6127a SystemUI: Allow snoozing SD card notification unconditionally [LuK1337]
e0fbc59 Fix bug Device that can't support adoptable storage cannot read the sdcard. [sangho.yoon]
6d5b4f8 Delay blanking of displays to improve performance [Hampus Wessman]
2390f28 CandyUtils: Add isAppInstalled [maxwen]
b7354a1 CandyUtils: Add isAvailableApp method [maxwen]
e6125ff Ask pin when tapping on Airplane/Cellular tiles if secured [ezio84]
cff4690 SystemUI: use DOUBLE_TAP_TO_WAKE setting also for wake from aod [maxwen]
a0e89fe Add colors to assistant animation [paphonb]
10260a398 SystemUI: Prevent loop with display timeout [Sam Mortimer]
4fbc358 Check for null callerPackage in getStorageEncryptionStatus [Ethan Chen]
b79c354 Screenshot: Add delete action chip intent [ganeshi4u]
b920b21 SystemUI: Fix WiFi icon in inactive state on icon packs [rajadeja]
ce6c478 SystemUI: Use AOSP bluetooth icon when showing battery level [Kshitij Gupta]
719caa4 SystemUI: Update Bluetooth battery level assets. [Hernán Castañón Álvarez]
dc5a2c0 SystemUI: Add more bluetooth device filters [maxwen]
82aefd6 Add improvments to statusbar Bluetooth battery level [ezio84]
518d48d SystemUI: Show bluetooth battery level when available [LuK1337]
cb8ff71 Fix WebView vulnerability by disallowing file access [Chen Xu]
259a4ab Fix color mismatch of pointers [xuejianbao]
6fd2b43 Fix CDM.requestNotificationAccess() in profile. [Oasis Feng]
1836f53 aapt2: silence positional arguments warnings [Park Ju Hyung]
8e85004 FingerprintManager: return "Try again" by default [Park Ju Hyung]
0e08686 Apply JNI optimizations to HwParcel [Daniel Colascione]
f03e85d storage: Set all sdcards to visible [Andreas Schneider]
e708f1b SystemUI: add caffeine qs tile [Keith Mok]
930e78c SystemUI: Tiny expanding improvement [BigBrother1984]
cef06c7 ViewConfiguration: Set scroll friction to 0.012 [Alex Naidis]
c3f4369 AppStandbyController: Only check user standby setting [Joe Maples]
2d0dcef SystemUI: add more notification snooze times [Chris]
53caf34 Allow adjusting screen density to smaller sizes. [Danny Baumann]
a47a0a1 aapt: Fix compiler warning (clobbered by longjmp) [Christopher R. Palmer]
e042e55 aapt: add check for untranslatable "string-array"s [Chirayu Desai]
37aa3af aapt: Use a std::map instead of a SortedVector [Christopher R. Palmer]
3f4d9bf Guard in short-circuit evaluations for stringSplit methods. [Mohammed Irfan]
46bf4d8 Camera: Don't throw exceptions when value pairs have spaces in them [Ricardo Cerqueira]
eeb1e47 audio: Don't play sound effects if stream is muted [Steve Kondik]
82c5ac7 NotificationManagerService: Disable channel warning toast by default [jhenrique09]
c70f876 keyguard: Actually kill Fancy Colon [Joe Maples]
1bdc94a Suppress FingerprintManager logspam [Harsh Shandilya]
3c74bb9 aapt: Speed up the style pruning [Christopher R. Palmer]
a596dc8 Speed up Orientation Listener [Chet Kener]
7895529 Disable statusbar time refresh when screen off [Jun Su]
332f232 SystemUI: Fix SystemUI Crash [mqi]
e74b086 display: Don't animate screen brightness when turning the screen on [Sultanxda]
8dc450d BluetoothAdapter: disable logspew [Alexander Martinz]
9743245 Reduce log verbosity: Don't spam logcat [fusionjack]
ec705fa PackageManager: Add configuration to specify vendor platform signatures [Ethan Chen]
2bd0cd9 fwb: Add vendor platform signature overlay [Ethan Chen]
c9e8bf8 Dynamically tell the user which vendor image is needed [beanstown106]
e14b5b5 Show a more descriptive message when vendor.img is out of date [beanstown106]
18d068a Add support for page theme color to WebView and WebChromeClient. [Danny Baumann]
8a5d662 Factor out preference-in-storage check to overridable method. [Danny Baumann]
860d4f6 Camera: Expose Aux camera to apps present in the whitelist [Sauhard Pande]
c40934b hwui: Fix HWUI_COMPILE_FOR_PERF for non-arm [Joe Maples]
5c548e4 SystemSensorManager: sensor block per-package [Simao Gomes Viana]
6f9892e SmoothSpinners: Makes the loading "spinner" animation smoother [Sar Castillo]
fde02e7 Improve scrolling cache [Pawit Pornkitprasan]
ec138d0 Status bar notification: Use Material icons for missed calls [XXMrHyde]
9965190 android.view: Speed things up!! [Mazda]
43e6524 PixelPropsUtils: Update redfin build fingerprint to February [Shubham Das]
a50b452 PixelPropsUtils: Set redfin build fingerprint [jhenrique09]
b75d5b2 PixelPropsUtils: Switch back to Pixel 5 props for all apps [jhenrique09]
234e58e PixelPropsUtils: Change props to crosshatch [jhenrique09]
b935c87 base: Force disable ambient music components [jhenrique09]
094024c PixelPropsUtils: bring back wallpaper collection [Chenyang Zhong]
dddaa02 PixelPropsUtils: Cleanup apps [jhenrique09]
8d4946e PixelPropsUtils: Don't set build type/build debug props [jhenrique09]
7346355 PixelPropsUtils: Override fingerprint for SettingsIntelligence [jhenrique09]
1354f27 Introduce PixelPropsUtils [jhenrique09]

* packages/apps/Settings
a9d28ea Remove aosp battery percentage option [ezio84]
f62678e Network settings: always start expanded [ezio84]
cdb8b13 Bomb Settings suggestions with napalm - Episode R [ezio84]
a7d44ea Remove the Automatic ota check option [ezio84]

* packages/apps/Updater
cc7d5ec Updater: Updates for c11 [NoSpamDan]

* system/update_engine
c4bb12d Don't verify payload signatures in recovery [Alessandro Astone]
6a9d6f9 update_engine: Run backuptool only in debuggable builds [Luca Stefani]
e81d35b update_engine: Transition to backuptool domain [Luca Stefani]
d9b8316 update_engine: Run backuptool script before normal postinstall script [Dan Pasanen]
e403558 update_engine: Add performance mode [Gabriele M]

🍬 24-Feb-2021 🍬

* build/make
aa8638b Makefile: Updates and fixes [NoSpamDan]
60d21aa build: Add changelog in /out and CandyShop [1/3] [NoSpamDan]

* packages/apps/Bluetooth
b4615fd Assume optional codecs are supported if were supported previously [ValdikSS]
eef20ba SBC Dual Channel (SBC HD Audio) support [ValdikSS]

* packages/apps/Settings/CandyShop
f547fb0 Merge "CandyShop: Add back some drawables" into c11 [Dan Cartier]
23ca254 CandyShop: Add back some drawables [NoSpamDan]
633e1cd CandyShop: Add changelog in /out and CandyShop [3/3] [Dan Cartier]

* vendor/candy
3b78ebf vendor: Add changelog in /out and CandyShop [2/3] [NoSpamDan]

🍬 23-Feb-2021 🍬

🍬 22-Feb-2021 🍬

* frameworks/base
3e79f6a KeyStore: Block key attestation for Google Play Services [Danny Lin]
b22250b aapt: Default to 0 compression ratio [arter97]

* packages/apps/Settings/CandyShop
4b24816 main: Add and update the qs tab icon [Dan Cartier]
7fa5dfe CandyShop: Remove Navigation tab and add QuickSettings tab [kevin princiotta]

🍬 21-Feb-2021 🍬

* packages/apps/Settings
6795e79 Settings: Use preference category style from Pixel Settings [Danny Lin]
e64d516 Settings: Redesign PreferenceCategory [rohan]
b192d3d SearchBar: Add avatar to search bar [Alex]
ba17947 Settings: Pour in a little Candy... [NoSpamDan]
0d326bd Allow sorting Applications by size [Roman Royer]
0c7c511 Settings: disable all bugreport settings [maxwen]
298d3fe Settings: hide automatic system updates preference [maxwen]
093ccbf Settings: Show full proc/version information [xoomdev]
9ef8c29 Settings: add back selinux status in about [NoSpamDan]
1580a9a Add Candy version and build date to Settings [Chris Soyars]
63244c3 PowerUsageSummary: Remove advanced battery menu item [Harsh Shandilya]
0460932 Settings: PowerUsageSummary: open advanced usage on header click [Vachounet]

🍬 20-Feb-2021 🍬

* device/xiaomi/violet
d900ff4 violet: Add translation of Chinese Simplified for XiaomiDoze. [Jason Zhao]
533c5a5 violet:add XiaomiDoze [rcstar6696]
391c194 violet: powerhint: Clean up & align with sunfish [Shubham Das]
92bb5c0 VioletParts: Add bass booster preset for MiSound [ghostrider-reborn]
3aa7f2a violet: qcom: Set schedtune boost to 8 [Panchajanya1999]
0d6316a violet: BoardConfig: Set CPU variant to Cortex-a55 [Panchajanya1999]
03bd360 violet: BoardConfig: Set target arch variant "armv8-2a" [Panchajanya1999]
b4630f0 violet: audio: set in_voice_rec_headset_mic [sreekfreak995]
9c9350e violet: audio: Fix mic issues in apps like WhatsApp [Akash]
edfd1c2 violet: Speed profile services and wifi-service to reduce RAM and storage [Mathieu Chartier]
99ff639 violet: Always preopt extracted APKs [Mathieu Chartier]
28ad92f violet: Bring back aux camera restriction [Nipin NA]

* frameworks/base
39fc62e Grant BIND_WALLPAPER permission to prebuilt wp picker [ezio84]
f731c06 Update power menu icons [Alex Cruz]
7fa19de Ask pin for shutdown/reboot on secure lockscreen [DarkJoker360]
2e40796 PowerMenu advanced reboot toggle - Android 11 [ezio84]
9e5319d Package installer: show current and new version on apk installation [ezio84]

* packages/apps/Settings
3f1b89d flashlight: Fix mismerges from 4ba1a65836 [NoSpamDan]

🍬 19-Feb-2021 🍬

* build/make
8bae4fe tools: Fix mismerge in make_recovery_patch [NoSpamDan]
47a2541 tools: Remove duplicate checks in common.py [NoSpamDan]
0d10c39 build: get rid of the sparse expand stuff [Shareef Ali]
130067b Revert "Allow longer fingerprint" [NoSpamDan]

* device/xiaomi/violet
5b67c12 violet: wifi: Enable 2.4GHz channel bonding [Demon000]
612f3b8 violet: FIXUP! Use phase offsets as duration [Adithya R]
d48d23d violet: compile hwui for better performance [thp1997]
cc87191 violet: Add headphone jack keylayout [revanth-24]
f56d7aa  violet: Use phase offsets as duration [tangrobin]
d1c2b68 violet: Use H264 encoder on screenrecorder [adi153]
b95c003 violet: Force triple frame buffers [kerneltoast]
3ea2993 violet: Enable blurs, under dev-option [Joey Huab]
91df5e8 violet: use zram writeback same as pixels [dev-harsh1998]
67d2d74 violet: UI should be more smooth [kevin768]
c525b4b violet:  Turn on GPU protected composition [Dede Dindin Qudsy]
faf32ab violet: Disable VSync for CPU rendered apps Choreographer VSync has some performance impact for CPU rendered apps as the app has to wait for VSync to start a new frame draw. When the frame draw time exceeds one VSync, this has a direct impact on the FPS. "debug.cpurend.vsync" property controls the VSync for CPU rendered apps. [Hazari PraveenKumar]
b81c607 violet: Round system dialogs, buttons and progress bars [argraur]
2169edf violet: overlay: Pixelize settings more [jhenrique09]
22aea34 violet:overlay: Enable Wired/BT headset focus mode [neobuddy89]

* frameworks/base
6938582 Allow doubletap/longpress power to toggle torch -11- [1/2] [ezio84]
2ae7231 Add api to toggle flashlight and check if device has flashlight [ezio84]

* packages/apps/Settings
fe5eee9 Add package name to installed app details [Luca Stefani]
7577c10 values: Let's make this easier this time around... [NoSpamDan]
cc46c0f Settings: Show me more than 4 items in the menus! [Dan Cartier]
4ba1a65 Allow to doubletap or longpress power to toggle flashlight [2/2] [ezio84]

* vendor/candy
b2ba9bd Use Pixel launcher as default and fix FC [ezio84]
776e87b Merge changes from topic "wallet" into c11 [Dan Cartier]
875ad13 Build QuickAccessWallet for Wallet cards power menu integration [ezio84]
1c69a25 SystemUI: Whitelist QuickAccessWallet plugin [Danny Lin]
06f71cf prebuilt: Kill permisions with fire [NoSpamDan]
dd9616e version: Time for beta [NoSpamDan]

* vendor/xiaomi/violet
8d02061 Sync with Dt [Aftab-111]
d44b170 violet: Update blobs from davinci-user 11 RKQ1.200826.002 21.2.3 release-keys [Shubham Das]

🍬 18-Feb-2021 🍬

* build/make
7bed68d core: Disable vendor restrictions [Luca Stefani]

* build/soong
7b2bc20 androidmk: Restore code removed accidentally by revert 6f246e34 [NoSpamDan]

* candy
1b21912 ingredients: Track external/guice from LOS [NoSpamDan]

* development
fba0f8e privapp_permissions: Check product privapp_permissions [Christian Oder]
a1b9b98 Revert "privapp_permissions: Check product privapp_permissions" [NoSpamDan]

* device/candy/sepolicy
a5a7219 sepolicy: Rebase our device_candy_sepolicy [NoSpamDan]

* vendor/candy
3476950 build: Remove obsolete boot_flash_from_image tool [NoSpamDan]
5199918 init: Make encryption action an argument to mkdir [Paul Crowley]
cb11806 backuptool_ab: Make tmp actually tmpfs [Alessandro Astone]
c321be0 build: Relocate extract utils to tools/extract-utils [Michael Bestas]
8c9a590 qcom: Add bengal platform [TheMalachite]
e8e1759 vendor: Fix kernel build errors [Joker-V2]
0e67db1 vendor: Use $(HOST_PREBUILT_TAG) where possible [Bruno Martins]
9a092ab vendor: soong: Add back TARGET_USES_PREBUILT_DYNAMIC_PARTITIONS. [Alexander Koskovich]
5d1cab0 soong: TARGET_KERNEL_HEADERS -> TARGET_KERNEL_SOURCE [NoSpamDan]
568f020 common: Switch from product to device package overlays [NoSpamDan]
e943f49 kernel: Use full user defined path to ccache [Rashed Abdel-Tawab]
5da5988 Revert "Add BOARD_CUSTOM_BOOTIMG_MK support [2/2]" [NoSpamDan]
0b09cad Revert "make otapackage: switch to toybox md5sum" [NoSpamDan]
7655e52 Revert "vendor: Switch to Lawnchair" [NoSpamDan]
b373ae6 pathmap: remove duplicate include-path-for [Ethan Chen]

🍬 17-Feb-2021 🍬

🍬 16-Feb-2021 🍬

* bootable/recovery
6d02801 ui: Candify some recovery theme elements [NoSpamDan]
1015650 candy:Fix recovery header image [NoSpamDan]

* system/core
fd555d2 fastboot: Skip super partition update on devices with dynamic prebuilt images. [Alexander Koskovich]
e42bebe healthd: cover devices that have voltage_max file with value of 0 [maxwen]

🍬 15-Feb-2021 🍬

* system/core
c3db3d5 healthd: allow custom charger images [Scott Mertz]

🍬 14-Feb-2021 🍬

* device/candy/sepolicy
524e67c sepolicy: Drop Lineage Trust HAL [palaych]
566110b sepolicy: Drop Lineage LiveDisplay HAL [palaych]
1ec8ad9 touch: Add IKeySwapper context [Arian]
53ed86d sepolicy: recovery: fix neverallows [Alessandro]
d1d12f0 sepolicy: recovery: allow reading fbe key version [Alessandro]
9a6cf9e sepolicy: recovery: allow mounting of internal storage [Alessandro]
ce5035e sepolicy: recovery: allow mounting of usb storage [Alessandro Astone]
a3ab37f sepolicy: recovery: Allow volume manager write to /sys/*/uevent [Michael Bestas]
afb0a0a sepolicy: recovery: Add policy for /dev/block/volmgr [Michael Bestas]
ea2558c sepolicy: recovery: Fix the volume manager blkid.tab denial [Adrian DC]
069984f sepolicy: recovery: Allow reading proc_filesystems [Michael Bestas]
32c5e2c sepolicy: recovery: Add policy for volume manager [Alessandro Astone]
761644c Remove adb.network.port label [Bruno Martins]
95b9547 Revert "Label lineage.service.adb.root as system prop" [Bruno Martins]
ac791a9 arrow: Assign bash the same label as the default shell [Bruno Martins]
843eded sepolicy: allow adbroot service to change adb root status [Alessandro Astone]
1639051 Revert "common: Allow adbd to set a system_prop" [Alessandro Astone]
c9dc4e9 Move lineage framework service declarations to private [dianlujitao]
6478cda arrow: Introduce a new flag to exclude fuseblk sepolicy [theimpulson]
c579107 sepolicy: Nuke sdfat from genfs [Erfan Abdi]
f18d169 qcom: add msm8960, msm8998 and apq8084 into upstream list [surblazer]

🍬 13-Feb-2021 🍬

* build/make
d9f2241 Makefile: Remove duplicate BOARD_KERNEL_SEPARATED_DT checks [NoSpamDan]
c786f7b build: Add support for device tree in boot.img [David Ng]
ddd33f7 core: Use 'test-keys' only on eng build type [kubersharma001]

* candy
0f63ef6 ingredients: Track external_perfetto from LOS [NoSpamDan]

* frameworks/base
ae55be2 Merge changes from topic "Feb2021-asb" into c11 [Dan Cartier]

* hardware/interfaces
852bfcf wifi: Add provision to create/remove dynamic interface(s). [Purushottam Kushwaha]
839c4bf camera: Only link and use vendor.qti.hardware.camera.device if specified [Rashed Abdel-Tawab]
f08db45 Camed HAL extension: Added support in HIDL for Extended FD. [Sauhard Pande]
6f1a000 Revert "Make sure passthrough fails initialization if required interfaces can not be initialized." [LuK1337]

* kernel/xiaomi/violet
bd82efc Revert "Merge "fs: crypto: support IV_INO_LBLK_32 for legacy (V1) format"" [Aftab-111]
d7caf07 Revert "mmc: Explicitly enable mmc card clocks before programing crypto key" [Aftab-111]
01a81b0 Revert "mmc: Use mmc host pointed by command queue host" [Aftab-111]
b01abbd violet-perf_defconfig:Enable NTFS support [Aftab-111]
363b70c violet-perf_defconfig: Enable KCAL color control [Panchajanya1999]
981bbab kcal: color control: upon config change force reprocessing [tbalden]
67747ae drm/msm/sde: Introduce KCAL color control [Alesaiko]
076994c proc: cmdline: Patch SafetyNet flags [Sultan Alsawaf]
319e962 drivers: fastchg: Force fast charge by default [Panchajanya1999]
ce86b8a drivers: misc: implement usb fast charge mode [engstk]
0329ec6 Rebrand Kernel [Aftab-111]

* packages/apps/Settings
085708a Merge changes from topic "Feb2021-asb" into c11 [Dan Cartier]

